
output/main.elf:     file format elf32-avr

Sections:
Idx Name          Size      VMA       LMA       File off  Algn
  0 .data         00000038  00800100  00000d9e  00000e32  2**0
                  CONTENTS, ALLOC, LOAD, DATA
  1 .text         00000d9e  00000000  00000000  00000094  2**1
                  CONTENTS, ALLOC, LOAD, READONLY, CODE
  2 .bss          00000012  00800138  00800138  00000e6a  2**0
                  ALLOC
  3 .comment      00000030  00000000  00000000  00000e6a  2**0
                  CONTENTS, READONLY
  4 .note.gnu.avr.deviceinfo 00000040  00000000  00000000  00000e9c  2**2
                  CONTENTS, READONLY
  5 .debug_aranges 00000048  00000000  00000000  00000edc  2**0
                  CONTENTS, READONLY, DEBUGGING
  6 .debug_info   000013f7  00000000  00000000  00000f24  2**0
                  CONTENTS, READONLY, DEBUGGING
  7 .debug_abbrev 00000bb0  00000000  00000000  0000231b  2**0
                  CONTENTS, READONLY, DEBUGGING
  8 .debug_line   00000bc3  00000000  00000000  00002ecb  2**0
                  CONTENTS, READONLY, DEBUGGING
  9 .debug_frame  000002a8  00000000  00000000  00003a90  2**2
                  CONTENTS, READONLY, DEBUGGING
 10 .debug_str    000004f7  00000000  00000000  00003d38  2**0
                  CONTENTS, READONLY, DEBUGGING
 11 .debug_loc    00001273  00000000  00000000  0000422f  2**0
                  CONTENTS, READONLY, DEBUGGING
 12 .debug_ranges 000000d0  00000000  00000000  000054a2  2**0
                  CONTENTS, READONLY, DEBUGGING

Disassembly of section .text:

00000000 <__vectors>:
   0:	0c 94 34 00 	jmp	0x68	; 0x68 <__ctors_end>
   4:	0c 94 51 00 	jmp	0xa2	; 0xa2 <__bad_interrupt>
   8:	0c 94 51 00 	jmp	0xa2	; 0xa2 <__bad_interrupt>
   c:	0c 94 51 00 	jmp	0xa2	; 0xa2 <__bad_interrupt>
  10:	0c 94 51 00 	jmp	0xa2	; 0xa2 <__bad_interrupt>
  14:	0c 94 51 00 	jmp	0xa2	; 0xa2 <__bad_interrupt>
  18:	0c 94 51 00 	jmp	0xa2	; 0xa2 <__bad_interrupt>
  1c:	0c 94 51 00 	jmp	0xa2	; 0xa2 <__bad_interrupt>
  20:	0c 94 51 00 	jmp	0xa2	; 0xa2 <__bad_interrupt>
  24:	0c 94 51 00 	jmp	0xa2	; 0xa2 <__bad_interrupt>
  28:	0c 94 77 04 	jmp	0x8ee	; 0x8ee <__vector_10>
  2c:	0c 94 51 00 	jmp	0xa2	; 0xa2 <__bad_interrupt>
  30:	0c 94 51 00 	jmp	0xa2	; 0xa2 <__bad_interrupt>
  34:	0c 94 62 04 	jmp	0x8c4	; 0x8c4 <__vector_13>
  38:	0c 94 51 00 	jmp	0xa2	; 0xa2 <__bad_interrupt>
  3c:	0c 94 51 00 	jmp	0xa2	; 0xa2 <__bad_interrupt>
  40:	0c 94 51 00 	jmp	0xa2	; 0xa2 <__bad_interrupt>
  44:	0c 94 51 00 	jmp	0xa2	; 0xa2 <__bad_interrupt>
  48:	0c 94 51 00 	jmp	0xa2	; 0xa2 <__bad_interrupt>
  4c:	0c 94 51 00 	jmp	0xa2	; 0xa2 <__bad_interrupt>
  50:	0c 94 51 00 	jmp	0xa2	; 0xa2 <__bad_interrupt>
  54:	0c 94 51 00 	jmp	0xa2	; 0xa2 <__bad_interrupt>
  58:	0c 94 51 00 	jmp	0xa2	; 0xa2 <__bad_interrupt>
  5c:	0c 94 51 00 	jmp	0xa2	; 0xa2 <__bad_interrupt>
  60:	0c 94 51 00 	jmp	0xa2	; 0xa2 <__bad_interrupt>
  64:	0c 94 51 00 	jmp	0xa2	; 0xa2 <__bad_interrupt>

00000068 <__ctors_end>:
  68:	11 24       	eor	r1, r1
  6a:	1f be       	out	0x3f, r1	; 63
  6c:	cf ef       	ldi	r28, 0xFF	; 255
  6e:	d8 e0       	ldi	r29, 0x08	; 8
  70:	de bf       	out	0x3e, r29	; 62
  72:	cd bf       	out	0x3d, r28	; 61

00000074 <__do_copy_data>:
  74:	11 e0       	ldi	r17, 0x01	; 1
  76:	a0 e0       	ldi	r26, 0x00	; 0
  78:	b1 e0       	ldi	r27, 0x01	; 1
  7a:	ee e9       	ldi	r30, 0x9E	; 158
  7c:	fd e0       	ldi	r31, 0x0D	; 13
  7e:	02 c0       	rjmp	.+4      	; 0x84 <__do_copy_data+0x10>
  80:	05 90       	lpm	r0, Z+
  82:	0d 92       	st	X+, r0
  84:	a8 33       	cpi	r26, 0x38	; 56
  86:	b1 07       	cpc	r27, r17
  88:	d9 f7       	brne	.-10     	; 0x80 <__do_copy_data+0xc>

0000008a <__do_clear_bss>:
  8a:	21 e0       	ldi	r18, 0x01	; 1
  8c:	a8 e3       	ldi	r26, 0x38	; 56
  8e:	b1 e0       	ldi	r27, 0x01	; 1
  90:	01 c0       	rjmp	.+2      	; 0x94 <.do_clear_bss_start>

00000092 <.do_clear_bss_loop>:
  92:	1d 92       	st	X+, r1

00000094 <.do_clear_bss_start>:
  94:	aa 34       	cpi	r26, 0x4A	; 74
  96:	b2 07       	cpc	r27, r18
  98:	e1 f7       	brne	.-8      	; 0x92 <.do_clear_bss_loop>
  9a:	0e 94 a9 04 	call	0x952	; 0x952 <main>
  9e:	0c 94 cd 06 	jmp	0xd9a	; 0xd9a <_exit>

000000a2 <__bad_interrupt>:
  a2:	0c 94 00 00 	jmp	0	; 0x0 <__vectors>

000000a6 <avr_uart_putchar>:

	xdev_out(avr_uart_putchar);
}

void avr_uart_putchar(char c, FILE *stream) 
{
  a6:	cf 93       	push	r28
  a8:	c8 2f       	mov	r28, r24
    if (c == '\n') {
  aa:	8a 30       	cpi	r24, 0x0A	; 10
  ac:	19 f4       	brne	.+6      	; 0xb4 <avr_uart_putchar+0xe>
        avr_uart_putchar('\r', stream);
  ae:	8d e0       	ldi	r24, 0x0D	; 13
  b0:	0e 94 53 00 	call	0xa6	; 0xa6 <avr_uart_putchar>
    }
    loop_until_bit_is_set(UCSR0A, UDRE0);
  b4:	80 91 c0 00 	lds	r24, 0x00C0	; 0x8000c0 <__TEXT_REGION_LENGTH__+0x7f80c0>
  b8:	85 ff       	sbrs	r24, 5
  ba:	fc cf       	rjmp	.-8      	; 0xb4 <avr_uart_putchar+0xe>
    UDR0 = c;
  bc:	c0 93 c6 00 	sts	0x00C6, r28	; 0x8000c6 <__TEXT_REGION_LENGTH__+0x7f80c6>
}
  c0:	cf 91       	pop	r28
  c2:	08 95       	ret

000000c4 <avr_uart_getchar>:

char avr_uart_getchar(FILE *stream) 
{
    loop_until_bit_is_set(UCSR0A, RXC0);
  c4:	80 91 c0 00 	lds	r24, 0x00C0	; 0x8000c0 <__TEXT_REGION_LENGTH__+0x7f80c0>
  c8:	87 ff       	sbrs	r24, 7
  ca:	fc cf       	rjmp	.-8      	; 0xc4 <avr_uart_getchar>
    return UDR0;
  cc:	80 91 c6 00 	lds	r24, 0x00C6	; 0x8000c6 <__TEXT_REGION_LENGTH__+0x7f80c6>
}
  d0:	08 95       	ret

000000d2 <avr_uart_getchar_echo>:


char avr_uart_getchar_echo(FILE *stream) 
{
  d2:	cf 93       	push	r28
    loop_until_bit_is_set(UCSR0A, RXC0);
  d4:	20 91 c0 00 	lds	r18, 0x00C0	; 0x8000c0 <__TEXT_REGION_LENGTH__+0x7f80c0>
  d8:	27 ff       	sbrs	r18, 7
  da:	fc cf       	rjmp	.-8      	; 0xd4 <avr_uart_getchar_echo+0x2>
    char c=UDR0;
  dc:	c0 91 c6 00 	lds	r28, 0x00C6	; 0x8000c6 <__TEXT_REGION_LENGTH__+0x7f80c6>
    avr_uart_putchar(c, stream);
  e0:	bc 01       	movw	r22, r24
  e2:	8c 2f       	mov	r24, r28
  e4:	0e 94 53 00 	call	0xa6	; 0xa6 <avr_uart_putchar>
    return c;
}
  e8:	8c 2f       	mov	r24, r28
  ea:	cf 91       	pop	r28
  ec:	08 95       	ret

000000ee <set_register_bit>:
#include "functions.h"
#include "util/delay.h"

void set_register_bit(volatile uint8_t *muc_register, uint8_t bit)
{
  ee:	fc 01       	movw	r30, r24
	*muc_register |= _BV(bit);
  f0:	90 81       	ld	r25, Z
  f2:	21 e0       	ldi	r18, 0x01	; 1
  f4:	30 e0       	ldi	r19, 0x00	; 0
  f6:	01 c0       	rjmp	.+2      	; 0xfa <set_register_bit+0xc>
  f8:	22 0f       	add	r18, r18
  fa:	6a 95       	dec	r22
  fc:	ea f7       	brpl	.-6      	; 0xf8 <set_register_bit+0xa>
  fe:	92 2b       	or	r25, r18
 100:	90 83       	st	Z, r25
}
 102:	08 95       	ret

00000104 <clear_register_bit>:

void clear_register_bit(volatile uint8_t *muc_register, uint8_t bit)
{
	*muc_register &= ~_BV(bit);
 104:	fc 01       	movw	r30, r24
 106:	40 81       	ld	r20, Z
 108:	21 e0       	ldi	r18, 0x01	; 1
 10a:	30 e0       	ldi	r19, 0x00	; 0
 10c:	01 c0       	rjmp	.+2      	; 0x110 <clear_register_bit+0xc>
 10e:	22 0f       	add	r18, r18
 110:	6a 95       	dec	r22
 112:	ea f7       	brpl	.-6      	; 0x10e <clear_register_bit+0xa>
 114:	20 95       	com	r18
 116:	24 23       	and	r18, r20
 118:	20 83       	st	Z, r18
}
 11a:	08 95       	ret

0000011c <blink>:
//delay: blink time interval
//n>0,delay>0  normal 
//n=0,delay>0  cycle 
//n=0,delay=0  toggle 
void blink(uint8_t n,uint16_t delay)
{
 11c:	4f 92       	push	r4
 11e:	5f 92       	push	r5
 120:	6f 92       	push	r6
 122:	7f 92       	push	r7
 124:	8f 92       	push	r8
 126:	9f 92       	push	r9
 128:	af 92       	push	r10
 12a:	bf 92       	push	r11
 12c:	cf 92       	push	r12
 12e:	df 92       	push	r13
 130:	ef 92       	push	r14
 132:	ff 92       	push	r15
 134:	0f 93       	push	r16
 136:	1f 93       	push	r17
 138:	cf 93       	push	r28
 13a:	df 93       	push	r29
 13c:	18 2f       	mov	r17, r24
	DDRB |= _BV(PB5);
 13e:	25 9a       	sbi	0x04, 5	; 4
	if((n>0)&&(delay>0))
 140:	88 23       	and	r24, r24
 142:	09 f4       	brne	.+2      	; 0x146 <blink+0x2a>
 144:	91 c0       	rjmp	.+290    	; 0x268 <blink+0x14c>
 146:	61 15       	cp	r22, r1
 148:	71 05       	cpc	r23, r1
 14a:	09 f4       	brne	.+2      	; 0x14e <blink+0x32>
 14c:	68 c0       	rjmp	.+208    	; 0x21e <blink+0x102>
	{
		while(n)
		{

			PORTB |= _BV(PB5);
			_delay_ms(delay);
 14e:	90 e0       	ldi	r25, 0x00	; 0
 150:	80 e0       	ldi	r24, 0x00	; 0
 152:	0e 94 a0 05 	call	0xb40	; 0xb40 <__floatunsisf>
 156:	2b 01       	movw	r4, r22
 158:	3c 01       	movw	r6, r24

	__builtin_avr_delay_cycles(__ticks_dc);

#else
	uint16_t __ticks;
	__tmp = ((F_CPU) / 4e3) * __ms;
 15a:	20 e0       	ldi	r18, 0x00	; 0
 15c:	30 e0       	ldi	r19, 0x00	; 0
 15e:	4a ef       	ldi	r20, 0xFA	; 250
 160:	54 e4       	ldi	r21, 0x44	; 68
 162:	0e 94 2f 06 	call	0xc5e	; 0xc5e <__mulsf3>
 166:	6b 01       	movw	r12, r22
 168:	7c 01       	movw	r14, r24
			__ticks --;
		}
		return;
	}
	else
		__ticks = (uint16_t)__tmp;
 16a:	0e 94 71 05 	call	0xae2	; 0xae2 <__fixunssfsi>
 16e:	4b 01       	movw	r8, r22
 170:	20 e0       	ldi	r18, 0x00	; 0
 172:	30 e0       	ldi	r19, 0x00	; 0
 174:	40 e8       	ldi	r20, 0x80	; 128
 176:	5f e3       	ldi	r21, 0x3F	; 63
 178:	c7 01       	movw	r24, r14
 17a:	b6 01       	movw	r22, r12
 17c:	0e 94 6c 05 	call	0xad8	; 0xad8 <__cmpsf2>
 180:	c1 e0       	ldi	r28, 0x01	; 1
 182:	d0 e0       	ldi	r29, 0x00	; 0
 184:	87 ff       	sbrs	r24, 7
 186:	e4 01       	movw	r28, r8
    milliseconds can be achieved.
 */
void
_delay_loop_2(uint16_t __count)
{
	__asm__ volatile (
 188:	88 ec       	ldi	r24, 0xC8	; 200
 18a:	a8 2e       	mov	r10, r24
 18c:	b1 2c       	mov	r11, r1
	if((n>0)&&(delay>0))
	{
		while(n)
		{

			PORTB |= _BV(PB5);
 18e:	2d 9a       	sbi	0x05, 5	; 5
	__builtin_avr_delay_cycles(__ticks_dc);

#else
	uint16_t __ticks;
	__tmp = ((F_CPU) / 4e3) * __ms;
	if (__tmp < 1.0)
 190:	20 e0       	ldi	r18, 0x00	; 0
 192:	30 e0       	ldi	r19, 0x00	; 0
 194:	40 e8       	ldi	r20, 0x80	; 128
 196:	5f e3       	ldi	r21, 0x3F	; 63
 198:	c7 01       	movw	r24, r14
 19a:	b6 01       	movw	r22, r12
 19c:	0e 94 6c 05 	call	0xad8	; 0xad8 <__cmpsf2>
 1a0:	87 fd       	sbrc	r24, 7
 1a2:	54 c0       	rjmp	.+168    	; 0x24c <blink+0x130>
		__ticks = 1;
	else if (__tmp > 65535)
 1a4:	20 e0       	ldi	r18, 0x00	; 0
 1a6:	3f ef       	ldi	r19, 0xFF	; 255
 1a8:	4f e7       	ldi	r20, 0x7F	; 127
 1aa:	57 e4       	ldi	r21, 0x47	; 71
 1ac:	c7 01       	movw	r24, r14
 1ae:	b6 01       	movw	r22, r12
 1b0:	0e 94 2a 06 	call	0xc54	; 0xc54 <__gesf2>
 1b4:	18 16       	cp	r1, r24
 1b6:	0c f0       	brlt	.+2      	; 0x1ba <blink+0x9e>
 1b8:	49 c0       	rjmp	.+146    	; 0x24c <blink+0x130>
	{
		//	__ticks = requested delay in 1/10 ms
		__ticks = (uint16_t) (__ms * 10.0);
 1ba:	20 e0       	ldi	r18, 0x00	; 0
 1bc:	30 e0       	ldi	r19, 0x00	; 0
 1be:	40 e2       	ldi	r20, 0x20	; 32
 1c0:	51 e4       	ldi	r21, 0x41	; 65
 1c2:	c3 01       	movw	r24, r6
 1c4:	b2 01       	movw	r22, r4
 1c6:	0e 94 2f 06 	call	0xc5e	; 0xc5e <__mulsf3>
 1ca:	0e 94 71 05 	call	0xae2	; 0xae2 <__fixunssfsi>
		while(__ticks)
 1ce:	61 15       	cp	r22, r1
 1d0:	71 05       	cpc	r23, r1
 1d2:	b1 f5       	brne	.+108    	; 0x240 <blink+0x124>
			_delay_ms(delay);
			PORTB &= ~_BV(PB5);
 1d4:	2d 98       	cbi	0x05, 5	; 5
	__builtin_avr_delay_cycles(__ticks_dc);

#else
	uint16_t __ticks;
	__tmp = ((F_CPU) / 4e3) * __ms;
	if (__tmp < 1.0)
 1d6:	20 e0       	ldi	r18, 0x00	; 0
 1d8:	30 e0       	ldi	r19, 0x00	; 0
 1da:	40 e8       	ldi	r20, 0x80	; 128
 1dc:	5f e3       	ldi	r21, 0x3F	; 63
 1de:	c7 01       	movw	r24, r14
 1e0:	b6 01       	movw	r22, r12
 1e2:	0e 94 6c 05 	call	0xad8	; 0xad8 <__cmpsf2>
 1e6:	87 fd       	sbrc	r24, 7
 1e8:	3b c0       	rjmp	.+118    	; 0x260 <blink+0x144>
		__ticks = 1;
	else if (__tmp > 65535)
 1ea:	20 e0       	ldi	r18, 0x00	; 0
 1ec:	3f ef       	ldi	r19, 0xFF	; 255
 1ee:	4f e7       	ldi	r20, 0x7F	; 127
 1f0:	57 e4       	ldi	r21, 0x47	; 71
 1f2:	c7 01       	movw	r24, r14
 1f4:	b6 01       	movw	r22, r12
 1f6:	0e 94 2a 06 	call	0xc54	; 0xc54 <__gesf2>
 1fa:	18 16       	cp	r1, r24
 1fc:	8c f5       	brge	.+98     	; 0x260 <blink+0x144>
	{
		//	__ticks = requested delay in 1/10 ms
		__ticks = (uint16_t) (__ms * 10.0);
 1fe:	20 e0       	ldi	r18, 0x00	; 0
 200:	30 e0       	ldi	r19, 0x00	; 0
 202:	40 e2       	ldi	r20, 0x20	; 32
 204:	51 e4       	ldi	r21, 0x41	; 65
 206:	c3 01       	movw	r24, r6
 208:	b2 01       	movw	r22, r4
 20a:	0e 94 2f 06 	call	0xc5e	; 0xc5e <__mulsf3>
 20e:	0e 94 71 05 	call	0xae2	; 0xae2 <__fixunssfsi>
		while(__ticks)
 212:	61 15       	cp	r22, r1
 214:	71 05       	cpc	r23, r1
 216:	f1 f4       	brne	.+60     	; 0x254 <blink+0x138>
			_delay_ms(delay);
			n--;
 218:	11 50       	subi	r17, 0x01	; 1
void blink(uint8_t n,uint16_t delay)
{
	DDRB |= _BV(PB5);
	if((n>0)&&(delay>0))
	{
		while(n)
 21a:	09 f0       	breq	.+2      	; 0x21e <blink+0x102>
 21c:	b8 cf       	rjmp	.-144    	; 0x18e <blink+0x72>
		if(bit_is_set(PINB,PB5))
			PORTB &= ~_BV(PB5);
		else
			PORTB |= _BV(PB5);
	}
}
 21e:	df 91       	pop	r29
 220:	cf 91       	pop	r28
 222:	1f 91       	pop	r17
 224:	0f 91       	pop	r16
 226:	ff 90       	pop	r15
 228:	ef 90       	pop	r14
 22a:	df 90       	pop	r13
 22c:	cf 90       	pop	r12
 22e:	bf 90       	pop	r11
 230:	af 90       	pop	r10
 232:	9f 90       	pop	r9
 234:	8f 90       	pop	r8
 236:	7f 90       	pop	r7
 238:	6f 90       	pop	r6
 23a:	5f 90       	pop	r5
 23c:	4f 90       	pop	r4
 23e:	08 95       	ret
 240:	c5 01       	movw	r24, r10
 242:	01 97       	sbiw	r24, 0x01	; 1
 244:	f1 f7       	brne	.-4      	; 0x242 <blink+0x126>
		{
			// wait 1/10 ms
			_delay_loop_2(((F_CPU) / 4e3) / 10);
			__ticks --;
 246:	61 50       	subi	r22, 0x01	; 1
 248:	71 09       	sbc	r23, r1
 24a:	c1 cf       	rjmp	.-126    	; 0x1ce <blink+0xb2>
 24c:	ce 01       	movw	r24, r28
 24e:	01 97       	sbiw	r24, 0x01	; 1
 250:	f1 f7       	brne	.-4      	; 0x24e <blink+0x132>
 252:	c0 cf       	rjmp	.-128    	; 0x1d4 <blink+0xb8>
 254:	c5 01       	movw	r24, r10
 256:	01 97       	sbiw	r24, 0x01	; 1
 258:	f1 f7       	brne	.-4      	; 0x256 <blink+0x13a>
 25a:	61 50       	subi	r22, 0x01	; 1
 25c:	71 09       	sbc	r23, r1
 25e:	d9 cf       	rjmp	.-78     	; 0x212 <blink+0xf6>
 260:	ce 01       	movw	r24, r28
 262:	01 97       	sbiw	r24, 0x01	; 1
 264:	f1 f7       	brne	.-4      	; 0x262 <blink+0x146>
 266:	d8 cf       	rjmp	.-80     	; 0x218 <blink+0xfc>
			PORTB &= ~_BV(PB5);
			_delay_ms(delay);
			n--;
		}
	}
	else if((n==0)&&(delay>0))
 268:	61 15       	cp	r22, r1
 26a:	71 05       	cpc	r23, r1
 26c:	09 f4       	brne	.+2      	; 0x270 <blink+0x154>
 26e:	79 c0       	rjmp	.+242    	; 0x362 <blink+0x246>
	{
		while(1)
		{
			PORTB |= _BV(PB5);
			_delay_ms(delay);
 270:	90 e0       	ldi	r25, 0x00	; 0
 272:	80 e0       	ldi	r24, 0x00	; 0
 274:	0e 94 a0 05 	call	0xb40	; 0xb40 <__floatunsisf>
 278:	4b 01       	movw	r8, r22
 27a:	5c 01       	movw	r10, r24

	__builtin_avr_delay_cycles(__ticks_dc);

#else
	uint16_t __ticks;
	__tmp = ((F_CPU) / 4e3) * __ms;
 27c:	20 e0       	ldi	r18, 0x00	; 0
 27e:	30 e0       	ldi	r19, 0x00	; 0
 280:	4a ef       	ldi	r20, 0xFA	; 250
 282:	54 e4       	ldi	r21, 0x44	; 68
 284:	0e 94 2f 06 	call	0xc5e	; 0xc5e <__mulsf3>
 288:	6b 01       	movw	r12, r22
 28a:	7c 01       	movw	r14, r24
			__ticks --;
		}
		return;
	}
	else
		__ticks = (uint16_t)__tmp;
 28c:	0e 94 71 05 	call	0xae2	; 0xae2 <__fixunssfsi>
 290:	2b 01       	movw	r4, r22
 292:	20 e0       	ldi	r18, 0x00	; 0
 294:	30 e0       	ldi	r19, 0x00	; 0
 296:	40 e8       	ldi	r20, 0x80	; 128
 298:	5f e3       	ldi	r21, 0x3F	; 63
 29a:	c7 01       	movw	r24, r14
 29c:	b6 01       	movw	r22, r12
 29e:	0e 94 6c 05 	call	0xad8	; 0xad8 <__cmpsf2>
 2a2:	c1 e0       	ldi	r28, 0x01	; 1
 2a4:	d0 e0       	ldi	r29, 0x00	; 0
 2a6:	87 ff       	sbrs	r24, 7
 2a8:	e2 01       	movw	r28, r4
 2aa:	08 ec       	ldi	r16, 0xC8	; 200
 2ac:	10 e0       	ldi	r17, 0x00	; 0
	}
	else if((n==0)&&(delay>0))
	{
		while(1)
		{
			PORTB |= _BV(PB5);
 2ae:	2d 9a       	sbi	0x05, 5	; 5
	__builtin_avr_delay_cycles(__ticks_dc);

#else
	uint16_t __ticks;
	__tmp = ((F_CPU) / 4e3) * __ms;
	if (__tmp < 1.0)
 2b0:	20 e0       	ldi	r18, 0x00	; 0
 2b2:	30 e0       	ldi	r19, 0x00	; 0
 2b4:	40 e8       	ldi	r20, 0x80	; 128
 2b6:	5f e3       	ldi	r21, 0x3F	; 63
 2b8:	c7 01       	movw	r24, r14
 2ba:	b6 01       	movw	r22, r12
 2bc:	0e 94 6c 05 	call	0xad8	; 0xad8 <__cmpsf2>
 2c0:	87 fd       	sbrc	r24, 7
 2c2:	47 c0       	rjmp	.+142    	; 0x352 <blink+0x236>
		__ticks = 1;
	else if (__tmp > 65535)
 2c4:	20 e0       	ldi	r18, 0x00	; 0
 2c6:	3f ef       	ldi	r19, 0xFF	; 255
 2c8:	4f e7       	ldi	r20, 0x7F	; 127
 2ca:	57 e4       	ldi	r21, 0x47	; 71
 2cc:	c7 01       	movw	r24, r14
 2ce:	b6 01       	movw	r22, r12
 2d0:	0e 94 2a 06 	call	0xc54	; 0xc54 <__gesf2>
 2d4:	18 16       	cp	r1, r24
 2d6:	0c f0       	brlt	.+2      	; 0x2da <blink+0x1be>
 2d8:	3c c0       	rjmp	.+120    	; 0x352 <blink+0x236>
	{
		//	__ticks = requested delay in 1/10 ms
		__ticks = (uint16_t) (__ms * 10.0);
 2da:	20 e0       	ldi	r18, 0x00	; 0
 2dc:	30 e0       	ldi	r19, 0x00	; 0
 2de:	40 e2       	ldi	r20, 0x20	; 32
 2e0:	51 e4       	ldi	r21, 0x41	; 65
 2e2:	c5 01       	movw	r24, r10
 2e4:	b4 01       	movw	r22, r8
 2e6:	0e 94 2f 06 	call	0xc5e	; 0xc5e <__mulsf3>
 2ea:	0e 94 71 05 	call	0xae2	; 0xae2 <__fixunssfsi>
		while(__ticks)
 2ee:	61 15       	cp	r22, r1
 2f0:	71 05       	cpc	r23, r1
 2f2:	49 f5       	brne	.+82     	; 0x346 <blink+0x22a>
			_delay_ms(delay);
			PORTB &= ~_BV(PB5);
 2f4:	2d 98       	cbi	0x05, 5	; 5
	__builtin_avr_delay_cycles(__ticks_dc);

#else
	uint16_t __ticks;
	__tmp = ((F_CPU) / 4e3) * __ms;
	if (__tmp < 1.0)
 2f6:	20 e0       	ldi	r18, 0x00	; 0
 2f8:	30 e0       	ldi	r19, 0x00	; 0
 2fa:	40 e8       	ldi	r20, 0x80	; 128
 2fc:	5f e3       	ldi	r21, 0x3F	; 63
 2fe:	c7 01       	movw	r24, r14
 300:	b6 01       	movw	r22, r12
 302:	0e 94 6c 05 	call	0xad8	; 0xad8 <__cmpsf2>
 306:	87 fd       	sbrc	r24, 7
 308:	28 c0       	rjmp	.+80     	; 0x35a <blink+0x23e>
		__ticks = 1;
	else if (__tmp > 65535)
 30a:	20 e0       	ldi	r18, 0x00	; 0
 30c:	3f ef       	ldi	r19, 0xFF	; 255
 30e:	4f e7       	ldi	r20, 0x7F	; 127
 310:	57 e4       	ldi	r21, 0x47	; 71
 312:	c7 01       	movw	r24, r14
 314:	b6 01       	movw	r22, r12
 316:	0e 94 2a 06 	call	0xc54	; 0xc54 <__gesf2>
 31a:	18 16       	cp	r1, r24
 31c:	f4 f4       	brge	.+60     	; 0x35a <blink+0x23e>
	{
		//	__ticks = requested delay in 1/10 ms
		__ticks = (uint16_t) (__ms * 10.0);
 31e:	20 e0       	ldi	r18, 0x00	; 0
 320:	30 e0       	ldi	r19, 0x00	; 0
 322:	40 e2       	ldi	r20, 0x20	; 32
 324:	51 e4       	ldi	r21, 0x41	; 65
 326:	c5 01       	movw	r24, r10
 328:	b4 01       	movw	r22, r8
 32a:	0e 94 2f 06 	call	0xc5e	; 0xc5e <__mulsf3>
 32e:	0e 94 71 05 	call	0xae2	; 0xae2 <__fixunssfsi>
		while(__ticks)
 332:	61 15       	cp	r22, r1
 334:	71 05       	cpc	r23, r1
 336:	09 f4       	brne	.+2      	; 0x33a <blink+0x21e>
 338:	ba cf       	rjmp	.-140    	; 0x2ae <blink+0x192>
 33a:	c8 01       	movw	r24, r16
 33c:	01 97       	sbiw	r24, 0x01	; 1
 33e:	f1 f7       	brne	.-4      	; 0x33c <blink+0x220>
		{
			// wait 1/10 ms
			_delay_loop_2(((F_CPU) / 4e3) / 10);
			__ticks --;
 340:	61 50       	subi	r22, 0x01	; 1
 342:	71 09       	sbc	r23, r1
 344:	f6 cf       	rjmp	.-20     	; 0x332 <blink+0x216>
 346:	c8 01       	movw	r24, r16
 348:	01 97       	sbiw	r24, 0x01	; 1
 34a:	f1 f7       	brne	.-4      	; 0x348 <blink+0x22c>
 34c:	61 50       	subi	r22, 0x01	; 1
 34e:	71 09       	sbc	r23, r1
 350:	ce cf       	rjmp	.-100    	; 0x2ee <blink+0x1d2>
 352:	ce 01       	movw	r24, r28
 354:	01 97       	sbiw	r24, 0x01	; 1
 356:	f1 f7       	brne	.-4      	; 0x354 <blink+0x238>
 358:	cd cf       	rjmp	.-102    	; 0x2f4 <blink+0x1d8>
 35a:	ce 01       	movw	r24, r28
 35c:	01 97       	sbiw	r24, 0x01	; 1
 35e:	f1 f7       	brne	.-4      	; 0x35c <blink+0x240>
 360:	a6 cf       	rjmp	.-180    	; 0x2ae <blink+0x192>
			_delay_ms(delay);
		}
	}
	else if((n==0)&&(delay==0))
	{
		DDRB |= _BV(PB5);
 362:	25 9a       	sbi	0x04, 5	; 4
		if(bit_is_set(PINB,PB5))
 364:	1d 9b       	sbis	0x03, 5	; 3
 366:	02 c0       	rjmp	.+4      	; 0x36c <blink+0x250>
			PORTB &= ~_BV(PB5);
 368:	2d 98       	cbi	0x05, 5	; 5
 36a:	59 cf       	rjmp	.-334    	; 0x21e <blink+0x102>
		else
			PORTB |= _BV(PB5);
 36c:	2d 9a       	sbi	0x05, 5	; 5
	}
}
 36e:	57 cf       	rjmp	.-338    	; 0x21e <blink+0x102>

00000370 <avr_uart_init>:
#endif
#include "util/setbaud.h"

void avr_uart_init(void) 
{
    UBRR0H = UBRRH_VALUE;
 370:	10 92 c5 00 	sts	0x00C5, r1	; 0x8000c5 <__TEXT_REGION_LENGTH__+0x7f80c5>
    UBRR0L = UBRRL_VALUE;
 374:	83 e3       	ldi	r24, 0x33	; 51
 376:	80 93 c4 00 	sts	0x00C4, r24	; 0x8000c4 <__TEXT_REGION_LENGTH__+0x7f80c4>

#if USE_2X
    UCSR0A |= _BV(U2X0);
#else
    UCSR0A &= ~(_BV(U2X0));
 37a:	e0 ec       	ldi	r30, 0xC0	; 192
 37c:	f0 e0       	ldi	r31, 0x00	; 0
 37e:	80 81       	ld	r24, Z
 380:	8d 7f       	andi	r24, 0xFD	; 253
 382:	80 83       	st	Z, r24
#endif

    UCSR0C = _BV(UCSZ01) | _BV(UCSZ00); /* 8-bit data */
 384:	86 e0       	ldi	r24, 0x06	; 6
 386:	80 93 c2 00 	sts	0x00C2, r24	; 0x8000c2 <__TEXT_REGION_LENGTH__+0x7f80c2>
    UCSR0B = _BV(RXEN0) | _BV(TXEN0);   /* Enable RX and TX */
 38a:	88 e1       	ldi	r24, 0x18	; 24
 38c:	80 93 c1 00 	sts	0x00C1, r24	; 0x8000c1 <__TEXT_REGION_LENGTH__+0x7f80c1>

	stdout = &avr_uart_output;
 390:	e4 e4       	ldi	r30, 0x44	; 68
 392:	f1 e0       	ldi	r31, 0x01	; 1
 394:	8c e1       	ldi	r24, 0x1C	; 28
 396:	91 e0       	ldi	r25, 0x01	; 1
 398:	93 83       	std	Z+3, r25	; 0x03
 39a:	82 83       	std	Z+2, r24	; 0x02
    stdin  = &avr_uart_input;
 39c:	8e e0       	ldi	r24, 0x0E	; 14
 39e:	91 e0       	ldi	r25, 0x01	; 1
 3a0:	91 83       	std	Z+1, r25	; 0x01
 3a2:	80 83       	st	Z, r24

	xdev_out(avr_uart_putchar);
 3a4:	83 e5       	ldi	r24, 0x53	; 83
 3a6:	90 e0       	ldi	r25, 0x00	; 0
 3a8:	90 93 3f 01 	sts	0x013F, r25	; 0x80013f <xfunc_output+0x1>
 3ac:	80 93 3e 01 	sts	0x013E, r24	; 0x80013e <xfunc_output>
}
 3b0:	08 95       	ret

000003b2 <avr_uart_data_avaiable>:
}

// return 0 if no data available, read it if available
bool avr_uart_data_avaiable(char *data) 
{
    if (UCSR0A & (1<<RXC0)) {
 3b2:	20 91 c0 00 	lds	r18, 0x00C0	; 0x8000c0 <__TEXT_REGION_LENGTH__+0x7f80c0>
 3b6:	27 ff       	sbrs	r18, 7
 3b8:	06 c0       	rjmp	.+12     	; 0x3c6 <avr_uart_data_avaiable+0x14>
        *data = UDR0;
 3ba:	20 91 c6 00 	lds	r18, 0x00C6	; 0x8000c6 <__TEXT_REGION_LENGTH__+0x7f80c6>
 3be:	fc 01       	movw	r30, r24
 3c0:	20 83       	st	Z, r18
        return true;
 3c2:	81 e0       	ldi	r24, 0x01	; 1
 3c4:	08 95       	ret
    }
    return false;
 3c6:	80 e0       	ldi	r24, 0x00	; 0
}
 3c8:	08 95       	ret

000003ca <xfputc>:

void xfputc (			/* Put a character to the specified device */
	void(*func)(int),	/* Pointer to the output function (null:strptr) */
	int chr				/* Character to be output */
)
{
 3ca:	fc 01       	movw	r30, r24
 3cc:	cb 01       	movw	r24, r22
	if (XF_CRLF && chr == '\n') xfputc(func, '\r');	/* CR -> CRLF */

	if (func) {
 3ce:	30 97       	sbiw	r30, 0x00	; 0
 3d0:	09 f0       	breq	.+2      	; 0x3d4 <xfputc+0xa>
		func(chr);		/* Write a character to the output device */
 3d2:	09 94       	ijmp
	} else if (strptr) {
 3d4:	e0 91 38 01 	lds	r30, 0x0138	; 0x800138 <__data_end>
 3d8:	f0 91 39 01 	lds	r31, 0x0139	; 0x800139 <__data_end+0x1>
 3dc:	30 97       	sbiw	r30, 0x00	; 0
 3de:	41 f0       	breq	.+16     	; 0x3f0 <xfputc+0x26>
		 *strptr++ = chr;	/* Write a character to the memory */
 3e0:	9f 01       	movw	r18, r30
 3e2:	2f 5f       	subi	r18, 0xFF	; 255
 3e4:	3f 4f       	sbci	r19, 0xFF	; 255
 3e6:	30 93 39 01 	sts	0x0139, r19	; 0x800139 <__data_end+0x1>
 3ea:	20 93 38 01 	sts	0x0138, r18	; 0x800138 <__data_end>
 3ee:	60 83       	st	Z, r22
	}
}
 3f0:	08 95       	ret

000003f2 <xputc>:

void xputc (
	int chr				/* Character to be output */
)
{
	xfputc(xfunc_output, chr);	/* Output it to the default output device */
 3f2:	bc 01       	movw	r22, r24
 3f4:	80 91 3e 01 	lds	r24, 0x013E	; 0x80013e <xfunc_output>
 3f8:	90 91 3f 01 	lds	r25, 0x013F	; 0x80013f <xfunc_output+0x1>
 3fc:	0c 94 e5 01 	jmp	0x3ca	; 0x3ca <xfputc>

00000400 <xvfprintf>:
static void xvfprintf (
	void(*func)(int),	/* Pointer to the output function */
	const char*	fmt,	/* Pointer to the format string */
	va_list arp			/* Pointer to arguments */
)
{
 400:	2f 92       	push	r2
 402:	3f 92       	push	r3
 404:	4f 92       	push	r4
 406:	5f 92       	push	r5
 408:	6f 92       	push	r6
 40a:	7f 92       	push	r7
 40c:	8f 92       	push	r8
 40e:	9f 92       	push	r9
 410:	af 92       	push	r10
 412:	bf 92       	push	r11
 414:	cf 92       	push	r12
 416:	df 92       	push	r13
 418:	ef 92       	push	r14
 41a:	ff 92       	push	r15
 41c:	0f 93       	push	r16
 41e:	1f 93       	push	r17
 420:	cf 93       	push	r28
 422:	df 93       	push	r29
 424:	cd b7       	in	r28, 0x3d	; 61
 426:	de b7       	in	r29, 0x3e	; 62
 428:	a8 97       	sbiw	r28, 0x28	; 40
 42a:	0f b6       	in	r0, 0x3f	; 63
 42c:	f8 94       	cli
 42e:	de bf       	out	0x3e, r29	; 62
 430:	0f be       	out	0x3f, r0	; 63
 432:	cd bf       	out	0x3d, r28	; 61
 434:	2c 01       	movw	r4, r24
 436:	3b 01       	movw	r6, r22
 438:	7a 01       	movw	r14, r20
 43a:	9e 01       	movw	r18, r28
 43c:	2f 5f       	subi	r18, 0xFF	; 255
 43e:	3f 4f       	sbci	r19, 0xFF	; 255
 440:	3a a3       	std	Y+34, r19	; 0x22
 442:	29 a3       	std	Y+33, r18	; 0x21
	long v;
	unsigned long uv;
#endif

	for (;;) {
		c = *fmt++;					/* Get a format character */
 444:	d3 01       	movw	r26, r6
 446:	6c 91       	ld	r22, X
		if (!c) break;				/* End of format? */
 448:	66 23       	and	r22, r22
 44a:	09 f4       	brne	.+2      	; 0x44e <xvfprintf+0x4e>
 44c:	b5 c1       	rjmp	.+874    	; 0x7b8 <xvfprintf+0x3b8>
		if (c != '%') {				/* Pass it through if not a % sequense */
 44e:	65 32       	cpi	r22, 0x25	; 37
 450:	61 f0       	breq	.+24     	; 0x46a <xvfprintf+0x6a>
	long v;
	unsigned long uv;
#endif

	for (;;) {
		c = *fmt++;					/* Get a format character */
 452:	bf ef       	ldi	r27, 0xFF	; 255
 454:	6b 1a       	sub	r6, r27
 456:	7b 0a       	sbc	r7, r27
		if (!c) break;				/* End of format? */
		if (c != '%') {				/* Pass it through if not a % sequense */
			xfputc(func, c); continue;
 458:	06 2e       	mov	r0, r22
 45a:	00 0c       	add	r0, r0
 45c:	77 0b       	sbc	r23, r23
			while (*p) xfputc(func, *p++);		/* Value */
			while (j++ < w) xfputc(func, ' ');	/* Right pads */
			continue;
#endif
		default:					/* Unknown type (passthrough) */
			xfputc(func, c); continue;
 45e:	c2 01       	movw	r24, r4
 460:	0e 94 e5 01 	call	0x3ca	; 0x3ca <xfputc>
 464:	fc a2       	std	Y+36, r15	; 0x24
 466:	eb a2       	std	Y+35, r14	; 0x23
 468:	39 c1       	rjmp	.+626    	; 0x6dc <xvfprintf+0x2dc>
		if (c != '%') {				/* Pass it through if not a % sequense */
			xfputc(func, c); continue;
		}
		f = w = 0;			 		/* Clear parms */
		pad = ' '; prec = -1;
		c = *fmt++;					/* Get first char of the sequense */
 46a:	f3 01       	movw	r30, r6
 46c:	21 81       	ldd	r18, Z+1	; 0x01
		if (c == '0') {				/* Flag: left '0' padded */
 46e:	20 33       	cpi	r18, 0x30	; 48
 470:	09 f0       	breq	.+2      	; 0x474 <xvfprintf+0x74>
 472:	41 c0       	rjmp	.+130    	; 0x4f6 <xvfprintf+0xf6>
			pad = '0'; c = *fmt++;
 474:	33 96       	adiw	r30, 0x03	; 3
 476:	2d a3       	std	Y+37, r18	; 0x25
 478:	12 96       	adiw	r26, 0x02	; 2
 47a:	2c 91       	ld	r18, X
		c = *fmt++;					/* Get a format character */
		if (!c) break;				/* End of format? */
		if (c != '%') {				/* Pass it through if not a % sequense */
			xfputc(func, c); continue;
		}
		f = w = 0;			 		/* Clear parms */
 47c:	b1 2c       	mov	r11, r1
 47e:	a1 2c       	mov	r10, r1
 480:	31 2c       	mov	r3, r1
 482:	21 2c       	mov	r2, r1
		} else {
			if (c == '-') {			/* Flag: left justified */
				f = 2; c = *fmt++;
			}
		}
		if (c == '*') {				/* Minimum width from an argument */
 484:	2a 32       	cpi	r18, 0x2A	; 42
 486:	09 f0       	breq	.+2      	; 0x48a <xvfprintf+0x8a>
 488:	54 c0       	rjmp	.+168    	; 0x532 <xvfprintf+0x132>
			n = va_arg(arp, int);
 48a:	c7 01       	movw	r24, r14
 48c:	02 96       	adiw	r24, 0x02	; 2
 48e:	d7 01       	movw	r26, r14
 490:	2d 90       	ld	r2, X+
 492:	3c 90       	ld	r3, X
			if (n < 0) {			/* Flag: left justified */
 494:	37 fe       	sbrs	r3, 7
 496:	06 c0       	rjmp	.+12     	; 0x4a4 <xvfprintf+0xa4>
				n = 0 - n; f = 2;
 498:	31 94       	neg	r3
 49a:	21 94       	neg	r2
 49c:	31 08       	sbc	r3, r1
 49e:	22 e0       	ldi	r18, 0x02	; 2
 4a0:	a2 2e       	mov	r10, r18
 4a2:	b1 2c       	mov	r11, r1
			}
			w = n; c = *fmt++;
 4a4:	3f 01       	movw	r6, r30
 4a6:	bf ef       	ldi	r27, 0xFF	; 255
 4a8:	6b 1a       	sub	r6, r27
 4aa:	7b 0a       	sbc	r7, r27
 4ac:	20 81       	ld	r18, Z
			if (c == '-') {			/* Flag: left justified */
				f = 2; c = *fmt++;
			}
		}
		if (c == '*') {				/* Minimum width from an argument */
			n = va_arg(arp, int);
 4ae:	7c 01       	movw	r14, r24
		if (!c) break;				/* End of format? */
		if (c != '%') {				/* Pass it through if not a % sequense */
			xfputc(func, c); continue;
		}
		f = w = 0;			 		/* Clear parms */
		pad = ' '; prec = -1;
 4b0:	0f ef       	ldi	r16, 0xFF	; 255
 4b2:	1f ef       	ldi	r17, 0xFF	; 255
			while (c >= '0' && c <= '9') {	/* Minimum width */
				w = w * 10 + c - '0';
				c = *fmt++;
			}
		}
		if (c == '.') {				/* Precision */
 4b4:	2e 32       	cpi	r18, 0x2E	; 46
 4b6:	09 f0       	breq	.+2      	; 0x4ba <xvfprintf+0xba>
 4b8:	4c c0       	rjmp	.+152    	; 0x552 <xvfprintf+0x152>
			c = *fmt++;
 4ba:	d3 01       	movw	r26, r6
 4bc:	2c 91       	ld	r18, X
			if (c == '*') {				/* Precision from an argument */
 4be:	2a 32       	cpi	r18, 0x2A	; 42
 4c0:	09 f4       	brne	.+2      	; 0x4c4 <xvfprintf+0xc4>
 4c2:	3d c0       	rjmp	.+122    	; 0x53e <xvfprintf+0x13e>
				w = w * 10 + c - '0';
				c = *fmt++;
			}
		}
		if (c == '.') {				/* Precision */
			c = *fmt++;
 4c4:	f3 01       	movw	r30, r6
 4c6:	31 96       	adiw	r30, 0x01	; 1
			if (c == '*') {				/* Precision from an argument */
				prec = va_arg(arp, int);
				c = *fmt++;
			} else {
				prec = 0;
 4c8:	10 e0       	ldi	r17, 0x00	; 0
 4ca:	00 e0       	ldi	r16, 0x00	; 0
 4cc:	3f 01       	movw	r6, r30
				while (c >= '0' && c <= '9') {
 4ce:	80 ed       	ldi	r24, 0xD0	; 208
 4d0:	82 0f       	add	r24, r18
 4d2:	8a 30       	cpi	r24, 0x0A	; 10
 4d4:	08 f0       	brcs	.+2      	; 0x4d8 <xvfprintf+0xd8>
 4d6:	3d c0       	rjmp	.+122    	; 0x552 <xvfprintf+0x152>
					prec = prec * 10 + c - '0';
 4d8:	aa e0       	ldi	r26, 0x0A	; 10
 4da:	a0 9f       	mul	r26, r16
 4dc:	c0 01       	movw	r24, r0
 4de:	a1 9f       	mul	r26, r17
 4e0:	90 0d       	add	r25, r0
 4e2:	11 24       	eor	r1, r1
 4e4:	8c 01       	movw	r16, r24
 4e6:	02 0f       	add	r16, r18
 4e8:	11 1d       	adc	r17, r1
 4ea:	27 fd       	sbrc	r18, 7
 4ec:	1a 95       	dec	r17
 4ee:	00 53       	subi	r16, 0x30	; 48
 4f0:	11 09       	sbc	r17, r1
					c = *fmt++;
 4f2:	21 91       	ld	r18, Z+
 4f4:	eb cf       	rjmp	.-42     	; 0x4cc <xvfprintf+0xcc>
		pad = ' '; prec = -1;
		c = *fmt++;					/* Get first char of the sequense */
		if (c == '0') {				/* Flag: left '0' padded */
			pad = '0'; c = *fmt++;
		} else {
			if (c == '-') {			/* Flag: left justified */
 4f6:	2d 32       	cpi	r18, 0x2D	; 45
 4f8:	21 f0       	breq	.+8      	; 0x502 <xvfprintf+0x102>
		if (c != '%') {				/* Pass it through if not a % sequense */
			xfputc(func, c); continue;
		}
		f = w = 0;			 		/* Clear parms */
		pad = ' '; prec = -1;
		c = *fmt++;					/* Get first char of the sequense */
 4fa:	32 96       	adiw	r30, 0x02	; 2
		if (!c) break;				/* End of format? */
		if (c != '%') {				/* Pass it through if not a % sequense */
			xfputc(func, c); continue;
		}
		f = w = 0;			 		/* Clear parms */
		pad = ' '; prec = -1;
 4fc:	b0 e2       	ldi	r27, 0x20	; 32
 4fe:	bd a3       	std	Y+37, r27	; 0x25
 500:	bd cf       	rjmp	.-134    	; 0x47c <xvfprintf+0x7c>
		c = *fmt++;					/* Get first char of the sequense */
		if (c == '0') {				/* Flag: left '0' padded */
			pad = '0'; c = *fmt++;
		} else {
			if (c == '-') {			/* Flag: left justified */
				f = 2; c = *fmt++;
 502:	33 96       	adiw	r30, 0x03	; 3
 504:	12 96       	adiw	r26, 0x02	; 2
 506:	2c 91       	ld	r18, X
		if (!c) break;				/* End of format? */
		if (c != '%') {				/* Pass it through if not a % sequense */
			xfputc(func, c); continue;
		}
		f = w = 0;			 		/* Clear parms */
		pad = ' '; prec = -1;
 508:	b0 e2       	ldi	r27, 0x20	; 32
 50a:	bd a3       	std	Y+37, r27	; 0x25
		c = *fmt++;					/* Get first char of the sequense */
		if (c == '0') {				/* Flag: left '0' padded */
			pad = '0'; c = *fmt++;
		} else {
			if (c == '-') {			/* Flag: left justified */
				f = 2; c = *fmt++;
 50c:	32 e0       	ldi	r19, 0x02	; 2
 50e:	a3 2e       	mov	r10, r19
 510:	b1 2c       	mov	r11, r1
 512:	b6 cf       	rjmp	.-148    	; 0x480 <xvfprintf+0x80>
				n = 0 - n; f = 2;
			}
			w = n; c = *fmt++;
		} else {
			while (c >= '0' && c <= '9') {	/* Minimum width */
				w = w * 10 + c - '0';
 514:	3a e0       	ldi	r19, 0x0A	; 10
 516:	32 9d       	mul	r19, r2
 518:	c0 01       	movw	r24, r0
 51a:	33 9d       	mul	r19, r3
 51c:	90 0d       	add	r25, r0
 51e:	11 24       	eor	r1, r1
 520:	1c 01       	movw	r2, r24
 522:	22 0e       	add	r2, r18
 524:	31 1c       	adc	r3, r1
 526:	27 fd       	sbrc	r18, 7
 528:	3a 94       	dec	r3
 52a:	80 e3       	ldi	r24, 0x30	; 48
 52c:	28 1a       	sub	r2, r24
 52e:	31 08       	sbc	r3, r1
				c = *fmt++;
 530:	21 91       	ld	r18, Z+
 532:	3f 01       	movw	r6, r30
			if (n < 0) {			/* Flag: left justified */
				n = 0 - n; f = 2;
			}
			w = n; c = *fmt++;
		} else {
			while (c >= '0' && c <= '9') {	/* Minimum width */
 534:	80 ed       	ldi	r24, 0xD0	; 208
 536:	82 0f       	add	r24, r18
 538:	8a 30       	cpi	r24, 0x0A	; 10
 53a:	60 f3       	brcs	.-40     	; 0x514 <xvfprintf+0x114>
 53c:	b9 cf       	rjmp	.-142    	; 0x4b0 <xvfprintf+0xb0>
			}
		}
		if (c == '.') {				/* Precision */
			c = *fmt++;
			if (c == '*') {				/* Precision from an argument */
				prec = va_arg(arp, int);
 53e:	f7 01       	movw	r30, r14
 540:	00 81       	ld	r16, Z
 542:	11 81       	ldd	r17, Z+1	; 0x01
				c = *fmt++;
 544:	11 96       	adiw	r26, 0x01	; 1
 546:	2c 91       	ld	r18, X
			}
		}
		if (c == '.') {				/* Precision */
			c = *fmt++;
			if (c == '*') {				/* Precision from an argument */
				prec = va_arg(arp, int);
 548:	32 96       	adiw	r30, 0x02	; 2
 54a:	7f 01       	movw	r14, r30
				c = *fmt++;
 54c:	c3 01       	movw	r24, r6
 54e:	02 96       	adiw	r24, 0x02	; 2
 550:	3c 01       	movw	r6, r24
					prec = prec * 10 + c - '0';
					c = *fmt++;
				}
			}
		}
		if (c == 'l') {		/* Prefix: Size is long */
 552:	2c 36       	cpi	r18, 0x6C	; 108
 554:	39 f4       	brne	.+14     	; 0x564 <xvfprintf+0x164>
			f |= 4; c = *fmt++;
 556:	68 94       	set
 558:	a2 f8       	bld	r10, 2
 55a:	f3 01       	movw	r30, r6
 55c:	20 81       	ld	r18, Z
 55e:	c3 01       	movw	r24, r6
 560:	01 96       	adiw	r24, 0x01	; 1
 562:	3c 01       	movw	r6, r24
			if (c == 'l') {	/* Prefix: Size is long long */
				f |= 8; c = *fmt++;
			}
#endif
		}
		if (!c) break;				/* End of format? */
 564:	22 23       	and	r18, r18
 566:	09 f4       	brne	.+2      	; 0x56a <xvfprintf+0x16a>
 568:	27 c1       	rjmp	.+590    	; 0x7b8 <xvfprintf+0x3b8>
		switch (c) {				/* Type is... */
 56a:	24 36       	cpi	r18, 0x64	; 100
 56c:	09 f4       	brne	.+2      	; 0x570 <xvfprintf+0x170>
 56e:	a7 c0       	rjmp	.+334    	; 0x6be <xvfprintf+0x2be>
 570:	64 f4       	brge	.+24     	; 0x58a <xvfprintf+0x18a>
 572:	22 36       	cpi	r18, 0x62	; 98
 574:	09 f4       	brne	.+2      	; 0x578 <xvfprintf+0x178>
 576:	00 c1       	rjmp	.+512    	; 0x778 <xvfprintf+0x378>
 578:	0c f0       	brlt	.+2      	; 0x57c <xvfprintf+0x17c>
 57a:	a4 c0       	rjmp	.+328    	; 0x6c4 <xvfprintf+0x2c4>
 57c:	28 35       	cpi	r18, 0x58	; 88
 57e:	09 f4       	brne	.+2      	; 0x582 <xvfprintf+0x182>
 580:	9b c0       	rjmp	.+310    	; 0x6b8 <xvfprintf+0x2b8>
 582:	62 2f       	mov	r22, r18
 584:	22 0f       	add	r18, r18
 586:	77 0b       	sbc	r23, r23
 588:	6a cf       	rjmp	.-300    	; 0x45e <xvfprintf+0x5e>
 58a:	23 37       	cpi	r18, 0x73	; 115
 58c:	09 f4       	brne	.+2      	; 0x590 <xvfprintf+0x190>
 58e:	a9 c0       	rjmp	.+338    	; 0x6e2 <xvfprintf+0x2e2>
 590:	0c f0       	brlt	.+2      	; 0x594 <xvfprintf+0x194>
 592:	8d c0       	rjmp	.+282    	; 0x6ae <xvfprintf+0x2ae>
		case 'b':					/* Unsigned binary */
			r = 2; break;
		case 'o':					/* Unsigned octal */
			r = 8; break;
 594:	e8 e0       	ldi	r30, 0x08	; 8
 596:	f0 e0       	ldi	r31, 0x00	; 0
				f |= 8; c = *fmt++;
			}
#endif
		}
		if (!c) break;				/* End of format? */
		switch (c) {				/* Type is... */
 598:	2f 36       	cpi	r18, 0x6F	; 111
 59a:	99 f7       	brne	.-26     	; 0x582 <xvfprintf+0x182>
				v = (c == 'd') ? (long long)va_arg(arp, int) : (long long)va_arg(arp, unsigned int);
			}
		}
#else
		if (f & 4) {	/* long argument? */
			v = (long)va_arg(arp, long);
 59c:	c7 01       	movw	r24, r14
			} else {		/* int/short/char argument */
				v = (c == 'd') ? (long long)va_arg(arp, int) : (long long)va_arg(arp, unsigned int);
			}
		}
#else
		if (f & 4) {	/* long argument? */
 59e:	a2 fe       	sbrs	r10, 2
 5a0:	ee c0       	rjmp	.+476    	; 0x77e <xvfprintf+0x37e>
			v = (long)va_arg(arp, long);
 5a2:	04 96       	adiw	r24, 0x04	; 4
 5a4:	9c a3       	std	Y+36, r25	; 0x24
 5a6:	8b a3       	std	Y+35, r24	; 0x23
 5a8:	d7 01       	movw	r26, r14
 5aa:	4d 91       	ld	r20, X+
 5ac:	5d 91       	ld	r21, X+
 5ae:	6d 91       	ld	r22, X+
 5b0:	7c 91       	ld	r23, X
		} else {		/* int/short/char argument */
			v = (c == 'd') ? (long)va_arg(arp, int) : (long)va_arg(arp, unsigned int);
		}
#endif
		if (c == 'd' && v < 0) {	/* Negative value? */
 5b2:	24 36       	cpi	r18, 0x64	; 100
 5b4:	59 f4       	brne	.+22     	; 0x5cc <xvfprintf+0x1cc>
 5b6:	77 ff       	sbrs	r23, 7
 5b8:	09 c0       	rjmp	.+18     	; 0x5cc <xvfprintf+0x1cc>
			v = 0 - v; f |= 1;
 5ba:	70 95       	com	r23
 5bc:	60 95       	com	r22
 5be:	50 95       	com	r21
 5c0:	41 95       	neg	r20
 5c2:	5f 4f       	sbci	r21, 0xFF	; 255
 5c4:	6f 4f       	sbci	r22, 0xFF	; 255
 5c6:	7f 4f       	sbci	r23, 0xFF	; 255
 5c8:	68 94       	set
 5ca:	a0 f8       	bld	r10, 0
		}
		i = 0; uv = v;
 5cc:	b4 2f       	mov	r27, r20
 5ce:	a5 2f       	mov	r26, r21
 5d0:	cb 01       	movw	r24, r22
 5d2:	28 37       	cpi	r18, 0x78	; 120
 5d4:	09 f0       	breq	.+2      	; 0x5d8 <xvfprintf+0x1d8>
 5d6:	e3 c0       	rjmp	.+454    	; 0x79e <xvfprintf+0x39e>
 5d8:	27 e2       	ldi	r18, 0x27	; 39
 5da:	28 a7       	std	Y+40, r18	; 0x28
 5dc:	9e 01       	movw	r18, r28
 5de:	2f 5f       	subi	r18, 0xFF	; 255
 5e0:	3f 4f       	sbci	r19, 0xFF	; 255
 5e2:	3f a3       	std	Y+39, r19	; 0x27
 5e4:	2e a3       	std	Y+38, r18	; 0x26
 5e6:	91 2c       	mov	r9, r1
 5e8:	81 2c       	mov	r8, r1
		do {	/* Make an integer number string */
			d = (char)(uv % r); uv /= r;
 5ea:	6f 01       	movw	r12, r30
 5ec:	f1 2c       	mov	r15, r1
 5ee:	e1 2c       	mov	r14, r1
 5f0:	6b 2f       	mov	r22, r27
 5f2:	7a 2f       	mov	r23, r26
 5f4:	a7 01       	movw	r20, r14
 5f6:	96 01       	movw	r18, r12
 5f8:	0e 94 2b 05 	call	0xa56	; 0xa56 <__udivmodsi4>
 5fc:	76 2f       	mov	r23, r22
 5fe:	b2 2f       	mov	r27, r18
 600:	a3 2f       	mov	r26, r19
 602:	ca 01       	movw	r24, r20
			if (d > 9) d += (c == 'x') ? 0x27 : 0x07;
 604:	6a 30       	cpi	r22, 0x0A	; 10
 606:	14 f0       	brlt	.+4      	; 0x60c <xvfprintf+0x20c>
 608:	78 a5       	ldd	r23, Y+40	; 0x28
 60a:	76 0f       	add	r23, r22
			str[i++] = d + '0';
 60c:	84 01       	movw	r16, r8
 60e:	0f 5f       	subi	r16, 0xFF	; 255
 610:	1f 4f       	sbci	r17, 0xFF	; 255
 612:	60 e3       	ldi	r22, 0x30	; 48
 614:	67 0f       	add	r22, r23
 616:	ee a1       	ldd	r30, Y+38	; 0x26
 618:	ff a1       	ldd	r31, Y+39	; 0x27
 61a:	61 93       	st	Z+, r22
 61c:	ff a3       	std	Y+39, r31	; 0x27
 61e:	ee a3       	std	Y+38, r30	; 0x26
		} while (uv != 0 && i < sizeof str);
 620:	23 2b       	or	r18, r19
 622:	24 2b       	or	r18, r20
 624:	25 2b       	or	r18, r21
 626:	39 f0       	breq	.+14     	; 0x636 <xvfprintf+0x236>
 628:	00 32       	cpi	r16, 0x20	; 32
 62a:	11 05       	cpc	r17, r1
 62c:	09 f0       	breq	.+2      	; 0x630 <xvfprintf+0x230>
 62e:	ba c0       	rjmp	.+372    	; 0x7a4 <xvfprintf+0x3a4>
 630:	8f e1       	ldi	r24, 0x1F	; 31
 632:	88 2e       	mov	r8, r24
 634:	91 2c       	mov	r9, r1
		if (f & 1) str[i++] = '-';					/* Sign */
 636:	a0 fe       	sbrs	r10, 0
 638:	0b c0       	rjmp	.+22     	; 0x650 <xvfprintf+0x250>
 63a:	e1 e0       	ldi	r30, 0x01	; 1
 63c:	f0 e0       	ldi	r31, 0x00	; 0
 63e:	ec 0f       	add	r30, r28
 640:	fd 1f       	adc	r31, r29
 642:	e0 0f       	add	r30, r16
 644:	f1 1f       	adc	r31, r17
 646:	2d e2       	ldi	r18, 0x2D	; 45
 648:	20 83       	st	Z, r18
 64a:	84 01       	movw	r16, r8
 64c:	0e 5f       	subi	r16, 0xFE	; 254
 64e:	1f 4f       	sbci	r17, 0xFF	; 255
		for (j = i; !(f & 2) && j < w; j++) xfputc(func, pad);	/* Left pads */
 650:	78 01       	movw	r14, r16
 652:	32 e0       	ldi	r19, 0x02	; 2
 654:	a3 22       	and	r10, r19
 656:	bb 24       	eor	r11, r11
 658:	8d a1       	ldd	r24, Y+37	; 0x25
 65a:	88 2e       	mov	r8, r24
 65c:	88 0f       	add	r24, r24
 65e:	99 08       	sbc	r9, r9
 660:	a1 14       	cp	r10, r1
 662:	b1 04       	cpc	r11, r1
 664:	21 f4       	brne	.+8      	; 0x66e <xvfprintf+0x26e>
 666:	e2 14       	cp	r14, r2
 668:	f3 04       	cpc	r15, r3
 66a:	08 f4       	brcc	.+2      	; 0x66e <xvfprintf+0x26e>
 66c:	9d c0       	rjmp	.+314    	; 0x7a8 <xvfprintf+0x3a8>
 66e:	a1 e0       	ldi	r26, 0x01	; 1
 670:	b0 e0       	ldi	r27, 0x00	; 0
 672:	ac 0f       	add	r26, r28
 674:	bd 1f       	adc	r27, r29
 676:	0a 0f       	add	r16, r26
 678:	1b 1f       	adc	r17, r27
		do xfputc(func, str[--i]); while (i != 0);	/* Value */
 67a:	f8 01       	movw	r30, r16
 67c:	62 91       	ld	r22, -Z
 67e:	8f 01       	movw	r16, r30
 680:	06 2e       	mov	r0, r22
 682:	00 0c       	add	r0, r0
 684:	77 0b       	sbc	r23, r23
 686:	c2 01       	movw	r24, r4
 688:	0e 94 e5 01 	call	0x3ca	; 0x3ca <xfputc>
 68c:	29 a1       	ldd	r18, Y+33	; 0x21
 68e:	3a a1       	ldd	r19, Y+34	; 0x22
 690:	20 17       	cp	r18, r16
 692:	31 07       	cpc	r19, r17
 694:	91 f7       	brne	.-28     	; 0x67a <xvfprintf+0x27a>
		while (j++ < w) xfputc(func, ' ');			/* Right pads */
 696:	e2 14       	cp	r14, r2
 698:	f3 04       	cpc	r15, r3
 69a:	00 f5       	brcc	.+64     	; 0x6dc <xvfprintf+0x2dc>
 69c:	60 e2       	ldi	r22, 0x20	; 32
 69e:	70 e0       	ldi	r23, 0x00	; 0
 6a0:	c2 01       	movw	r24, r4
 6a2:	0e 94 e5 01 	call	0x3ca	; 0x3ca <xfputc>
 6a6:	3f ef       	ldi	r19, 0xFF	; 255
 6a8:	e3 1a       	sub	r14, r19
 6aa:	f3 0a       	sbc	r15, r19
 6ac:	f4 cf       	rjmp	.-24     	; 0x696 <xvfprintf+0x296>
				f |= 8; c = *fmt++;
			}
#endif
		}
		if (!c) break;				/* End of format? */
		switch (c) {				/* Type is... */
 6ae:	25 37       	cpi	r18, 0x75	; 117
 6b0:	31 f0       	breq	.+12     	; 0x6be <xvfprintf+0x2be>
 6b2:	28 37       	cpi	r18, 0x78	; 120
 6b4:	09 f0       	breq	.+2      	; 0x6b8 <xvfprintf+0x2b8>
 6b6:	65 cf       	rjmp	.-310    	; 0x582 <xvfprintf+0x182>
		case 'd':					/* Signed decimal */
		case 'u':					/* Unsigned decimal */
			r = 10; break;
		case 'x':					/* Hexdecimal (lower case) */
		case 'X':					/* Hexdecimal (upper case) */
			r = 16; break;
 6b8:	e0 e1       	ldi	r30, 0x10	; 16
 6ba:	f0 e0       	ldi	r31, 0x00	; 0
 6bc:	6f cf       	rjmp	.-290    	; 0x59c <xvfprintf+0x19c>
			r = 2; break;
		case 'o':					/* Unsigned octal */
			r = 8; break;
		case 'd':					/* Signed decimal */
		case 'u':					/* Unsigned decimal */
			r = 10; break;
 6be:	ea e0       	ldi	r30, 0x0A	; 10
 6c0:	f0 e0       	ldi	r31, 0x00	; 0
 6c2:	6c cf       	rjmp	.-296    	; 0x59c <xvfprintf+0x19c>
		case 'x':					/* Hexdecimal (lower case) */
		case 'X':					/* Hexdecimal (upper case) */
			r = 16; break;
		case 'c':					/* A character */
			xfputc(func, (char)va_arg(arp, int)); continue;
 6c4:	d7 01       	movw	r26, r14
 6c6:	12 96       	adiw	r26, 0x02	; 2
 6c8:	bc a3       	std	Y+36, r27	; 0x24
 6ca:	ab a3       	std	Y+35, r26	; 0x23
 6cc:	f7 01       	movw	r30, r14
 6ce:	60 81       	ld	r22, Z
 6d0:	06 2e       	mov	r0, r22
 6d2:	00 0c       	add	r0, r0
 6d4:	77 0b       	sbc	r23, r23
 6d6:	c2 01       	movw	r24, r4
 6d8:	0e 94 e5 01 	call	0x3ca	; 0x3ca <xfputc>
			while (*p) xfputc(func, *p++);		/* Value */
			while (j++ < w) xfputc(func, ' ');	/* Right pads */
			continue;
#endif
		default:					/* Unknown type (passthrough) */
			xfputc(func, c); continue;
 6dc:	eb a0       	ldd	r14, Y+35	; 0x23
 6de:	fc a0       	ldd	r15, Y+36	; 0x24
 6e0:	b1 ce       	rjmp	.-670    	; 0x444 <xvfprintf+0x44>
		case 'X':					/* Hexdecimal (upper case) */
			r = 16; break;
		case 'c':					/* A character */
			xfputc(func, (char)va_arg(arp, int)); continue;
		case 's':					/* String */
			p = va_arg(arp, char*);		/* Get a pointer argument */
 6e2:	97 01       	movw	r18, r14
 6e4:	2e 5f       	subi	r18, 0xFE	; 254
 6e6:	3f 4f       	sbci	r19, 0xFF	; 255
 6e8:	3c a3       	std	Y+36, r19	; 0x24
 6ea:	2b a3       	std	Y+35, r18	; 0x23
 6ec:	d7 01       	movw	r26, r14
 6ee:	cd 90       	ld	r12, X+
 6f0:	dc 90       	ld	r13, X
			if (!p) p = "";				/* Null ptr generates a null string */
 6f2:	c1 14       	cp	r12, r1
 6f4:	d1 04       	cpc	r13, r1
 6f6:	21 f4       	brne	.+8      	; 0x700 <xvfprintf+0x300>
 6f8:	96 e3       	ldi	r25, 0x36	; 54
 6fa:	c9 2e       	mov	r12, r25
 6fc:	91 e0       	ldi	r25, 0x01	; 1
 6fe:	d9 2e       	mov	r13, r25
			j = strlen(p);
 700:	c6 01       	movw	r24, r12
 702:	0e 94 c4 06 	call	0xd88	; 0xd88 <strlen>
 706:	7c 01       	movw	r14, r24
			if (prec >= 0 && j > (unsigned int)prec) j = prec;	/* Limited length of string body */
 708:	17 fd       	sbrc	r17, 7
 70a:	04 c0       	rjmp	.+8      	; 0x714 <xvfprintf+0x314>
 70c:	08 17       	cp	r16, r24
 70e:	19 07       	cpc	r17, r25
 710:	08 f4       	brcc	.+2      	; 0x714 <xvfprintf+0x314>
 712:	78 01       	movw	r14, r16
			for ( ; !(f & 2) && j < w; j++) xfputc(func, pad);	/* Left pads */
 714:	e2 e0       	ldi	r30, 0x02	; 2
 716:	ae 22       	and	r10, r30
 718:	bb 24       	eor	r11, r11
 71a:	fd a1       	ldd	r31, Y+37	; 0x25
 71c:	8f 2e       	mov	r8, r31
 71e:	ff 0f       	add	r31, r31
 720:	99 08       	sbc	r9, r9
 722:	07 c0       	rjmp	.+14     	; 0x732 <xvfprintf+0x332>
 724:	b4 01       	movw	r22, r8
 726:	c2 01       	movw	r24, r4
 728:	0e 94 e5 01 	call	0x3ca	; 0x3ca <xfputc>
 72c:	bf ef       	ldi	r27, 0xFF	; 255
 72e:	eb 1a       	sub	r14, r27
 730:	fb 0a       	sbc	r15, r27
 732:	a1 14       	cp	r10, r1
 734:	b1 04       	cpc	r11, r1
 736:	19 f4       	brne	.+6      	; 0x73e <xvfprintf+0x33e>
 738:	e2 14       	cp	r14, r2
 73a:	f3 04       	cpc	r15, r3
 73c:	98 f3       	brcs	.-26     	; 0x724 <xvfprintf+0x324>
			while (*p && prec--) xfputc(func, *p++);/* String body */
 73e:	d6 01       	movw	r26, r12
 740:	6d 91       	ld	r22, X+
 742:	6d 01       	movw	r12, r26
 744:	66 23       	and	r22, r22
 746:	19 f0       	breq	.+6      	; 0x74e <xvfprintf+0x34e>
 748:	01 15       	cp	r16, r1
 74a:	11 05       	cpc	r17, r1
 74c:	61 f4       	brne	.+24     	; 0x766 <xvfprintf+0x366>
			while (j++ < w) xfputc(func, ' ');		/* Right pads */
 74e:	e2 14       	cp	r14, r2
 750:	f3 04       	cpc	r15, r3
 752:	20 f6       	brcc	.-120    	; 0x6dc <xvfprintf+0x2dc>
 754:	60 e2       	ldi	r22, 0x20	; 32
 756:	70 e0       	ldi	r23, 0x00	; 0
 758:	c2 01       	movw	r24, r4
 75a:	0e 94 e5 01 	call	0x3ca	; 0x3ca <xfputc>
 75e:	bf ef       	ldi	r27, 0xFF	; 255
 760:	eb 1a       	sub	r14, r27
 762:	fb 0a       	sbc	r15, r27
 764:	f4 cf       	rjmp	.-24     	; 0x74e <xvfprintf+0x34e>
			p = va_arg(arp, char*);		/* Get a pointer argument */
			if (!p) p = "";				/* Null ptr generates a null string */
			j = strlen(p);
			if (prec >= 0 && j > (unsigned int)prec) j = prec;	/* Limited length of string body */
			for ( ; !(f & 2) && j < w; j++) xfputc(func, pad);	/* Left pads */
			while (*p && prec--) xfputc(func, *p++);/* String body */
 766:	06 2e       	mov	r0, r22
 768:	00 0c       	add	r0, r0
 76a:	77 0b       	sbc	r23, r23
 76c:	c2 01       	movw	r24, r4
 76e:	0e 94 e5 01 	call	0x3ca	; 0x3ca <xfputc>
 772:	01 50       	subi	r16, 0x01	; 1
 774:	11 09       	sbc	r17, r1
 776:	e3 cf       	rjmp	.-58     	; 0x73e <xvfprintf+0x33e>
#endif
		}
		if (!c) break;				/* End of format? */
		switch (c) {				/* Type is... */
		case 'b':					/* Unsigned binary */
			r = 2; break;
 778:	e2 e0       	ldi	r30, 0x02	; 2
 77a:	f0 e0       	ldi	r31, 0x00	; 0
 77c:	0f cf       	rjmp	.-482    	; 0x59c <xvfprintf+0x19c>
 77e:	02 96       	adiw	r24, 0x02	; 2
 780:	9c a3       	std	Y+36, r25	; 0x24
 782:	8b a3       	std	Y+35, r24	; 0x23
		}
#else
		if (f & 4) {	/* long argument? */
			v = (long)va_arg(arp, long);
		} else {		/* int/short/char argument */
			v = (c == 'd') ? (long)va_arg(arp, int) : (long)va_arg(arp, unsigned int);
 784:	d7 01       	movw	r26, r14
 786:	4d 91       	ld	r20, X+
 788:	5c 91       	ld	r21, X
 78a:	70 e0       	ldi	r23, 0x00	; 0
 78c:	60 e0       	ldi	r22, 0x00	; 0
 78e:	24 36       	cpi	r18, 0x64	; 100
 790:	09 f0       	breq	.+2      	; 0x794 <xvfprintf+0x394>
 792:	1c cf       	rjmp	.-456    	; 0x5cc <xvfprintf+0x1cc>
 794:	05 2e       	mov	r0, r21
 796:	00 0c       	add	r0, r0
 798:	66 0b       	sbc	r22, r22
 79a:	77 0b       	sbc	r23, r23
 79c:	0c cf       	rjmp	.-488    	; 0x5b6 <xvfprintf+0x1b6>
 79e:	37 e0       	ldi	r19, 0x07	; 7
 7a0:	38 a7       	std	Y+40, r19	; 0x28
 7a2:	1c cf       	rjmp	.-456    	; 0x5dc <xvfprintf+0x1dc>
 7a4:	48 01       	movw	r8, r16
 7a6:	24 cf       	rjmp	.-440    	; 0x5f0 <xvfprintf+0x1f0>
			d = (char)(uv % r); uv /= r;
			if (d > 9) d += (c == 'x') ? 0x27 : 0x07;
			str[i++] = d + '0';
		} while (uv != 0 && i < sizeof str);
		if (f & 1) str[i++] = '-';					/* Sign */
		for (j = i; !(f & 2) && j < w; j++) xfputc(func, pad);	/* Left pads */
 7a8:	b4 01       	movw	r22, r8
 7aa:	c2 01       	movw	r24, r4
 7ac:	0e 94 e5 01 	call	0x3ca	; 0x3ca <xfputc>
 7b0:	9f ef       	ldi	r25, 0xFF	; 255
 7b2:	e9 1a       	sub	r14, r25
 7b4:	f9 0a       	sbc	r15, r25
 7b6:	54 cf       	rjmp	.-344    	; 0x660 <xvfprintf+0x260>
		do xfputc(func, str[--i]); while (i != 0);	/* Value */
		while (j++ < w) xfputc(func, ' ');			/* Right pads */
	}
}
 7b8:	a8 96       	adiw	r28, 0x28	; 40
 7ba:	0f b6       	in	r0, 0x3f	; 63
 7bc:	f8 94       	cli
 7be:	de bf       	out	0x3e, r29	; 62
 7c0:	0f be       	out	0x3f, r0	; 63
 7c2:	cd bf       	out	0x3d, r28	; 61
 7c4:	df 91       	pop	r29
 7c6:	cf 91       	pop	r28
 7c8:	1f 91       	pop	r17
 7ca:	0f 91       	pop	r16
 7cc:	ff 90       	pop	r15
 7ce:	ef 90       	pop	r14
 7d0:	df 90       	pop	r13
 7d2:	cf 90       	pop	r12
 7d4:	bf 90       	pop	r11
 7d6:	af 90       	pop	r10
 7d8:	9f 90       	pop	r9
 7da:	8f 90       	pop	r8
 7dc:	7f 90       	pop	r7
 7de:	6f 90       	pop	r6
 7e0:	5f 90       	pop	r5
 7e2:	4f 90       	pop	r4
 7e4:	3f 90       	pop	r3
 7e6:	2f 90       	pop	r2
 7e8:	08 95       	ret

000007ea <xfputs>:

void xfputs (			/* Put a string to the specified device */
	void(*func)(int),	/* Pointer to the output function */
	const char*	str		/* Pointer to the string */
)
{
 7ea:	0f 93       	push	r16
 7ec:	1f 93       	push	r17
 7ee:	cf 93       	push	r28
 7f0:	df 93       	push	r29
 7f2:	8c 01       	movw	r16, r24
 7f4:	eb 01       	movw	r28, r22
	while (*str) {			/* Put the string */
 7f6:	69 91       	ld	r22, Y+
 7f8:	61 11       	cpse	r22, r1
 7fa:	05 c0       	rjmp	.+10     	; 0x806 <__DATA_REGION_LENGTH__+0x6>
		xfputc(func, *str++);
	}
}
 7fc:	df 91       	pop	r29
 7fe:	cf 91       	pop	r28
 800:	1f 91       	pop	r17
 802:	0f 91       	pop	r16
 804:	08 95       	ret
	void(*func)(int),	/* Pointer to the output function */
	const char*	str		/* Pointer to the string */
)
{
	while (*str) {			/* Put the string */
		xfputc(func, *str++);
 806:	06 2e       	mov	r0, r22
 808:	00 0c       	add	r0, r0
 80a:	77 0b       	sbc	r23, r23
 80c:	c8 01       	movw	r24, r16
 80e:	0e 94 e5 01 	call	0x3ca	; 0x3ca <xfputc>
 812:	f1 cf       	rjmp	.-30     	; 0x7f6 <xfputs+0xc>

00000814 <xputs>:

void xputs (			/* Put a string to the default device */
	const char* str		/* Pointer to the string */
)
{
	xfputs(xfunc_output, str);
 814:	bc 01       	movw	r22, r24
 816:	80 91 3e 01 	lds	r24, 0x013E	; 0x80013e <xfunc_output>
 81a:	90 91 3f 01 	lds	r25, 0x013F	; 0x80013f <xfunc_output+0x1>
 81e:	0c 94 f5 03 	jmp	0x7ea	; 0x7ea <xfputs>

00000822 <xprintf>:

void xprintf (			/* Put a formatted string to the default device */
	const char*	fmt,	/* Pointer to the format string */
	...					/* Optional arguments */
)
{
 822:	cf 93       	push	r28
 824:	df 93       	push	r29
 826:	cd b7       	in	r28, 0x3d	; 61
 828:	de b7       	in	r29, 0x3e	; 62
 82a:	ae 01       	movw	r20, r28
 82c:	4b 5f       	subi	r20, 0xFB	; 251
 82e:	5f 4f       	sbci	r21, 0xFF	; 255
 830:	fa 01       	movw	r30, r20
 832:	61 91       	ld	r22, Z+
 834:	71 91       	ld	r23, Z+
 836:	af 01       	movw	r20, r30
	va_list arp;


	va_start(arp, fmt);
	xvfprintf(xfunc_output, fmt, arp);
 838:	80 91 3e 01 	lds	r24, 0x013E	; 0x80013e <xfunc_output>
 83c:	90 91 3f 01 	lds	r25, 0x013F	; 0x80013f <xfunc_output+0x1>
 840:	0e 94 00 02 	call	0x400	; 0x400 <xvfprintf>
	va_end(arp);
}
 844:	df 91       	pop	r29
 846:	cf 91       	pop	r28
 848:	08 95       	ret

0000084a <xfprintf>:
void xfprintf (			/* Put a formatted string to the specified device */
	void(*func)(int),	/* Pointer to the output function */
	const char*	fmt,	/* Pointer to the format string */
	...					/* Optional arguments */
)
{
 84a:	cf 93       	push	r28
 84c:	df 93       	push	r29
 84e:	cd b7       	in	r28, 0x3d	; 61
 850:	de b7       	in	r29, 0x3e	; 62
	va_list arp;


	va_start(arp, fmt);
	xvfprintf(func, fmt, arp);
 852:	ae 01       	movw	r20, r28
 854:	47 5f       	subi	r20, 0xF7	; 247
 856:	5f 4f       	sbci	r21, 0xFF	; 255
 858:	6f 81       	ldd	r22, Y+7	; 0x07
 85a:	78 85       	ldd	r23, Y+8	; 0x08
 85c:	8d 81       	ldd	r24, Y+5	; 0x05
 85e:	9e 81       	ldd	r25, Y+6	; 0x06
 860:	0e 94 00 02 	call	0x400	; 0x400 <xvfprintf>
	va_end(arp);
}
 864:	df 91       	pop	r29
 866:	cf 91       	pop	r28
 868:	08 95       	ret

0000086a <xsprintf>:
void xsprintf (			/* Put a formatted string to the memory */
	char* buff,			/* Pointer to the output buffer */
	const char*	fmt,	/* Pointer to the format string */
	...					/* Optional arguments */
)
{
 86a:	cf 93       	push	r28
 86c:	df 93       	push	r29
 86e:	cd b7       	in	r28, 0x3d	; 61
 870:	de b7       	in	r29, 0x3e	; 62
	va_list arp;


	strptr = buff;		/* Enable destination for memory */
 872:	8d 81       	ldd	r24, Y+5	; 0x05
 874:	9e 81       	ldd	r25, Y+6	; 0x06
 876:	90 93 39 01 	sts	0x0139, r25	; 0x800139 <__data_end+0x1>
 87a:	80 93 38 01 	sts	0x0138, r24	; 0x800138 <__data_end>
	va_start(arp, fmt);
	xvfprintf(0, fmt, arp);
 87e:	ae 01       	movw	r20, r28
 880:	47 5f       	subi	r20, 0xF7	; 247
 882:	5f 4f       	sbci	r21, 0xFF	; 255
 884:	6f 81       	ldd	r22, Y+7	; 0x07
 886:	78 85       	ldd	r23, Y+8	; 0x08
 888:	90 e0       	ldi	r25, 0x00	; 0
 88a:	80 e0       	ldi	r24, 0x00	; 0
 88c:	0e 94 00 02 	call	0x400	; 0x400 <xvfprintf>
	va_end(arp);
	*strptr = 0;		/* Terminate output string */
 890:	e0 91 38 01 	lds	r30, 0x0138	; 0x800138 <__data_end>
 894:	f0 91 39 01 	lds	r31, 0x0139	; 0x800139 <__data_end+0x1>
 898:	10 82       	st	Z, r1
	strptr = 0;			/* Disable destination for memory */
 89a:	10 92 39 01 	sts	0x0139, r1	; 0x800139 <__data_end+0x1>
 89e:	10 92 38 01 	sts	0x0138, r1	; 0x800138 <__data_end>
}
 8a2:	df 91       	pop	r29
 8a4:	cf 91       	pop	r28
 8a6:	08 95       	ret

000008a8 <delayMs>:
uint8_t timer1Counter = 0;

void delayMs(uint16_t t)
{
    uint16_t i;
    for(i=0;i<t;i++)
 8a8:	30 e0       	ldi	r19, 0x00	; 0
 8aa:	20 e0       	ldi	r18, 0x00	; 0
 8ac:	48 ee       	ldi	r20, 0xE8	; 232
 8ae:	53 e0       	ldi	r21, 0x03	; 3
 8b0:	28 17       	cp	r18, r24
 8b2:	39 07       	cpc	r19, r25
 8b4:	09 f4       	brne	.+2      	; 0x8b8 <delayMs+0x10>
        _delay_loop_2(250*4);
}
 8b6:	08 95       	ret
 8b8:	fa 01       	movw	r30, r20
 8ba:	31 97       	sbiw	r30, 0x01	; 1
 8bc:	f1 f7       	brne	.-4      	; 0x8ba <delayMs+0x12>
uint8_t timer1Counter = 0;

void delayMs(uint16_t t)
{
    uint16_t i;
    for(i=0;i<t;i++)
 8be:	2f 5f       	subi	r18, 0xFF	; 255
 8c0:	3f 4f       	sbci	r19, 0xFF	; 255
 8c2:	f6 cf       	rjmp	.-20     	; 0x8b0 <delayMs+0x8>

000008c4 <__vector_13>:
        _delay_loop_2(250*4);
}

ISR(TIMER1_OVF_vect)
{
 8c4:	1f 92       	push	r1
 8c6:	0f 92       	push	r0
 8c8:	0f b6       	in	r0, 0x3f	; 63
 8ca:	0f 92       	push	r0
 8cc:	11 24       	eor	r1, r1
 8ce:	8f 93       	push	r24
    if(timer1Flag)
 8d0:	80 91 3c 01 	lds	r24, 0x013C	; 0x80013c <timer1Flag>
 8d4:	88 23       	and	r24, r24
 8d6:	29 f0       	breq	.+10     	; 0x8e2 <__vector_13+0x1e>
        timer1Counter++;
 8d8:	80 91 3a 01 	lds	r24, 0x013A	; 0x80013a <timer1Counter>
 8dc:	8f 5f       	subi	r24, 0xFF	; 255
 8de:	80 93 3a 01 	sts	0x013A, r24	; 0x80013a <timer1Counter>
}
 8e2:	8f 91       	pop	r24
 8e4:	0f 90       	pop	r0
 8e6:	0f be       	out	0x3f, r0	; 63
 8e8:	0f 90       	pop	r0
 8ea:	1f 90       	pop	r1
 8ec:	18 95       	reti

000008ee <__vector_10>:

ISR(TIMER1_CAPT_vect)
{
 8ee:	1f 92       	push	r1
 8f0:	0f 92       	push	r0
 8f2:	0f b6       	in	r0, 0x3f	; 63
 8f4:	0f 92       	push	r0
 8f6:	11 24       	eor	r1, r1
 8f8:	8f 93       	push	r24
 8fa:	9f 93       	push	r25
    static uint8_t cnt = 0;
    if(cnt == 0)
 8fc:	80 91 3d 01 	lds	r24, 0x013D	; 0x80013d <cnt.1550>
 900:	81 11       	cpse	r24, r1
 902:	14 c0       	rjmp	.+40     	; 0x92c <__stack+0x2d>
    {
        timer1Value[0] = ICR1;
 904:	80 91 86 00 	lds	r24, 0x0086	; 0x800086 <__TEXT_REGION_LENGTH__+0x7f8086>
 908:	90 91 87 00 	lds	r25, 0x0087	; 0x800087 <__TEXT_REGION_LENGTH__+0x7f8087>
 90c:	90 93 41 01 	sts	0x0141, r25	; 0x800141 <timer1Value+0x1>
 910:	80 93 40 01 	sts	0x0140, r24	; 0x800140 <timer1Value>
        cnt++;
 914:	81 e0       	ldi	r24, 0x01	; 1
 916:	80 93 3d 01 	sts	0x013D, r24	; 0x80013d <cnt.1550>
        timer1Flag = 1;
 91a:	80 93 3c 01 	sts	0x013C, r24	; 0x80013c <timer1Flag>
        cnt = 0;
        timer1Value[1] = ICR1;
        TIMSK1 &= ~_BV(ICIE1);
        timer1CaptureFlag = 1;
    }
}
 91e:	9f 91       	pop	r25
 920:	8f 91       	pop	r24
 922:	0f 90       	pop	r0
 924:	0f be       	out	0x3f, r0	; 63
 926:	0f 90       	pop	r0
 928:	1f 90       	pop	r1
 92a:	18 95       	reti
        cnt++;
        timer1Flag = 1;
    }
    else 
    {
        cnt = 0;
 92c:	10 92 3d 01 	sts	0x013D, r1	; 0x80013d <cnt.1550>
        timer1Value[1] = ICR1;
 930:	80 91 86 00 	lds	r24, 0x0086	; 0x800086 <__TEXT_REGION_LENGTH__+0x7f8086>
 934:	90 91 87 00 	lds	r25, 0x0087	; 0x800087 <__TEXT_REGION_LENGTH__+0x7f8087>
 938:	90 93 43 01 	sts	0x0143, r25	; 0x800143 <timer1Value+0x3>
 93c:	80 93 42 01 	sts	0x0142, r24	; 0x800142 <timer1Value+0x2>
        TIMSK1 &= ~_BV(ICIE1);
 940:	80 91 6f 00 	lds	r24, 0x006F	; 0x80006f <__TEXT_REGION_LENGTH__+0x7f806f>
 944:	8f 7d       	andi	r24, 0xDF	; 223
 946:	80 93 6f 00 	sts	0x006F, r24	; 0x80006f <__TEXT_REGION_LENGTH__+0x7f806f>
        timer1CaptureFlag = 1;
 94a:	81 e0       	ldi	r24, 0x01	; 1
 94c:	80 93 3b 01 	sts	0x013B, r24	; 0x80013b <timer1CaptureFlag>
    }
}
 950:	e6 cf       	rjmp	.-52     	; 0x91e <__stack+0x1f>

00000952 <main>:

int main(void) 
{
    avr_uart_init();
 952:	0e 94 b8 01 	call	0x370	; 0x370 <avr_uart_init>
    long t1;
    cli();
 956:	f8 94       	cli
    DDRD |= _BV(PD6);//OC0A
 958:	56 9a       	sbi	0x0a, 6	; 10
    DDRD |= _BV(PD5);//OC0B
 95a:	55 9a       	sbi	0x0a, 5	; 10
    PORTB |= _BV(PD6);
 95c:	2e 9a       	sbi	0x05, 6	; 5
    PORTB |= _BV(PD5);
 95e:	2d 9a       	sbi	0x05, 5	; 5
    DDRB &= ~_BV(PB0);//ICP1
 960:	20 98       	cbi	0x04, 0	; 4
    PORTB |= _BV(PB0);
 962:	28 9a       	sbi	0x05, 0	; 5
    TCCR0A |= _BV(COM0A0);
 964:	84 b5       	in	r24, 0x24	; 36
 966:	80 64       	ori	r24, 0x40	; 64
 968:	84 bd       	out	0x24, r24	; 36
    TCCR0A |= _BV(COM0B0);
 96a:	84 b5       	in	r24, 0x24	; 36
 96c:	80 61       	ori	r24, 0x10	; 16
 96e:	84 bd       	out	0x24, r24	; 36
    TCCR0A |= _BV(WGM01);
 970:	84 b5       	in	r24, 0x24	; 36
 972:	82 60       	ori	r24, 0x02	; 2
 974:	84 bd       	out	0x24, r24	; 36
    TCCR0B |= _BV(CS00);
 976:	85 b5       	in	r24, 0x25	; 37
 978:	81 60       	ori	r24, 0x01	; 1
 97a:	85 bd       	out	0x25, r24	; 37
    TCCR0B |= _BV(CS01);
 97c:	85 b5       	in	r24, 0x25	; 37
 97e:	82 60       	ori	r24, 0x02	; 2
 980:	85 bd       	out	0x25, r24	; 37
    OCR0A = 124;//250hz 
 982:	8c e7       	ldi	r24, 0x7C	; 124
 984:	87 bd       	out	0x27, r24	; 39
    OCR0B = 249;//500hz
 986:	89 ef       	ldi	r24, 0xF9	; 249
 988:	88 bd       	out	0x28, r24	; 40
    TCCR1B |= _BV(CS10);
 98a:	80 91 81 00 	lds	r24, 0x0081	; 0x800081 <__TEXT_REGION_LENGTH__+0x7f8081>
 98e:	81 60       	ori	r24, 0x01	; 1
 990:	80 93 81 00 	sts	0x0081, r24	; 0x800081 <__TEXT_REGION_LENGTH__+0x7f8081>
    TCCR1B &= ~_BV(ICES1);
 994:	80 91 81 00 	lds	r24, 0x0081	; 0x800081 <__TEXT_REGION_LENGTH__+0x7f8081>
 998:	8f 7b       	andi	r24, 0xBF	; 191
 99a:	80 93 81 00 	sts	0x0081, r24	; 0x800081 <__TEXT_REGION_LENGTH__+0x7f8081>
    TIMSK1 |= _BV(TOIE1);
 99e:	80 91 6f 00 	lds	r24, 0x006F	; 0x80006f <__TEXT_REGION_LENGTH__+0x7f806f>
 9a2:	81 60       	ori	r24, 0x01	; 1
 9a4:	80 93 6f 00 	sts	0x006F, r24	; 0x80006f <__TEXT_REGION_LENGTH__+0x7f806f>
    sei();
 9a8:	78 94       	sei
        {
            t1 = 0xffff*(timer1Counter - 1);
            t1 += (0xffff - timer1Value[0]);
            t1 += timer1Value[1];
        }
        t1 = 8000000/t1;
 9aa:	c1 2c       	mov	r12, r1
 9ac:	82 e1       	ldi	r24, 0x12	; 18
 9ae:	d8 2e       	mov	r13, r24
 9b0:	8a e7       	ldi	r24, 0x7A	; 122
 9b2:	e8 2e       	mov	r14, r24
 9b4:	f1 2c       	mov	r15, r1
        xprintf("ICP1: %u hz\n",t1);
 9b6:	ca e2       	ldi	r28, 0x2A	; 42
 9b8:	d1 e0       	ldi	r29, 0x01	; 1
    TCCR1B &= ~_BV(ICES1);
    TIMSK1 |= _BV(TOIE1);
    sei();
    while(1)
    {
        timer1Counter = 0;
 9ba:	10 92 3a 01 	sts	0x013A, r1	; 0x80013a <timer1Counter>
        timer1Flag = 0;
 9be:	10 92 3c 01 	sts	0x013C, r1	; 0x80013c <timer1Flag>
        TIMSK1 |= _BV(ICIE1);
 9c2:	80 91 6f 00 	lds	r24, 0x006F	; 0x80006f <__TEXT_REGION_LENGTH__+0x7f806f>
 9c6:	80 62       	ori	r24, 0x20	; 32
 9c8:	80 93 6f 00 	sts	0x006F, r24	; 0x80006f <__TEXT_REGION_LENGTH__+0x7f806f>
        while(timer1CaptureFlag == 0)
 9cc:	80 91 3b 01 	lds	r24, 0x013B	; 0x80013b <timer1CaptureFlag>
 9d0:	88 23       	and	r24, r24
 9d2:	51 f1       	breq	.+84     	; 0xa28 <main+0xd6>
            delayMs(1);
        timer1CaptureFlag = 0;
 9d4:	10 92 3b 01 	sts	0x013B, r1	; 0x80013b <timer1CaptureFlag>
        if(timer1Counter == 0)
 9d8:	60 91 3a 01 	lds	r22, 0x013A	; 0x80013a <timer1Counter>
 9dc:	20 91 40 01 	lds	r18, 0x0140	; 0x800140 <timer1Value>
 9e0:	30 91 41 01 	lds	r19, 0x0141	; 0x800141 <timer1Value+0x1>
 9e4:	80 91 42 01 	lds	r24, 0x0142	; 0x800142 <timer1Value+0x2>
 9e8:	90 91 43 01 	lds	r25, 0x0143	; 0x800143 <timer1Value+0x3>
 9ec:	61 11       	cpse	r22, r1
 9ee:	21 c0       	rjmp	.+66     	; 0xa32 <main+0xe0>
        {
            t1 = timer1Value[1] - timer1Value[0];
 9f0:	82 1b       	sub	r24, r18
 9f2:	93 0b       	sbc	r25, r19
 9f4:	9c 01       	movw	r18, r24
 9f6:	50 e0       	ldi	r21, 0x00	; 0
 9f8:	40 e0       	ldi	r20, 0x00	; 0
        {
            t1 = 0xffff*(timer1Counter - 1);
            t1 += (0xffff - timer1Value[0]);
            t1 += timer1Value[1];
        }
        t1 = 8000000/t1;
 9fa:	c7 01       	movw	r24, r14
 9fc:	b6 01       	movw	r22, r12
 9fe:	0e 94 4d 05 	call	0xa9a	; 0xa9a <__divmodsi4>
        xprintf("ICP1: %u hz\n",t1);
 a02:	5f 93       	push	r21
 a04:	4f 93       	push	r20
 a06:	3f 93       	push	r19
 a08:	2f 93       	push	r18
 a0a:	df 93       	push	r29
 a0c:	cf 93       	push	r28
 a0e:	0e 94 11 04 	call	0x822	; 0x822 <xprintf>
        delayMs(3000);
 a12:	88 eb       	ldi	r24, 0xB8	; 184
 a14:	9b e0       	ldi	r25, 0x0B	; 11
 a16:	0e 94 54 04 	call	0x8a8	; 0x8a8 <delayMs>
    TCCR1B &= ~_BV(ICES1);
    TIMSK1 |= _BV(TOIE1);
    sei();
    while(1)
    {
        timer1Counter = 0;
 a1a:	0f 90       	pop	r0
 a1c:	0f 90       	pop	r0
 a1e:	0f 90       	pop	r0
 a20:	0f 90       	pop	r0
 a22:	0f 90       	pop	r0
 a24:	0f 90       	pop	r0
 a26:	c9 cf       	rjmp	.-110    	; 0x9ba <main+0x68>
        timer1Flag = 0;
        TIMSK1 |= _BV(ICIE1);
        while(timer1CaptureFlag == 0)
            delayMs(1);
 a28:	81 e0       	ldi	r24, 0x01	; 1
 a2a:	90 e0       	ldi	r25, 0x00	; 0
 a2c:	0e 94 54 04 	call	0x8a8	; 0x8a8 <delayMs>
 a30:	cd cf       	rjmp	.-102    	; 0x9cc <main+0x7a>
        {
            t1 = timer1Value[1] - timer1Value[0];
        }
        else 
        {
            t1 = 0xffff*(timer1Counter - 1);
 a32:	61 50       	subi	r22, 0x01	; 1
 a34:	77 0b       	sbc	r23, r23
 a36:	71 95       	neg	r23
 a38:	61 95       	neg	r22
 a3a:	71 09       	sbc	r23, r1
            t1 += (0xffff - timer1Value[0]);
 a3c:	20 95       	com	r18
 a3e:	30 95       	com	r19
 a40:	50 e0       	ldi	r21, 0x00	; 0
 a42:	40 e0       	ldi	r20, 0x00	; 0
 a44:	26 0f       	add	r18, r22
 a46:	37 1f       	adc	r19, r23
 a48:	41 1d       	adc	r20, r1
 a4a:	51 1d       	adc	r21, r1
            t1 += timer1Value[1];
 a4c:	28 0f       	add	r18, r24
 a4e:	39 1f       	adc	r19, r25
 a50:	41 1d       	adc	r20, r1
 a52:	51 1d       	adc	r21, r1
 a54:	d2 cf       	rjmp	.-92     	; 0x9fa <main+0xa8>

00000a56 <__udivmodsi4>:
 a56:	a1 e2       	ldi	r26, 0x21	; 33
 a58:	1a 2e       	mov	r1, r26
 a5a:	aa 1b       	sub	r26, r26
 a5c:	bb 1b       	sub	r27, r27
 a5e:	fd 01       	movw	r30, r26
 a60:	0d c0       	rjmp	.+26     	; 0xa7c <__udivmodsi4_ep>

00000a62 <__udivmodsi4_loop>:
 a62:	aa 1f       	adc	r26, r26
 a64:	bb 1f       	adc	r27, r27
 a66:	ee 1f       	adc	r30, r30
 a68:	ff 1f       	adc	r31, r31
 a6a:	a2 17       	cp	r26, r18
 a6c:	b3 07       	cpc	r27, r19
 a6e:	e4 07       	cpc	r30, r20
 a70:	f5 07       	cpc	r31, r21
 a72:	20 f0       	brcs	.+8      	; 0xa7c <__udivmodsi4_ep>
 a74:	a2 1b       	sub	r26, r18
 a76:	b3 0b       	sbc	r27, r19
 a78:	e4 0b       	sbc	r30, r20
 a7a:	f5 0b       	sbc	r31, r21

00000a7c <__udivmodsi4_ep>:
 a7c:	66 1f       	adc	r22, r22
 a7e:	77 1f       	adc	r23, r23
 a80:	88 1f       	adc	r24, r24
 a82:	99 1f       	adc	r25, r25
 a84:	1a 94       	dec	r1
 a86:	69 f7       	brne	.-38     	; 0xa62 <__udivmodsi4_loop>
 a88:	60 95       	com	r22
 a8a:	70 95       	com	r23
 a8c:	80 95       	com	r24
 a8e:	90 95       	com	r25
 a90:	9b 01       	movw	r18, r22
 a92:	ac 01       	movw	r20, r24
 a94:	bd 01       	movw	r22, r26
 a96:	cf 01       	movw	r24, r30
 a98:	08 95       	ret

00000a9a <__divmodsi4>:
 a9a:	05 2e       	mov	r0, r21
 a9c:	97 fb       	bst	r25, 7
 a9e:	1e f4       	brtc	.+6      	; 0xaa6 <__divmodsi4+0xc>
 aa0:	00 94       	com	r0
 aa2:	0e 94 64 05 	call	0xac8	; 0xac8 <__negsi2>
 aa6:	57 fd       	sbrc	r21, 7
 aa8:	07 d0       	rcall	.+14     	; 0xab8 <__divmodsi4_neg2>
 aaa:	0e 94 2b 05 	call	0xa56	; 0xa56 <__udivmodsi4>
 aae:	07 fc       	sbrc	r0, 7
 ab0:	03 d0       	rcall	.+6      	; 0xab8 <__divmodsi4_neg2>
 ab2:	4e f4       	brtc	.+18     	; 0xac6 <__divmodsi4_exit>
 ab4:	0c 94 64 05 	jmp	0xac8	; 0xac8 <__negsi2>

00000ab8 <__divmodsi4_neg2>:
 ab8:	50 95       	com	r21
 aba:	40 95       	com	r20
 abc:	30 95       	com	r19
 abe:	21 95       	neg	r18
 ac0:	3f 4f       	sbci	r19, 0xFF	; 255
 ac2:	4f 4f       	sbci	r20, 0xFF	; 255
 ac4:	5f 4f       	sbci	r21, 0xFF	; 255

00000ac6 <__divmodsi4_exit>:
 ac6:	08 95       	ret

00000ac8 <__negsi2>:
 ac8:	90 95       	com	r25
 aca:	80 95       	com	r24
 acc:	70 95       	com	r23
 ace:	61 95       	neg	r22
 ad0:	7f 4f       	sbci	r23, 0xFF	; 255
 ad2:	8f 4f       	sbci	r24, 0xFF	; 255
 ad4:	9f 4f       	sbci	r25, 0xFF	; 255
 ad6:	08 95       	ret

00000ad8 <__cmpsf2>:
 ad8:	0e 94 dd 05 	call	0xbba	; 0xbba <__fp_cmp>
 adc:	08 f4       	brcc	.+2      	; 0xae0 <__cmpsf2+0x8>
 ade:	81 e0       	ldi	r24, 0x01	; 1
 ae0:	08 95       	ret

00000ae2 <__fixunssfsi>:
 ae2:	0e 94 09 06 	call	0xc12	; 0xc12 <__fp_splitA>
 ae6:	88 f0       	brcs	.+34     	; 0xb0a <__fixunssfsi+0x28>
 ae8:	9f 57       	subi	r25, 0x7F	; 127
 aea:	98 f0       	brcs	.+38     	; 0xb12 <__fixunssfsi+0x30>
 aec:	b9 2f       	mov	r27, r25
 aee:	99 27       	eor	r25, r25
 af0:	b7 51       	subi	r27, 0x17	; 23
 af2:	b0 f0       	brcs	.+44     	; 0xb20 <__fixunssfsi+0x3e>
 af4:	e1 f0       	breq	.+56     	; 0xb2e <__fixunssfsi+0x4c>
 af6:	66 0f       	add	r22, r22
 af8:	77 1f       	adc	r23, r23
 afa:	88 1f       	adc	r24, r24
 afc:	99 1f       	adc	r25, r25
 afe:	1a f0       	brmi	.+6      	; 0xb06 <__fixunssfsi+0x24>
 b00:	ba 95       	dec	r27
 b02:	c9 f7       	brne	.-14     	; 0xaf6 <__fixunssfsi+0x14>
 b04:	14 c0       	rjmp	.+40     	; 0xb2e <__fixunssfsi+0x4c>
 b06:	b1 30       	cpi	r27, 0x01	; 1
 b08:	91 f0       	breq	.+36     	; 0xb2e <__fixunssfsi+0x4c>
 b0a:	0e 94 23 06 	call	0xc46	; 0xc46 <__fp_zero>
 b0e:	b1 e0       	ldi	r27, 0x01	; 1
 b10:	08 95       	ret
 b12:	0c 94 23 06 	jmp	0xc46	; 0xc46 <__fp_zero>
 b16:	67 2f       	mov	r22, r23
 b18:	78 2f       	mov	r23, r24
 b1a:	88 27       	eor	r24, r24
 b1c:	b8 5f       	subi	r27, 0xF8	; 248
 b1e:	39 f0       	breq	.+14     	; 0xb2e <__fixunssfsi+0x4c>
 b20:	b9 3f       	cpi	r27, 0xF9	; 249
 b22:	cc f3       	brlt	.-14     	; 0xb16 <__fixunssfsi+0x34>
 b24:	86 95       	lsr	r24
 b26:	77 95       	ror	r23
 b28:	67 95       	ror	r22
 b2a:	b3 95       	inc	r27
 b2c:	d9 f7       	brne	.-10     	; 0xb24 <__fixunssfsi+0x42>
 b2e:	3e f4       	brtc	.+14     	; 0xb3e <__fixunssfsi+0x5c>
 b30:	90 95       	com	r25
 b32:	80 95       	com	r24
 b34:	70 95       	com	r23
 b36:	61 95       	neg	r22
 b38:	7f 4f       	sbci	r23, 0xFF	; 255
 b3a:	8f 4f       	sbci	r24, 0xFF	; 255
 b3c:	9f 4f       	sbci	r25, 0xFF	; 255
 b3e:	08 95       	ret

00000b40 <__floatunsisf>:
 b40:	e8 94       	clt
 b42:	09 c0       	rjmp	.+18     	; 0xb56 <__floatsisf+0x12>

00000b44 <__floatsisf>:
 b44:	97 fb       	bst	r25, 7
 b46:	3e f4       	brtc	.+14     	; 0xb56 <__floatsisf+0x12>
 b48:	90 95       	com	r25
 b4a:	80 95       	com	r24
 b4c:	70 95       	com	r23
 b4e:	61 95       	neg	r22
 b50:	7f 4f       	sbci	r23, 0xFF	; 255
 b52:	8f 4f       	sbci	r24, 0xFF	; 255
 b54:	9f 4f       	sbci	r25, 0xFF	; 255
 b56:	99 23       	and	r25, r25
 b58:	a9 f0       	breq	.+42     	; 0xb84 <__floatsisf+0x40>
 b5a:	f9 2f       	mov	r31, r25
 b5c:	96 e9       	ldi	r25, 0x96	; 150
 b5e:	bb 27       	eor	r27, r27
 b60:	93 95       	inc	r25
 b62:	f6 95       	lsr	r31
 b64:	87 95       	ror	r24
 b66:	77 95       	ror	r23
 b68:	67 95       	ror	r22
 b6a:	b7 95       	ror	r27
 b6c:	f1 11       	cpse	r31, r1
 b6e:	f8 cf       	rjmp	.-16     	; 0xb60 <__floatsisf+0x1c>
 b70:	fa f4       	brpl	.+62     	; 0xbb0 <__floatsisf+0x6c>
 b72:	bb 0f       	add	r27, r27
 b74:	11 f4       	brne	.+4      	; 0xb7a <__floatsisf+0x36>
 b76:	60 ff       	sbrs	r22, 0
 b78:	1b c0       	rjmp	.+54     	; 0xbb0 <__floatsisf+0x6c>
 b7a:	6f 5f       	subi	r22, 0xFF	; 255
 b7c:	7f 4f       	sbci	r23, 0xFF	; 255
 b7e:	8f 4f       	sbci	r24, 0xFF	; 255
 b80:	9f 4f       	sbci	r25, 0xFF	; 255
 b82:	16 c0       	rjmp	.+44     	; 0xbb0 <__floatsisf+0x6c>
 b84:	88 23       	and	r24, r24
 b86:	11 f0       	breq	.+4      	; 0xb8c <__floatsisf+0x48>
 b88:	96 e9       	ldi	r25, 0x96	; 150
 b8a:	11 c0       	rjmp	.+34     	; 0xbae <__floatsisf+0x6a>
 b8c:	77 23       	and	r23, r23
 b8e:	21 f0       	breq	.+8      	; 0xb98 <__floatsisf+0x54>
 b90:	9e e8       	ldi	r25, 0x8E	; 142
 b92:	87 2f       	mov	r24, r23
 b94:	76 2f       	mov	r23, r22
 b96:	05 c0       	rjmp	.+10     	; 0xba2 <__floatsisf+0x5e>
 b98:	66 23       	and	r22, r22
 b9a:	71 f0       	breq	.+28     	; 0xbb8 <__floatsisf+0x74>
 b9c:	96 e8       	ldi	r25, 0x86	; 134
 b9e:	86 2f       	mov	r24, r22
 ba0:	70 e0       	ldi	r23, 0x00	; 0
 ba2:	60 e0       	ldi	r22, 0x00	; 0
 ba4:	2a f0       	brmi	.+10     	; 0xbb0 <__floatsisf+0x6c>
 ba6:	9a 95       	dec	r25
 ba8:	66 0f       	add	r22, r22
 baa:	77 1f       	adc	r23, r23
 bac:	88 1f       	adc	r24, r24
 bae:	da f7       	brpl	.-10     	; 0xba6 <__floatsisf+0x62>
 bb0:	88 0f       	add	r24, r24
 bb2:	96 95       	lsr	r25
 bb4:	87 95       	ror	r24
 bb6:	97 f9       	bld	r25, 7
 bb8:	08 95       	ret

00000bba <__fp_cmp>:
 bba:	99 0f       	add	r25, r25
 bbc:	00 08       	sbc	r0, r0
 bbe:	55 0f       	add	r21, r21
 bc0:	aa 0b       	sbc	r26, r26
 bc2:	e0 e8       	ldi	r30, 0x80	; 128
 bc4:	fe ef       	ldi	r31, 0xFE	; 254
 bc6:	16 16       	cp	r1, r22
 bc8:	17 06       	cpc	r1, r23
 bca:	e8 07       	cpc	r30, r24
 bcc:	f9 07       	cpc	r31, r25
 bce:	c0 f0       	brcs	.+48     	; 0xc00 <__fp_cmp+0x46>
 bd0:	12 16       	cp	r1, r18
 bd2:	13 06       	cpc	r1, r19
 bd4:	e4 07       	cpc	r30, r20
 bd6:	f5 07       	cpc	r31, r21
 bd8:	98 f0       	brcs	.+38     	; 0xc00 <__fp_cmp+0x46>
 bda:	62 1b       	sub	r22, r18
 bdc:	73 0b       	sbc	r23, r19
 bde:	84 0b       	sbc	r24, r20
 be0:	95 0b       	sbc	r25, r21
 be2:	39 f4       	brne	.+14     	; 0xbf2 <__fp_cmp+0x38>
 be4:	0a 26       	eor	r0, r26
 be6:	61 f0       	breq	.+24     	; 0xc00 <__fp_cmp+0x46>
 be8:	23 2b       	or	r18, r19
 bea:	24 2b       	or	r18, r20
 bec:	25 2b       	or	r18, r21
 bee:	21 f4       	brne	.+8      	; 0xbf8 <__fp_cmp+0x3e>
 bf0:	08 95       	ret
 bf2:	0a 26       	eor	r0, r26
 bf4:	09 f4       	brne	.+2      	; 0xbf8 <__fp_cmp+0x3e>
 bf6:	a1 40       	sbci	r26, 0x01	; 1
 bf8:	a6 95       	lsr	r26
 bfa:	8f ef       	ldi	r24, 0xFF	; 255
 bfc:	81 1d       	adc	r24, r1
 bfe:	81 1d       	adc	r24, r1
 c00:	08 95       	ret

00000c02 <__fp_split3>:
 c02:	57 fd       	sbrc	r21, 7
 c04:	90 58       	subi	r25, 0x80	; 128
 c06:	44 0f       	add	r20, r20
 c08:	55 1f       	adc	r21, r21
 c0a:	59 f0       	breq	.+22     	; 0xc22 <__fp_splitA+0x10>
 c0c:	5f 3f       	cpi	r21, 0xFF	; 255
 c0e:	71 f0       	breq	.+28     	; 0xc2c <__fp_splitA+0x1a>
 c10:	47 95       	ror	r20

00000c12 <__fp_splitA>:
 c12:	88 0f       	add	r24, r24
 c14:	97 fb       	bst	r25, 7
 c16:	99 1f       	adc	r25, r25
 c18:	61 f0       	breq	.+24     	; 0xc32 <__fp_splitA+0x20>
 c1a:	9f 3f       	cpi	r25, 0xFF	; 255
 c1c:	79 f0       	breq	.+30     	; 0xc3c <__fp_splitA+0x2a>
 c1e:	87 95       	ror	r24
 c20:	08 95       	ret
 c22:	12 16       	cp	r1, r18
 c24:	13 06       	cpc	r1, r19
 c26:	14 06       	cpc	r1, r20
 c28:	55 1f       	adc	r21, r21
 c2a:	f2 cf       	rjmp	.-28     	; 0xc10 <__fp_split3+0xe>
 c2c:	46 95       	lsr	r20
 c2e:	f1 df       	rcall	.-30     	; 0xc12 <__fp_splitA>
 c30:	08 c0       	rjmp	.+16     	; 0xc42 <__fp_splitA+0x30>
 c32:	16 16       	cp	r1, r22
 c34:	17 06       	cpc	r1, r23
 c36:	18 06       	cpc	r1, r24
 c38:	99 1f       	adc	r25, r25
 c3a:	f1 cf       	rjmp	.-30     	; 0xc1e <__fp_splitA+0xc>
 c3c:	86 95       	lsr	r24
 c3e:	71 05       	cpc	r23, r1
 c40:	61 05       	cpc	r22, r1
 c42:	08 94       	sec
 c44:	08 95       	ret

00000c46 <__fp_zero>:
 c46:	e8 94       	clt

00000c48 <__fp_szero>:
 c48:	bb 27       	eor	r27, r27
 c4a:	66 27       	eor	r22, r22
 c4c:	77 27       	eor	r23, r23
 c4e:	cb 01       	movw	r24, r22
 c50:	97 f9       	bld	r25, 7
 c52:	08 95       	ret

00000c54 <__gesf2>:
 c54:	0e 94 dd 05 	call	0xbba	; 0xbba <__fp_cmp>
 c58:	08 f4       	brcc	.+2      	; 0xc5c <__gesf2+0x8>
 c5a:	8f ef       	ldi	r24, 0xFF	; 255
 c5c:	08 95       	ret

00000c5e <__mulsf3>:
 c5e:	0e 94 42 06 	call	0xc84	; 0xc84 <__mulsf3x>
 c62:	0c 94 b3 06 	jmp	0xd66	; 0xd66 <__fp_round>
 c66:	0e 94 a5 06 	call	0xd4a	; 0xd4a <__fp_pscA>
 c6a:	38 f0       	brcs	.+14     	; 0xc7a <__mulsf3+0x1c>
 c6c:	0e 94 ac 06 	call	0xd58	; 0xd58 <__fp_pscB>
 c70:	20 f0       	brcs	.+8      	; 0xc7a <__mulsf3+0x1c>
 c72:	95 23       	and	r25, r21
 c74:	11 f0       	breq	.+4      	; 0xc7a <__mulsf3+0x1c>
 c76:	0c 94 9c 06 	jmp	0xd38	; 0xd38 <__fp_inf>
 c7a:	0c 94 a2 06 	jmp	0xd44	; 0xd44 <__fp_nan>
 c7e:	11 24       	eor	r1, r1
 c80:	0c 94 24 06 	jmp	0xc48	; 0xc48 <__fp_szero>

00000c84 <__mulsf3x>:
 c84:	0e 94 01 06 	call	0xc02	; 0xc02 <__fp_split3>
 c88:	70 f3       	brcs	.-36     	; 0xc66 <__mulsf3+0x8>

00000c8a <__mulsf3_pse>:
 c8a:	95 9f       	mul	r25, r21
 c8c:	c1 f3       	breq	.-16     	; 0xc7e <__mulsf3+0x20>
 c8e:	95 0f       	add	r25, r21
 c90:	50 e0       	ldi	r21, 0x00	; 0
 c92:	55 1f       	adc	r21, r21
 c94:	62 9f       	mul	r22, r18
 c96:	f0 01       	movw	r30, r0
 c98:	72 9f       	mul	r23, r18
 c9a:	bb 27       	eor	r27, r27
 c9c:	f0 0d       	add	r31, r0
 c9e:	b1 1d       	adc	r27, r1
 ca0:	63 9f       	mul	r22, r19
 ca2:	aa 27       	eor	r26, r26
 ca4:	f0 0d       	add	r31, r0
 ca6:	b1 1d       	adc	r27, r1
 ca8:	aa 1f       	adc	r26, r26
 caa:	64 9f       	mul	r22, r20
 cac:	66 27       	eor	r22, r22
 cae:	b0 0d       	add	r27, r0
 cb0:	a1 1d       	adc	r26, r1
 cb2:	66 1f       	adc	r22, r22
 cb4:	82 9f       	mul	r24, r18
 cb6:	22 27       	eor	r18, r18
 cb8:	b0 0d       	add	r27, r0
 cba:	a1 1d       	adc	r26, r1
 cbc:	62 1f       	adc	r22, r18
 cbe:	73 9f       	mul	r23, r19
 cc0:	b0 0d       	add	r27, r0
 cc2:	a1 1d       	adc	r26, r1
 cc4:	62 1f       	adc	r22, r18
 cc6:	83 9f       	mul	r24, r19
 cc8:	a0 0d       	add	r26, r0
 cca:	61 1d       	adc	r22, r1
 ccc:	22 1f       	adc	r18, r18
 cce:	74 9f       	mul	r23, r20
 cd0:	33 27       	eor	r19, r19
 cd2:	a0 0d       	add	r26, r0
 cd4:	61 1d       	adc	r22, r1
 cd6:	23 1f       	adc	r18, r19
 cd8:	84 9f       	mul	r24, r20
 cda:	60 0d       	add	r22, r0
 cdc:	21 1d       	adc	r18, r1
 cde:	82 2f       	mov	r24, r18
 ce0:	76 2f       	mov	r23, r22
 ce2:	6a 2f       	mov	r22, r26
 ce4:	11 24       	eor	r1, r1
 ce6:	9f 57       	subi	r25, 0x7F	; 127
 ce8:	50 40       	sbci	r21, 0x00	; 0
 cea:	9a f0       	brmi	.+38     	; 0xd12 <__mulsf3_pse+0x88>
 cec:	f1 f0       	breq	.+60     	; 0xd2a <__mulsf3_pse+0xa0>
 cee:	88 23       	and	r24, r24
 cf0:	4a f0       	brmi	.+18     	; 0xd04 <__mulsf3_pse+0x7a>
 cf2:	ee 0f       	add	r30, r30
 cf4:	ff 1f       	adc	r31, r31
 cf6:	bb 1f       	adc	r27, r27
 cf8:	66 1f       	adc	r22, r22
 cfa:	77 1f       	adc	r23, r23
 cfc:	88 1f       	adc	r24, r24
 cfe:	91 50       	subi	r25, 0x01	; 1
 d00:	50 40       	sbci	r21, 0x00	; 0
 d02:	a9 f7       	brne	.-22     	; 0xcee <__mulsf3_pse+0x64>
 d04:	9e 3f       	cpi	r25, 0xFE	; 254
 d06:	51 05       	cpc	r21, r1
 d08:	80 f0       	brcs	.+32     	; 0xd2a <__mulsf3_pse+0xa0>
 d0a:	0c 94 9c 06 	jmp	0xd38	; 0xd38 <__fp_inf>
 d0e:	0c 94 24 06 	jmp	0xc48	; 0xc48 <__fp_szero>
 d12:	5f 3f       	cpi	r21, 0xFF	; 255
 d14:	e4 f3       	brlt	.-8      	; 0xd0e <__mulsf3_pse+0x84>
 d16:	98 3e       	cpi	r25, 0xE8	; 232
 d18:	d4 f3       	brlt	.-12     	; 0xd0e <__mulsf3_pse+0x84>
 d1a:	86 95       	lsr	r24
 d1c:	77 95       	ror	r23
 d1e:	67 95       	ror	r22
 d20:	b7 95       	ror	r27
 d22:	f7 95       	ror	r31
 d24:	e7 95       	ror	r30
 d26:	9f 5f       	subi	r25, 0xFF	; 255
 d28:	c1 f7       	brne	.-16     	; 0xd1a <__mulsf3_pse+0x90>
 d2a:	fe 2b       	or	r31, r30
 d2c:	88 0f       	add	r24, r24
 d2e:	91 1d       	adc	r25, r1
 d30:	96 95       	lsr	r25
 d32:	87 95       	ror	r24
 d34:	97 f9       	bld	r25, 7
 d36:	08 95       	ret

00000d38 <__fp_inf>:
 d38:	97 f9       	bld	r25, 7
 d3a:	9f 67       	ori	r25, 0x7F	; 127
 d3c:	80 e8       	ldi	r24, 0x80	; 128
 d3e:	70 e0       	ldi	r23, 0x00	; 0
 d40:	60 e0       	ldi	r22, 0x00	; 0
 d42:	08 95       	ret

00000d44 <__fp_nan>:
 d44:	9f ef       	ldi	r25, 0xFF	; 255
 d46:	80 ec       	ldi	r24, 0xC0	; 192
 d48:	08 95       	ret

00000d4a <__fp_pscA>:
 d4a:	00 24       	eor	r0, r0
 d4c:	0a 94       	dec	r0
 d4e:	16 16       	cp	r1, r22
 d50:	17 06       	cpc	r1, r23
 d52:	18 06       	cpc	r1, r24
 d54:	09 06       	cpc	r0, r25
 d56:	08 95       	ret

00000d58 <__fp_pscB>:
 d58:	00 24       	eor	r0, r0
 d5a:	0a 94       	dec	r0
 d5c:	12 16       	cp	r1, r18
 d5e:	13 06       	cpc	r1, r19
 d60:	14 06       	cpc	r1, r20
 d62:	05 06       	cpc	r0, r21
 d64:	08 95       	ret

00000d66 <__fp_round>:
 d66:	09 2e       	mov	r0, r25
 d68:	03 94       	inc	r0
 d6a:	00 0c       	add	r0, r0
 d6c:	11 f4       	brne	.+4      	; 0xd72 <__fp_round+0xc>
 d6e:	88 23       	and	r24, r24
 d70:	52 f0       	brmi	.+20     	; 0xd86 <__fp_round+0x20>
 d72:	bb 0f       	add	r27, r27
 d74:	40 f4       	brcc	.+16     	; 0xd86 <__fp_round+0x20>
 d76:	bf 2b       	or	r27, r31
 d78:	11 f4       	brne	.+4      	; 0xd7e <__fp_round+0x18>
 d7a:	60 ff       	sbrs	r22, 0
 d7c:	04 c0       	rjmp	.+8      	; 0xd86 <__fp_round+0x20>
 d7e:	6f 5f       	subi	r22, 0xFF	; 255
 d80:	7f 4f       	sbci	r23, 0xFF	; 255
 d82:	8f 4f       	sbci	r24, 0xFF	; 255
 d84:	9f 4f       	sbci	r25, 0xFF	; 255
 d86:	08 95       	ret

00000d88 <strlen>:
 d88:	fc 01       	movw	r30, r24
 d8a:	01 90       	ld	r0, Z+
 d8c:	00 20       	and	r0, r0
 d8e:	e9 f7       	brne	.-6      	; 0xd8a <strlen+0x2>
 d90:	80 95       	com	r24
 d92:	90 95       	com	r25
 d94:	8e 0f       	add	r24, r30
 d96:	9f 1f       	adc	r25, r31
 d98:	08 95       	ret

00000d9a <_exit>:
 d9a:	f8 94       	cli

00000d9c <__stop_program>:
 d9c:	ff cf       	rjmp	.-2      	; 0xd9c <__stop_program>
