
output/main.elf:     file format elf32-avr

Sections:
Idx Name          Size      VMA       LMA       File off  Algn
  0 .data         00000044  00800100  00000de8  00000e7c  2**0
                  CONTENTS, ALLOC, LOAD, DATA
  1 .text         00000de8  00000000  00000000  00000094  2**1
                  CONTENTS, ALLOC, LOAD, READONLY, CODE
  2 .bss          00000012  00800144  00800144  00000ec0  2**0
                  ALLOC
  3 .comment      00000030  00000000  00000000  00000ec0  2**0
                  CONTENTS, READONLY
  4 .note.gnu.avr.deviceinfo 00000040  00000000  00000000  00000ef0  2**2
                  CONTENTS, READONLY
  5 .debug_aranges 00000048  00000000  00000000  00000f30  2**0
                  CONTENTS, READONLY, DEBUGGING
  6 .debug_info   0000142c  00000000  00000000  00000f78  2**0
                  CONTENTS, READONLY, DEBUGGING
  7 .debug_abbrev 00000bc8  00000000  00000000  000023a4  2**0
                  CONTENTS, READONLY, DEBUGGING
  8 .debug_line   00000be8  00000000  00000000  00002f6c  2**0
                  CONTENTS, READONLY, DEBUGGING
  9 .debug_frame  000002cc  00000000  00000000  00003b54  2**2
                  CONTENTS, READONLY, DEBUGGING
 10 .debug_str    000004fa  00000000  00000000  00003e20  2**0
                  CONTENTS, READONLY, DEBUGGING
 11 .debug_loc    00001329  00000000  00000000  0000431a  2**0
                  CONTENTS, READONLY, DEBUGGING
 12 .debug_ranges 000000d0  00000000  00000000  00005643  2**0
                  CONTENTS, READONLY, DEBUGGING

Disassembly of section .text:

00000000 <__vectors>:
   0:	0c 94 34 00 	jmp	0x68	; 0x68 <__ctors_end>
   4:	0c 94 51 00 	jmp	0xa2	; 0xa2 <__bad_interrupt>
   8:	0c 94 51 00 	jmp	0xa2	; 0xa2 <__bad_interrupt>
   c:	0c 94 51 00 	jmp	0xa2	; 0xa2 <__bad_interrupt>
  10:	0c 94 51 00 	jmp	0xa2	; 0xa2 <__bad_interrupt>
  14:	0c 94 51 00 	jmp	0xa2	; 0xa2 <__bad_interrupt>
  18:	0c 94 51 00 	jmp	0xa2	; 0xa2 <__bad_interrupt>
  1c:	0c 94 51 00 	jmp	0xa2	; 0xa2 <__bad_interrupt>
  20:	0c 94 51 00 	jmp	0xa2	; 0xa2 <__bad_interrupt>
  24:	0c 94 51 00 	jmp	0xa2	; 0xa2 <__bad_interrupt>
  28:	0c 94 77 04 	jmp	0x8ee	; 0x8ee <__vector_10>
  2c:	0c 94 51 00 	jmp	0xa2	; 0xa2 <__bad_interrupt>
  30:	0c 94 51 00 	jmp	0xa2	; 0xa2 <__bad_interrupt>
  34:	0c 94 62 04 	jmp	0x8c4	; 0x8c4 <__vector_13>
  38:	0c 94 51 00 	jmp	0xa2	; 0xa2 <__bad_interrupt>
  3c:	0c 94 51 00 	jmp	0xa2	; 0xa2 <__bad_interrupt>
  40:	0c 94 51 00 	jmp	0xa2	; 0xa2 <__bad_interrupt>
  44:	0c 94 51 00 	jmp	0xa2	; 0xa2 <__bad_interrupt>
  48:	0c 94 51 00 	jmp	0xa2	; 0xa2 <__bad_interrupt>
  4c:	0c 94 51 00 	jmp	0xa2	; 0xa2 <__bad_interrupt>
  50:	0c 94 51 00 	jmp	0xa2	; 0xa2 <__bad_interrupt>
  54:	0c 94 51 00 	jmp	0xa2	; 0xa2 <__bad_interrupt>
  58:	0c 94 51 00 	jmp	0xa2	; 0xa2 <__bad_interrupt>
  5c:	0c 94 51 00 	jmp	0xa2	; 0xa2 <__bad_interrupt>
  60:	0c 94 51 00 	jmp	0xa2	; 0xa2 <__bad_interrupt>
  64:	0c 94 51 00 	jmp	0xa2	; 0xa2 <__bad_interrupt>

00000068 <__ctors_end>:
  68:	11 24       	eor	r1, r1
  6a:	1f be       	out	0x3f, r1	; 63
  6c:	cf ef       	ldi	r28, 0xFF	; 255
  6e:	d8 e0       	ldi	r29, 0x08	; 8
  70:	de bf       	out	0x3e, r29	; 62
  72:	cd bf       	out	0x3d, r28	; 61

00000074 <__do_copy_data>:
  74:	11 e0       	ldi	r17, 0x01	; 1
  76:	a0 e0       	ldi	r26, 0x00	; 0
  78:	b1 e0       	ldi	r27, 0x01	; 1
  7a:	e8 ee       	ldi	r30, 0xE8	; 232
  7c:	fd e0       	ldi	r31, 0x0D	; 13
  7e:	02 c0       	rjmp	.+4      	; 0x84 <__do_copy_data+0x10>
  80:	05 90       	lpm	r0, Z+
  82:	0d 92       	st	X+, r0
  84:	a4 34       	cpi	r26, 0x44	; 68
  86:	b1 07       	cpc	r27, r17
  88:	d9 f7       	brne	.-10     	; 0x80 <__do_copy_data+0xc>

0000008a <__do_clear_bss>:
  8a:	21 e0       	ldi	r18, 0x01	; 1
  8c:	a4 e4       	ldi	r26, 0x44	; 68
  8e:	b1 e0       	ldi	r27, 0x01	; 1
  90:	01 c0       	rjmp	.+2      	; 0x94 <.do_clear_bss_start>

00000092 <.do_clear_bss_loop>:
  92:	1d 92       	st	X+, r1

00000094 <.do_clear_bss_start>:
  94:	a6 35       	cpi	r26, 0x56	; 86
  96:	b2 07       	cpc	r27, r18
  98:	e1 f7       	brne	.-8      	; 0x92 <.do_clear_bss_loop>
  9a:	0e 94 c8 04 	call	0x990	; 0x990 <main>
  9e:	0c 94 f2 06 	jmp	0xde4	; 0xde4 <_exit>

000000a2 <__bad_interrupt>:
  a2:	0c 94 00 00 	jmp	0	; 0x0 <__vectors>

000000a6 <avr_uart_putchar>:

	xdev_out(avr_uart_putchar);
}

void avr_uart_putchar(char c, FILE *stream) 
{
  a6:	cf 93       	push	r28
  a8:	c8 2f       	mov	r28, r24
    if (c == '\n') {
  aa:	8a 30       	cpi	r24, 0x0A	; 10
  ac:	19 f4       	brne	.+6      	; 0xb4 <avr_uart_putchar+0xe>
        avr_uart_putchar('\r', stream);
  ae:	8d e0       	ldi	r24, 0x0D	; 13
  b0:	0e 94 53 00 	call	0xa6	; 0xa6 <avr_uart_putchar>
    }
    loop_until_bit_is_set(UCSR0A, UDRE0);
  b4:	80 91 c0 00 	lds	r24, 0x00C0	; 0x8000c0 <__TEXT_REGION_LENGTH__+0x7f80c0>
  b8:	85 ff       	sbrs	r24, 5
  ba:	fc cf       	rjmp	.-8      	; 0xb4 <avr_uart_putchar+0xe>
    UDR0 = c;
  bc:	c0 93 c6 00 	sts	0x00C6, r28	; 0x8000c6 <__TEXT_REGION_LENGTH__+0x7f80c6>
}
  c0:	cf 91       	pop	r28
  c2:	08 95       	ret

000000c4 <avr_uart_getchar>:

char avr_uart_getchar(FILE *stream) 
{
    loop_until_bit_is_set(UCSR0A, RXC0);
  c4:	80 91 c0 00 	lds	r24, 0x00C0	; 0x8000c0 <__TEXT_REGION_LENGTH__+0x7f80c0>
  c8:	87 ff       	sbrs	r24, 7
  ca:	fc cf       	rjmp	.-8      	; 0xc4 <avr_uart_getchar>
    return UDR0;
  cc:	80 91 c6 00 	lds	r24, 0x00C6	; 0x8000c6 <__TEXT_REGION_LENGTH__+0x7f80c6>
}
  d0:	08 95       	ret

000000d2 <avr_uart_getchar_echo>:


char avr_uart_getchar_echo(FILE *stream) 
{
  d2:	cf 93       	push	r28
    loop_until_bit_is_set(UCSR0A, RXC0);
  d4:	20 91 c0 00 	lds	r18, 0x00C0	; 0x8000c0 <__TEXT_REGION_LENGTH__+0x7f80c0>
  d8:	27 ff       	sbrs	r18, 7
  da:	fc cf       	rjmp	.-8      	; 0xd4 <avr_uart_getchar_echo+0x2>
    char c=UDR0;
  dc:	c0 91 c6 00 	lds	r28, 0x00C6	; 0x8000c6 <__TEXT_REGION_LENGTH__+0x7f80c6>
    avr_uart_putchar(c, stream);
  e0:	bc 01       	movw	r22, r24
  e2:	8c 2f       	mov	r24, r28
  e4:	0e 94 53 00 	call	0xa6	; 0xa6 <avr_uart_putchar>
    return c;
}
  e8:	8c 2f       	mov	r24, r28
  ea:	cf 91       	pop	r28
  ec:	08 95       	ret

000000ee <set_register_bit>:
#include "functions.h"
#include "util/delay.h"

void set_register_bit(volatile uint8_t *muc_register, uint8_t bit)
{
  ee:	fc 01       	movw	r30, r24
	*muc_register |= _BV(bit);
  f0:	90 81       	ld	r25, Z
  f2:	21 e0       	ldi	r18, 0x01	; 1
  f4:	30 e0       	ldi	r19, 0x00	; 0
  f6:	01 c0       	rjmp	.+2      	; 0xfa <set_register_bit+0xc>
  f8:	22 0f       	add	r18, r18
  fa:	6a 95       	dec	r22
  fc:	ea f7       	brpl	.-6      	; 0xf8 <set_register_bit+0xa>
  fe:	92 2b       	or	r25, r18
 100:	90 83       	st	Z, r25
}
 102:	08 95       	ret

00000104 <clear_register_bit>:

void clear_register_bit(volatile uint8_t *muc_register, uint8_t bit)
{
	*muc_register &= ~_BV(bit);
 104:	fc 01       	movw	r30, r24
 106:	40 81       	ld	r20, Z
 108:	21 e0       	ldi	r18, 0x01	; 1
 10a:	30 e0       	ldi	r19, 0x00	; 0
 10c:	01 c0       	rjmp	.+2      	; 0x110 <clear_register_bit+0xc>
 10e:	22 0f       	add	r18, r18
 110:	6a 95       	dec	r22
 112:	ea f7       	brpl	.-6      	; 0x10e <clear_register_bit+0xa>
 114:	20 95       	com	r18
 116:	24 23       	and	r18, r20
 118:	20 83       	st	Z, r18
}
 11a:	08 95       	ret

0000011c <blink>:
//delay: blink time interval
//n>0,delay>0  normal 
//n=0,delay>0  cycle 
//n=0,delay=0  toggle 
void blink(uint8_t n,uint16_t delay)
{
 11c:	4f 92       	push	r4
 11e:	5f 92       	push	r5
 120:	6f 92       	push	r6
 122:	7f 92       	push	r7
 124:	8f 92       	push	r8
 126:	9f 92       	push	r9
 128:	af 92       	push	r10
 12a:	bf 92       	push	r11
 12c:	cf 92       	push	r12
 12e:	df 92       	push	r13
 130:	ef 92       	push	r14
 132:	ff 92       	push	r15
 134:	0f 93       	push	r16
 136:	1f 93       	push	r17
 138:	cf 93       	push	r28
 13a:	df 93       	push	r29
 13c:	18 2f       	mov	r17, r24
	DDRB |= _BV(PB5);
 13e:	25 9a       	sbi	0x04, 5	; 4
	if((n>0)&&(delay>0))
 140:	88 23       	and	r24, r24
 142:	09 f4       	brne	.+2      	; 0x146 <blink+0x2a>
 144:	91 c0       	rjmp	.+290    	; 0x268 <blink+0x14c>
 146:	61 15       	cp	r22, r1
 148:	71 05       	cpc	r23, r1
 14a:	09 f4       	brne	.+2      	; 0x14e <blink+0x32>
 14c:	68 c0       	rjmp	.+208    	; 0x21e <blink+0x102>
	{
		while(n)
		{

			PORTB |= _BV(PB5);
			_delay_ms(delay);
 14e:	90 e0       	ldi	r25, 0x00	; 0
 150:	80 e0       	ldi	r24, 0x00	; 0
 152:	0e 94 c5 05 	call	0xb8a	; 0xb8a <__floatunsisf>
 156:	2b 01       	movw	r4, r22
 158:	3c 01       	movw	r6, r24

	__builtin_avr_delay_cycles(__ticks_dc);

#else
	uint16_t __ticks;
	__tmp = ((F_CPU) / 4e3) * __ms;
 15a:	20 e0       	ldi	r18, 0x00	; 0
 15c:	30 e0       	ldi	r19, 0x00	; 0
 15e:	4a ef       	ldi	r20, 0xFA	; 250
 160:	54 e4       	ldi	r21, 0x44	; 68
 162:	0e 94 54 06 	call	0xca8	; 0xca8 <__mulsf3>
 166:	6b 01       	movw	r12, r22
 168:	7c 01       	movw	r14, r24
			__ticks --;
		}
		return;
	}
	else
		__ticks = (uint16_t)__tmp;
 16a:	0e 94 96 05 	call	0xb2c	; 0xb2c <__fixunssfsi>
 16e:	4b 01       	movw	r8, r22
 170:	20 e0       	ldi	r18, 0x00	; 0
 172:	30 e0       	ldi	r19, 0x00	; 0
 174:	40 e8       	ldi	r20, 0x80	; 128
 176:	5f e3       	ldi	r21, 0x3F	; 63
 178:	c7 01       	movw	r24, r14
 17a:	b6 01       	movw	r22, r12
 17c:	0e 94 91 05 	call	0xb22	; 0xb22 <__cmpsf2>
 180:	c1 e0       	ldi	r28, 0x01	; 1
 182:	d0 e0       	ldi	r29, 0x00	; 0
 184:	87 ff       	sbrs	r24, 7
 186:	e4 01       	movw	r28, r8
    milliseconds can be achieved.
 */
void
_delay_loop_2(uint16_t __count)
{
	__asm__ volatile (
 188:	88 ec       	ldi	r24, 0xC8	; 200
 18a:	a8 2e       	mov	r10, r24
 18c:	b1 2c       	mov	r11, r1
	if((n>0)&&(delay>0))
	{
		while(n)
		{

			PORTB |= _BV(PB5);
 18e:	2d 9a       	sbi	0x05, 5	; 5
	__builtin_avr_delay_cycles(__ticks_dc);

#else
	uint16_t __ticks;
	__tmp = ((F_CPU) / 4e3) * __ms;
	if (__tmp < 1.0)
 190:	20 e0       	ldi	r18, 0x00	; 0
 192:	30 e0       	ldi	r19, 0x00	; 0
 194:	40 e8       	ldi	r20, 0x80	; 128
 196:	5f e3       	ldi	r21, 0x3F	; 63
 198:	c7 01       	movw	r24, r14
 19a:	b6 01       	movw	r22, r12
 19c:	0e 94 91 05 	call	0xb22	; 0xb22 <__cmpsf2>
 1a0:	87 fd       	sbrc	r24, 7
 1a2:	54 c0       	rjmp	.+168    	; 0x24c <blink+0x130>
		__ticks = 1;
	else if (__tmp > 65535)
 1a4:	20 e0       	ldi	r18, 0x00	; 0
 1a6:	3f ef       	ldi	r19, 0xFF	; 255
 1a8:	4f e7       	ldi	r20, 0x7F	; 127
 1aa:	57 e4       	ldi	r21, 0x47	; 71
 1ac:	c7 01       	movw	r24, r14
 1ae:	b6 01       	movw	r22, r12
 1b0:	0e 94 4f 06 	call	0xc9e	; 0xc9e <__gesf2>
 1b4:	18 16       	cp	r1, r24
 1b6:	0c f0       	brlt	.+2      	; 0x1ba <blink+0x9e>
 1b8:	49 c0       	rjmp	.+146    	; 0x24c <blink+0x130>
	{
		//	__ticks = requested delay in 1/10 ms
		__ticks = (uint16_t) (__ms * 10.0);
 1ba:	20 e0       	ldi	r18, 0x00	; 0
 1bc:	30 e0       	ldi	r19, 0x00	; 0
 1be:	40 e2       	ldi	r20, 0x20	; 32
 1c0:	51 e4       	ldi	r21, 0x41	; 65
 1c2:	c3 01       	movw	r24, r6
 1c4:	b2 01       	movw	r22, r4
 1c6:	0e 94 54 06 	call	0xca8	; 0xca8 <__mulsf3>
 1ca:	0e 94 96 05 	call	0xb2c	; 0xb2c <__fixunssfsi>
		while(__ticks)
 1ce:	61 15       	cp	r22, r1
 1d0:	71 05       	cpc	r23, r1
 1d2:	b1 f5       	brne	.+108    	; 0x240 <blink+0x124>
			_delay_ms(delay);
			PORTB &= ~_BV(PB5);
 1d4:	2d 98       	cbi	0x05, 5	; 5
	__builtin_avr_delay_cycles(__ticks_dc);

#else
	uint16_t __ticks;
	__tmp = ((F_CPU) / 4e3) * __ms;
	if (__tmp < 1.0)
 1d6:	20 e0       	ldi	r18, 0x00	; 0
 1d8:	30 e0       	ldi	r19, 0x00	; 0
 1da:	40 e8       	ldi	r20, 0x80	; 128
 1dc:	5f e3       	ldi	r21, 0x3F	; 63
 1de:	c7 01       	movw	r24, r14
 1e0:	b6 01       	movw	r22, r12
 1e2:	0e 94 91 05 	call	0xb22	; 0xb22 <__cmpsf2>
 1e6:	87 fd       	sbrc	r24, 7
 1e8:	3b c0       	rjmp	.+118    	; 0x260 <blink+0x144>
		__ticks = 1;
	else if (__tmp > 65535)
 1ea:	20 e0       	ldi	r18, 0x00	; 0
 1ec:	3f ef       	ldi	r19, 0xFF	; 255
 1ee:	4f e7       	ldi	r20, 0x7F	; 127
 1f0:	57 e4       	ldi	r21, 0x47	; 71
 1f2:	c7 01       	movw	r24, r14
 1f4:	b6 01       	movw	r22, r12
 1f6:	0e 94 4f 06 	call	0xc9e	; 0xc9e <__gesf2>
 1fa:	18 16       	cp	r1, r24
 1fc:	8c f5       	brge	.+98     	; 0x260 <blink+0x144>
	{
		//	__ticks = requested delay in 1/10 ms
		__ticks = (uint16_t) (__ms * 10.0);
 1fe:	20 e0       	ldi	r18, 0x00	; 0
 200:	30 e0       	ldi	r19, 0x00	; 0
 202:	40 e2       	ldi	r20, 0x20	; 32
 204:	51 e4       	ldi	r21, 0x41	; 65
 206:	c3 01       	movw	r24, r6
 208:	b2 01       	movw	r22, r4
 20a:	0e 94 54 06 	call	0xca8	; 0xca8 <__mulsf3>
 20e:	0e 94 96 05 	call	0xb2c	; 0xb2c <__fixunssfsi>
		while(__ticks)
 212:	61 15       	cp	r22, r1
 214:	71 05       	cpc	r23, r1
 216:	f1 f4       	brne	.+60     	; 0x254 <blink+0x138>
			_delay_ms(delay);
			n--;
 218:	11 50       	subi	r17, 0x01	; 1
void blink(uint8_t n,uint16_t delay)
{
	DDRB |= _BV(PB5);
	if((n>0)&&(delay>0))
	{
		while(n)
 21a:	09 f0       	breq	.+2      	; 0x21e <blink+0x102>
 21c:	b8 cf       	rjmp	.-144    	; 0x18e <blink+0x72>
		if(bit_is_set(PINB,PB5))
			PORTB &= ~_BV(PB5);
		else
			PORTB |= _BV(PB5);
	}
}
 21e:	df 91       	pop	r29
 220:	cf 91       	pop	r28
 222:	1f 91       	pop	r17
 224:	0f 91       	pop	r16
 226:	ff 90       	pop	r15
 228:	ef 90       	pop	r14
 22a:	df 90       	pop	r13
 22c:	cf 90       	pop	r12
 22e:	bf 90       	pop	r11
 230:	af 90       	pop	r10
 232:	9f 90       	pop	r9
 234:	8f 90       	pop	r8
 236:	7f 90       	pop	r7
 238:	6f 90       	pop	r6
 23a:	5f 90       	pop	r5
 23c:	4f 90       	pop	r4
 23e:	08 95       	ret
 240:	c5 01       	movw	r24, r10
 242:	01 97       	sbiw	r24, 0x01	; 1
 244:	f1 f7       	brne	.-4      	; 0x242 <blink+0x126>
		{
			// wait 1/10 ms
			_delay_loop_2(((F_CPU) / 4e3) / 10);
			__ticks --;
 246:	61 50       	subi	r22, 0x01	; 1
 248:	71 09       	sbc	r23, r1
 24a:	c1 cf       	rjmp	.-126    	; 0x1ce <blink+0xb2>
 24c:	ce 01       	movw	r24, r28
 24e:	01 97       	sbiw	r24, 0x01	; 1
 250:	f1 f7       	brne	.-4      	; 0x24e <blink+0x132>
 252:	c0 cf       	rjmp	.-128    	; 0x1d4 <blink+0xb8>
 254:	c5 01       	movw	r24, r10
 256:	01 97       	sbiw	r24, 0x01	; 1
 258:	f1 f7       	brne	.-4      	; 0x256 <blink+0x13a>
 25a:	61 50       	subi	r22, 0x01	; 1
 25c:	71 09       	sbc	r23, r1
 25e:	d9 cf       	rjmp	.-78     	; 0x212 <blink+0xf6>
 260:	ce 01       	movw	r24, r28
 262:	01 97       	sbiw	r24, 0x01	; 1
 264:	f1 f7       	brne	.-4      	; 0x262 <blink+0x146>
 266:	d8 cf       	rjmp	.-80     	; 0x218 <blink+0xfc>
			PORTB &= ~_BV(PB5);
			_delay_ms(delay);
			n--;
		}
	}
	else if((n==0)&&(delay>0))
 268:	61 15       	cp	r22, r1
 26a:	71 05       	cpc	r23, r1
 26c:	09 f4       	brne	.+2      	; 0x270 <blink+0x154>
 26e:	79 c0       	rjmp	.+242    	; 0x362 <blink+0x246>
	{
		while(1)
		{
			PORTB |= _BV(PB5);
			_delay_ms(delay);
 270:	90 e0       	ldi	r25, 0x00	; 0
 272:	80 e0       	ldi	r24, 0x00	; 0
 274:	0e 94 c5 05 	call	0xb8a	; 0xb8a <__floatunsisf>
 278:	4b 01       	movw	r8, r22
 27a:	5c 01       	movw	r10, r24

	__builtin_avr_delay_cycles(__ticks_dc);

#else
	uint16_t __ticks;
	__tmp = ((F_CPU) / 4e3) * __ms;
 27c:	20 e0       	ldi	r18, 0x00	; 0
 27e:	30 e0       	ldi	r19, 0x00	; 0
 280:	4a ef       	ldi	r20, 0xFA	; 250
 282:	54 e4       	ldi	r21, 0x44	; 68
 284:	0e 94 54 06 	call	0xca8	; 0xca8 <__mulsf3>
 288:	6b 01       	movw	r12, r22
 28a:	7c 01       	movw	r14, r24
			__ticks --;
		}
		return;
	}
	else
		__ticks = (uint16_t)__tmp;
 28c:	0e 94 96 05 	call	0xb2c	; 0xb2c <__fixunssfsi>
 290:	2b 01       	movw	r4, r22
 292:	20 e0       	ldi	r18, 0x00	; 0
 294:	30 e0       	ldi	r19, 0x00	; 0
 296:	40 e8       	ldi	r20, 0x80	; 128
 298:	5f e3       	ldi	r21, 0x3F	; 63
 29a:	c7 01       	movw	r24, r14
 29c:	b6 01       	movw	r22, r12
 29e:	0e 94 91 05 	call	0xb22	; 0xb22 <__cmpsf2>
 2a2:	c1 e0       	ldi	r28, 0x01	; 1
 2a4:	d0 e0       	ldi	r29, 0x00	; 0
 2a6:	87 ff       	sbrs	r24, 7
 2a8:	e2 01       	movw	r28, r4
 2aa:	08 ec       	ldi	r16, 0xC8	; 200
 2ac:	10 e0       	ldi	r17, 0x00	; 0
	}
	else if((n==0)&&(delay>0))
	{
		while(1)
		{
			PORTB |= _BV(PB5);
 2ae:	2d 9a       	sbi	0x05, 5	; 5
	__builtin_avr_delay_cycles(__ticks_dc);

#else
	uint16_t __ticks;
	__tmp = ((F_CPU) / 4e3) * __ms;
	if (__tmp < 1.0)
 2b0:	20 e0       	ldi	r18, 0x00	; 0
 2b2:	30 e0       	ldi	r19, 0x00	; 0
 2b4:	40 e8       	ldi	r20, 0x80	; 128
 2b6:	5f e3       	ldi	r21, 0x3F	; 63
 2b8:	c7 01       	movw	r24, r14
 2ba:	b6 01       	movw	r22, r12
 2bc:	0e 94 91 05 	call	0xb22	; 0xb22 <__cmpsf2>
 2c0:	87 fd       	sbrc	r24, 7
 2c2:	47 c0       	rjmp	.+142    	; 0x352 <blink+0x236>
		__ticks = 1;
	else if (__tmp > 65535)
 2c4:	20 e0       	ldi	r18, 0x00	; 0
 2c6:	3f ef       	ldi	r19, 0xFF	; 255
 2c8:	4f e7       	ldi	r20, 0x7F	; 127
 2ca:	57 e4       	ldi	r21, 0x47	; 71
 2cc:	c7 01       	movw	r24, r14
 2ce:	b6 01       	movw	r22, r12
 2d0:	0e 94 4f 06 	call	0xc9e	; 0xc9e <__gesf2>
 2d4:	18 16       	cp	r1, r24
 2d6:	0c f0       	brlt	.+2      	; 0x2da <blink+0x1be>
 2d8:	3c c0       	rjmp	.+120    	; 0x352 <blink+0x236>
	{
		//	__ticks = requested delay in 1/10 ms
		__ticks = (uint16_t) (__ms * 10.0);
 2da:	20 e0       	ldi	r18, 0x00	; 0
 2dc:	30 e0       	ldi	r19, 0x00	; 0
 2de:	40 e2       	ldi	r20, 0x20	; 32
 2e0:	51 e4       	ldi	r21, 0x41	; 65
 2e2:	c5 01       	movw	r24, r10
 2e4:	b4 01       	movw	r22, r8
 2e6:	0e 94 54 06 	call	0xca8	; 0xca8 <__mulsf3>
 2ea:	0e 94 96 05 	call	0xb2c	; 0xb2c <__fixunssfsi>
		while(__ticks)
 2ee:	61 15       	cp	r22, r1
 2f0:	71 05       	cpc	r23, r1
 2f2:	49 f5       	brne	.+82     	; 0x346 <blink+0x22a>
			_delay_ms(delay);
			PORTB &= ~_BV(PB5);
 2f4:	2d 98       	cbi	0x05, 5	; 5
	__builtin_avr_delay_cycles(__ticks_dc);

#else
	uint16_t __ticks;
	__tmp = ((F_CPU) / 4e3) * __ms;
	if (__tmp < 1.0)
 2f6:	20 e0       	ldi	r18, 0x00	; 0
 2f8:	30 e0       	ldi	r19, 0x00	; 0
 2fa:	40 e8       	ldi	r20, 0x80	; 128
 2fc:	5f e3       	ldi	r21, 0x3F	; 63
 2fe:	c7 01       	movw	r24, r14
 300:	b6 01       	movw	r22, r12
 302:	0e 94 91 05 	call	0xb22	; 0xb22 <__cmpsf2>
 306:	87 fd       	sbrc	r24, 7
 308:	28 c0       	rjmp	.+80     	; 0x35a <blink+0x23e>
		__ticks = 1;
	else if (__tmp > 65535)
 30a:	20 e0       	ldi	r18, 0x00	; 0
 30c:	3f ef       	ldi	r19, 0xFF	; 255
 30e:	4f e7       	ldi	r20, 0x7F	; 127
 310:	57 e4       	ldi	r21, 0x47	; 71
 312:	c7 01       	movw	r24, r14
 314:	b6 01       	movw	r22, r12
 316:	0e 94 4f 06 	call	0xc9e	; 0xc9e <__gesf2>
 31a:	18 16       	cp	r1, r24
 31c:	f4 f4       	brge	.+60     	; 0x35a <blink+0x23e>
	{
		//	__ticks = requested delay in 1/10 ms
		__ticks = (uint16_t) (__ms * 10.0);
 31e:	20 e0       	ldi	r18, 0x00	; 0
 320:	30 e0       	ldi	r19, 0x00	; 0
 322:	40 e2       	ldi	r20, 0x20	; 32
 324:	51 e4       	ldi	r21, 0x41	; 65
 326:	c5 01       	movw	r24, r10
 328:	b4 01       	movw	r22, r8
 32a:	0e 94 54 06 	call	0xca8	; 0xca8 <__mulsf3>
 32e:	0e 94 96 05 	call	0xb2c	; 0xb2c <__fixunssfsi>
		while(__ticks)
 332:	61 15       	cp	r22, r1
 334:	71 05       	cpc	r23, r1
 336:	09 f4       	brne	.+2      	; 0x33a <blink+0x21e>
 338:	ba cf       	rjmp	.-140    	; 0x2ae <blink+0x192>
 33a:	c8 01       	movw	r24, r16
 33c:	01 97       	sbiw	r24, 0x01	; 1
 33e:	f1 f7       	brne	.-4      	; 0x33c <blink+0x220>
		{
			// wait 1/10 ms
			_delay_loop_2(((F_CPU) / 4e3) / 10);
			__ticks --;
 340:	61 50       	subi	r22, 0x01	; 1
 342:	71 09       	sbc	r23, r1
 344:	f6 cf       	rjmp	.-20     	; 0x332 <blink+0x216>
 346:	c8 01       	movw	r24, r16
 348:	01 97       	sbiw	r24, 0x01	; 1
 34a:	f1 f7       	brne	.-4      	; 0x348 <blink+0x22c>
 34c:	61 50       	subi	r22, 0x01	; 1
 34e:	71 09       	sbc	r23, r1
 350:	ce cf       	rjmp	.-100    	; 0x2ee <blink+0x1d2>
 352:	ce 01       	movw	r24, r28
 354:	01 97       	sbiw	r24, 0x01	; 1
 356:	f1 f7       	brne	.-4      	; 0x354 <blink+0x238>
 358:	cd cf       	rjmp	.-102    	; 0x2f4 <blink+0x1d8>
 35a:	ce 01       	movw	r24, r28
 35c:	01 97       	sbiw	r24, 0x01	; 1
 35e:	f1 f7       	brne	.-4      	; 0x35c <blink+0x240>
 360:	a6 cf       	rjmp	.-180    	; 0x2ae <blink+0x192>
			_delay_ms(delay);
		}
	}
	else if((n==0)&&(delay==0))
	{
		DDRB |= _BV(PB5);
 362:	25 9a       	sbi	0x04, 5	; 4
		if(bit_is_set(PINB,PB5))
 364:	1d 9b       	sbis	0x03, 5	; 3
 366:	02 c0       	rjmp	.+4      	; 0x36c <blink+0x250>
			PORTB &= ~_BV(PB5);
 368:	2d 98       	cbi	0x05, 5	; 5
 36a:	59 cf       	rjmp	.-334    	; 0x21e <blink+0x102>
		else
			PORTB |= _BV(PB5);
 36c:	2d 9a       	sbi	0x05, 5	; 5
	}
}
 36e:	57 cf       	rjmp	.-338    	; 0x21e <blink+0x102>

00000370 <avr_uart_init>:
#endif
#include "util/setbaud.h"

void avr_uart_init(void) 
{
    UBRR0H = UBRRH_VALUE;
 370:	10 92 c5 00 	sts	0x00C5, r1	; 0x8000c5 <__TEXT_REGION_LENGTH__+0x7f80c5>
    UBRR0L = UBRRL_VALUE;
 374:	83 e3       	ldi	r24, 0x33	; 51
 376:	80 93 c4 00 	sts	0x00C4, r24	; 0x8000c4 <__TEXT_REGION_LENGTH__+0x7f80c4>

#if USE_2X
    UCSR0A |= _BV(U2X0);
#else
    UCSR0A &= ~(_BV(U2X0));
 37a:	e0 ec       	ldi	r30, 0xC0	; 192
 37c:	f0 e0       	ldi	r31, 0x00	; 0
 37e:	80 81       	ld	r24, Z
 380:	8d 7f       	andi	r24, 0xFD	; 253
 382:	80 83       	st	Z, r24
#endif

    UCSR0C = _BV(UCSZ01) | _BV(UCSZ00); /* 8-bit data */
 384:	86 e0       	ldi	r24, 0x06	; 6
 386:	80 93 c2 00 	sts	0x00C2, r24	; 0x8000c2 <__TEXT_REGION_LENGTH__+0x7f80c2>
    UCSR0B = _BV(RXEN0) | _BV(TXEN0);   /* Enable RX and TX */
 38a:	88 e1       	ldi	r24, 0x18	; 24
 38c:	80 93 c1 00 	sts	0x00C1, r24	; 0x8000c1 <__TEXT_REGION_LENGTH__+0x7f80c1>

	stdout = &avr_uart_output;
 390:	e0 e5       	ldi	r30, 0x50	; 80
 392:	f1 e0       	ldi	r31, 0x01	; 1
 394:	8c e1       	ldi	r24, 0x1C	; 28
 396:	91 e0       	ldi	r25, 0x01	; 1
 398:	93 83       	std	Z+3, r25	; 0x03
 39a:	82 83       	std	Z+2, r24	; 0x02
    stdin  = &avr_uart_input;
 39c:	8e e0       	ldi	r24, 0x0E	; 14
 39e:	91 e0       	ldi	r25, 0x01	; 1
 3a0:	91 83       	std	Z+1, r25	; 0x01
 3a2:	80 83       	st	Z, r24

	xdev_out(avr_uart_putchar);
 3a4:	83 e5       	ldi	r24, 0x53	; 83
 3a6:	90 e0       	ldi	r25, 0x00	; 0
 3a8:	90 93 4b 01 	sts	0x014B, r25	; 0x80014b <xfunc_output+0x1>
 3ac:	80 93 4a 01 	sts	0x014A, r24	; 0x80014a <xfunc_output>
}
 3b0:	08 95       	ret

000003b2 <avr_uart_data_avaiable>:
}

// return 0 if no data available, read it if available
bool avr_uart_data_avaiable(char *data) 
{
    if (UCSR0A & (1<<RXC0)) {
 3b2:	20 91 c0 00 	lds	r18, 0x00C0	; 0x8000c0 <__TEXT_REGION_LENGTH__+0x7f80c0>
 3b6:	27 ff       	sbrs	r18, 7
 3b8:	06 c0       	rjmp	.+12     	; 0x3c6 <avr_uart_data_avaiable+0x14>
        *data = UDR0;
 3ba:	20 91 c6 00 	lds	r18, 0x00C6	; 0x8000c6 <__TEXT_REGION_LENGTH__+0x7f80c6>
 3be:	fc 01       	movw	r30, r24
 3c0:	20 83       	st	Z, r18
        return true;
 3c2:	81 e0       	ldi	r24, 0x01	; 1
 3c4:	08 95       	ret
    }
    return false;
 3c6:	80 e0       	ldi	r24, 0x00	; 0
}
 3c8:	08 95       	ret

000003ca <xfputc>:

void xfputc (			/* Put a character to the specified device */
	void(*func)(int),	/* Pointer to the output function (null:strptr) */
	int chr				/* Character to be output */
)
{
 3ca:	fc 01       	movw	r30, r24
 3cc:	cb 01       	movw	r24, r22
	if (XF_CRLF && chr == '\n') xfputc(func, '\r');	/* CR -> CRLF */

	if (func) {
 3ce:	30 97       	sbiw	r30, 0x00	; 0
 3d0:	09 f0       	breq	.+2      	; 0x3d4 <xfputc+0xa>
		func(chr);		/* Write a character to the output device */
 3d2:	09 94       	ijmp
	} else if (strptr) {
 3d4:	e0 91 44 01 	lds	r30, 0x0144	; 0x800144 <__data_end>
 3d8:	f0 91 45 01 	lds	r31, 0x0145	; 0x800145 <__data_end+0x1>
 3dc:	30 97       	sbiw	r30, 0x00	; 0
 3de:	41 f0       	breq	.+16     	; 0x3f0 <xfputc+0x26>
		 *strptr++ = chr;	/* Write a character to the memory */
 3e0:	9f 01       	movw	r18, r30
 3e2:	2f 5f       	subi	r18, 0xFF	; 255
 3e4:	3f 4f       	sbci	r19, 0xFF	; 255
 3e6:	30 93 45 01 	sts	0x0145, r19	; 0x800145 <__data_end+0x1>
 3ea:	20 93 44 01 	sts	0x0144, r18	; 0x800144 <__data_end>
 3ee:	60 83       	st	Z, r22
	}
}
 3f0:	08 95       	ret

000003f2 <xputc>:

void xputc (
	int chr				/* Character to be output */
)
{
	xfputc(xfunc_output, chr);	/* Output it to the default output device */
 3f2:	bc 01       	movw	r22, r24
 3f4:	80 91 4a 01 	lds	r24, 0x014A	; 0x80014a <xfunc_output>
 3f8:	90 91 4b 01 	lds	r25, 0x014B	; 0x80014b <xfunc_output+0x1>
 3fc:	0c 94 e5 01 	jmp	0x3ca	; 0x3ca <xfputc>

00000400 <xvfprintf>:
static void xvfprintf (
	void(*func)(int),	/* Pointer to the output function */
	const char*	fmt,	/* Pointer to the format string */
	va_list arp			/* Pointer to arguments */
)
{
 400:	2f 92       	push	r2
 402:	3f 92       	push	r3
 404:	4f 92       	push	r4
 406:	5f 92       	push	r5
 408:	6f 92       	push	r6
 40a:	7f 92       	push	r7
 40c:	8f 92       	push	r8
 40e:	9f 92       	push	r9
 410:	af 92       	push	r10
 412:	bf 92       	push	r11
 414:	cf 92       	push	r12
 416:	df 92       	push	r13
 418:	ef 92       	push	r14
 41a:	ff 92       	push	r15
 41c:	0f 93       	push	r16
 41e:	1f 93       	push	r17
 420:	cf 93       	push	r28
 422:	df 93       	push	r29
 424:	cd b7       	in	r28, 0x3d	; 61
 426:	de b7       	in	r29, 0x3e	; 62
 428:	a8 97       	sbiw	r28, 0x28	; 40
 42a:	0f b6       	in	r0, 0x3f	; 63
 42c:	f8 94       	cli
 42e:	de bf       	out	0x3e, r29	; 62
 430:	0f be       	out	0x3f, r0	; 63
 432:	cd bf       	out	0x3d, r28	; 61
 434:	2c 01       	movw	r4, r24
 436:	3b 01       	movw	r6, r22
 438:	7a 01       	movw	r14, r20
 43a:	9e 01       	movw	r18, r28
 43c:	2f 5f       	subi	r18, 0xFF	; 255
 43e:	3f 4f       	sbci	r19, 0xFF	; 255
 440:	3a a3       	std	Y+34, r19	; 0x22
 442:	29 a3       	std	Y+33, r18	; 0x21
	long v;
	unsigned long uv;
#endif

	for (;;) {
		c = *fmt++;					/* Get a format character */
 444:	d3 01       	movw	r26, r6
 446:	6c 91       	ld	r22, X
		if (!c) break;				/* End of format? */
 448:	66 23       	and	r22, r22
 44a:	09 f4       	brne	.+2      	; 0x44e <xvfprintf+0x4e>
 44c:	b5 c1       	rjmp	.+874    	; 0x7b8 <xvfprintf+0x3b8>
		if (c != '%') {				/* Pass it through if not a % sequense */
 44e:	65 32       	cpi	r22, 0x25	; 37
 450:	61 f0       	breq	.+24     	; 0x46a <xvfprintf+0x6a>
	long v;
	unsigned long uv;
#endif

	for (;;) {
		c = *fmt++;					/* Get a format character */
 452:	bf ef       	ldi	r27, 0xFF	; 255
 454:	6b 1a       	sub	r6, r27
 456:	7b 0a       	sbc	r7, r27
		if (!c) break;				/* End of format? */
		if (c != '%') {				/* Pass it through if not a % sequense */
			xfputc(func, c); continue;
 458:	06 2e       	mov	r0, r22
 45a:	00 0c       	add	r0, r0
 45c:	77 0b       	sbc	r23, r23
			while (*p) xfputc(func, *p++);		/* Value */
			while (j++ < w) xfputc(func, ' ');	/* Right pads */
			continue;
#endif
		default:					/* Unknown type (passthrough) */
			xfputc(func, c); continue;
 45e:	c2 01       	movw	r24, r4
 460:	0e 94 e5 01 	call	0x3ca	; 0x3ca <xfputc>
 464:	fc a2       	std	Y+36, r15	; 0x24
 466:	eb a2       	std	Y+35, r14	; 0x23
 468:	39 c1       	rjmp	.+626    	; 0x6dc <xvfprintf+0x2dc>
		if (c != '%') {				/* Pass it through if not a % sequense */
			xfputc(func, c); continue;
		}
		f = w = 0;			 		/* Clear parms */
		pad = ' '; prec = -1;
		c = *fmt++;					/* Get first char of the sequense */
 46a:	f3 01       	movw	r30, r6
 46c:	21 81       	ldd	r18, Z+1	; 0x01
		if (c == '0') {				/* Flag: left '0' padded */
 46e:	20 33       	cpi	r18, 0x30	; 48
 470:	09 f0       	breq	.+2      	; 0x474 <xvfprintf+0x74>
 472:	41 c0       	rjmp	.+130    	; 0x4f6 <xvfprintf+0xf6>
			pad = '0'; c = *fmt++;
 474:	33 96       	adiw	r30, 0x03	; 3
 476:	2d a3       	std	Y+37, r18	; 0x25
 478:	12 96       	adiw	r26, 0x02	; 2
 47a:	2c 91       	ld	r18, X
		c = *fmt++;					/* Get a format character */
		if (!c) break;				/* End of format? */
		if (c != '%') {				/* Pass it through if not a % sequense */
			xfputc(func, c); continue;
		}
		f = w = 0;			 		/* Clear parms */
 47c:	b1 2c       	mov	r11, r1
 47e:	a1 2c       	mov	r10, r1
 480:	31 2c       	mov	r3, r1
 482:	21 2c       	mov	r2, r1
		} else {
			if (c == '-') {			/* Flag: left justified */
				f = 2; c = *fmt++;
			}
		}
		if (c == '*') {				/* Minimum width from an argument */
 484:	2a 32       	cpi	r18, 0x2A	; 42
 486:	09 f0       	breq	.+2      	; 0x48a <xvfprintf+0x8a>
 488:	54 c0       	rjmp	.+168    	; 0x532 <xvfprintf+0x132>
			n = va_arg(arp, int);
 48a:	c7 01       	movw	r24, r14
 48c:	02 96       	adiw	r24, 0x02	; 2
 48e:	d7 01       	movw	r26, r14
 490:	2d 90       	ld	r2, X+
 492:	3c 90       	ld	r3, X
			if (n < 0) {			/* Flag: left justified */
 494:	37 fe       	sbrs	r3, 7
 496:	06 c0       	rjmp	.+12     	; 0x4a4 <xvfprintf+0xa4>
				n = 0 - n; f = 2;
 498:	31 94       	neg	r3
 49a:	21 94       	neg	r2
 49c:	31 08       	sbc	r3, r1
 49e:	22 e0       	ldi	r18, 0x02	; 2
 4a0:	a2 2e       	mov	r10, r18
 4a2:	b1 2c       	mov	r11, r1
			}
			w = n; c = *fmt++;
 4a4:	3f 01       	movw	r6, r30
 4a6:	bf ef       	ldi	r27, 0xFF	; 255
 4a8:	6b 1a       	sub	r6, r27
 4aa:	7b 0a       	sbc	r7, r27
 4ac:	20 81       	ld	r18, Z
			if (c == '-') {			/* Flag: left justified */
				f = 2; c = *fmt++;
			}
		}
		if (c == '*') {				/* Minimum width from an argument */
			n = va_arg(arp, int);
 4ae:	7c 01       	movw	r14, r24
		if (!c) break;				/* End of format? */
		if (c != '%') {				/* Pass it through if not a % sequense */
			xfputc(func, c); continue;
		}
		f = w = 0;			 		/* Clear parms */
		pad = ' '; prec = -1;
 4b0:	0f ef       	ldi	r16, 0xFF	; 255
 4b2:	1f ef       	ldi	r17, 0xFF	; 255
			while (c >= '0' && c <= '9') {	/* Minimum width */
				w = w * 10 + c - '0';
				c = *fmt++;
			}
		}
		if (c == '.') {				/* Precision */
 4b4:	2e 32       	cpi	r18, 0x2E	; 46
 4b6:	09 f0       	breq	.+2      	; 0x4ba <xvfprintf+0xba>
 4b8:	4c c0       	rjmp	.+152    	; 0x552 <xvfprintf+0x152>
			c = *fmt++;
 4ba:	d3 01       	movw	r26, r6
 4bc:	2c 91       	ld	r18, X
			if (c == '*') {				/* Precision from an argument */
 4be:	2a 32       	cpi	r18, 0x2A	; 42
 4c0:	09 f4       	brne	.+2      	; 0x4c4 <xvfprintf+0xc4>
 4c2:	3d c0       	rjmp	.+122    	; 0x53e <xvfprintf+0x13e>
				w = w * 10 + c - '0';
				c = *fmt++;
			}
		}
		if (c == '.') {				/* Precision */
			c = *fmt++;
 4c4:	f3 01       	movw	r30, r6
 4c6:	31 96       	adiw	r30, 0x01	; 1
			if (c == '*') {				/* Precision from an argument */
				prec = va_arg(arp, int);
				c = *fmt++;
			} else {
				prec = 0;
 4c8:	10 e0       	ldi	r17, 0x00	; 0
 4ca:	00 e0       	ldi	r16, 0x00	; 0
 4cc:	3f 01       	movw	r6, r30
				while (c >= '0' && c <= '9') {
 4ce:	80 ed       	ldi	r24, 0xD0	; 208
 4d0:	82 0f       	add	r24, r18
 4d2:	8a 30       	cpi	r24, 0x0A	; 10
 4d4:	08 f0       	brcs	.+2      	; 0x4d8 <xvfprintf+0xd8>
 4d6:	3d c0       	rjmp	.+122    	; 0x552 <xvfprintf+0x152>
					prec = prec * 10 + c - '0';
 4d8:	aa e0       	ldi	r26, 0x0A	; 10
 4da:	a0 9f       	mul	r26, r16
 4dc:	c0 01       	movw	r24, r0
 4de:	a1 9f       	mul	r26, r17
 4e0:	90 0d       	add	r25, r0
 4e2:	11 24       	eor	r1, r1
 4e4:	8c 01       	movw	r16, r24
 4e6:	02 0f       	add	r16, r18
 4e8:	11 1d       	adc	r17, r1
 4ea:	27 fd       	sbrc	r18, 7
 4ec:	1a 95       	dec	r17
 4ee:	00 53       	subi	r16, 0x30	; 48
 4f0:	11 09       	sbc	r17, r1
					c = *fmt++;
 4f2:	21 91       	ld	r18, Z+
 4f4:	eb cf       	rjmp	.-42     	; 0x4cc <xvfprintf+0xcc>
		pad = ' '; prec = -1;
		c = *fmt++;					/* Get first char of the sequense */
		if (c == '0') {				/* Flag: left '0' padded */
			pad = '0'; c = *fmt++;
		} else {
			if (c == '-') {			/* Flag: left justified */
 4f6:	2d 32       	cpi	r18, 0x2D	; 45
 4f8:	21 f0       	breq	.+8      	; 0x502 <xvfprintf+0x102>
		if (c != '%') {				/* Pass it through if not a % sequense */
			xfputc(func, c); continue;
		}
		f = w = 0;			 		/* Clear parms */
		pad = ' '; prec = -1;
		c = *fmt++;					/* Get first char of the sequense */
 4fa:	32 96       	adiw	r30, 0x02	; 2
		if (!c) break;				/* End of format? */
		if (c != '%') {				/* Pass it through if not a % sequense */
			xfputc(func, c); continue;
		}
		f = w = 0;			 		/* Clear parms */
		pad = ' '; prec = -1;
 4fc:	b0 e2       	ldi	r27, 0x20	; 32
 4fe:	bd a3       	std	Y+37, r27	; 0x25
 500:	bd cf       	rjmp	.-134    	; 0x47c <xvfprintf+0x7c>
		c = *fmt++;					/* Get first char of the sequense */
		if (c == '0') {				/* Flag: left '0' padded */
			pad = '0'; c = *fmt++;
		} else {
			if (c == '-') {			/* Flag: left justified */
				f = 2; c = *fmt++;
 502:	33 96       	adiw	r30, 0x03	; 3
 504:	12 96       	adiw	r26, 0x02	; 2
 506:	2c 91       	ld	r18, X
		if (!c) break;				/* End of format? */
		if (c != '%') {				/* Pass it through if not a % sequense */
			xfputc(func, c); continue;
		}
		f = w = 0;			 		/* Clear parms */
		pad = ' '; prec = -1;
 508:	b0 e2       	ldi	r27, 0x20	; 32
 50a:	bd a3       	std	Y+37, r27	; 0x25
		c = *fmt++;					/* Get first char of the sequense */
		if (c == '0') {				/* Flag: left '0' padded */
			pad = '0'; c = *fmt++;
		} else {
			if (c == '-') {			/* Flag: left justified */
				f = 2; c = *fmt++;
 50c:	32 e0       	ldi	r19, 0x02	; 2
 50e:	a3 2e       	mov	r10, r19
 510:	b1 2c       	mov	r11, r1
 512:	b6 cf       	rjmp	.-148    	; 0x480 <xvfprintf+0x80>
				n = 0 - n; f = 2;
			}
			w = n; c = *fmt++;
		} else {
			while (c >= '0' && c <= '9') {	/* Minimum width */
				w = w * 10 + c - '0';
 514:	3a e0       	ldi	r19, 0x0A	; 10
 516:	32 9d       	mul	r19, r2
 518:	c0 01       	movw	r24, r0
 51a:	33 9d       	mul	r19, r3
 51c:	90 0d       	add	r25, r0
 51e:	11 24       	eor	r1, r1
 520:	1c 01       	movw	r2, r24
 522:	22 0e       	add	r2, r18
 524:	31 1c       	adc	r3, r1
 526:	27 fd       	sbrc	r18, 7
 528:	3a 94       	dec	r3
 52a:	80 e3       	ldi	r24, 0x30	; 48
 52c:	28 1a       	sub	r2, r24
 52e:	31 08       	sbc	r3, r1
				c = *fmt++;
 530:	21 91       	ld	r18, Z+
 532:	3f 01       	movw	r6, r30
			if (n < 0) {			/* Flag: left justified */
				n = 0 - n; f = 2;
			}
			w = n; c = *fmt++;
		} else {
			while (c >= '0' && c <= '9') {	/* Minimum width */
 534:	80 ed       	ldi	r24, 0xD0	; 208
 536:	82 0f       	add	r24, r18
 538:	8a 30       	cpi	r24, 0x0A	; 10
 53a:	60 f3       	brcs	.-40     	; 0x514 <xvfprintf+0x114>
 53c:	b9 cf       	rjmp	.-142    	; 0x4b0 <xvfprintf+0xb0>
			}
		}
		if (c == '.') {				/* Precision */
			c = *fmt++;
			if (c == '*') {				/* Precision from an argument */
				prec = va_arg(arp, int);
 53e:	f7 01       	movw	r30, r14
 540:	00 81       	ld	r16, Z
 542:	11 81       	ldd	r17, Z+1	; 0x01
				c = *fmt++;
 544:	11 96       	adiw	r26, 0x01	; 1
 546:	2c 91       	ld	r18, X
			}
		}
		if (c == '.') {				/* Precision */
			c = *fmt++;
			if (c == '*') {				/* Precision from an argument */
				prec = va_arg(arp, int);
 548:	32 96       	adiw	r30, 0x02	; 2
 54a:	7f 01       	movw	r14, r30
				c = *fmt++;
 54c:	c3 01       	movw	r24, r6
 54e:	02 96       	adiw	r24, 0x02	; 2
 550:	3c 01       	movw	r6, r24
					prec = prec * 10 + c - '0';
					c = *fmt++;
				}
			}
		}
		if (c == 'l') {		/* Prefix: Size is long */
 552:	2c 36       	cpi	r18, 0x6C	; 108
 554:	39 f4       	brne	.+14     	; 0x564 <xvfprintf+0x164>
			f |= 4; c = *fmt++;
 556:	68 94       	set
 558:	a2 f8       	bld	r10, 2
 55a:	f3 01       	movw	r30, r6
 55c:	20 81       	ld	r18, Z
 55e:	c3 01       	movw	r24, r6
 560:	01 96       	adiw	r24, 0x01	; 1
 562:	3c 01       	movw	r6, r24
			if (c == 'l') {	/* Prefix: Size is long long */
				f |= 8; c = *fmt++;
			}
#endif
		}
		if (!c) break;				/* End of format? */
 564:	22 23       	and	r18, r18
 566:	09 f4       	brne	.+2      	; 0x56a <xvfprintf+0x16a>
 568:	27 c1       	rjmp	.+590    	; 0x7b8 <xvfprintf+0x3b8>
		switch (c) {				/* Type is... */
 56a:	24 36       	cpi	r18, 0x64	; 100
 56c:	09 f4       	brne	.+2      	; 0x570 <xvfprintf+0x170>
 56e:	a7 c0       	rjmp	.+334    	; 0x6be <xvfprintf+0x2be>
 570:	64 f4       	brge	.+24     	; 0x58a <xvfprintf+0x18a>
 572:	22 36       	cpi	r18, 0x62	; 98
 574:	09 f4       	brne	.+2      	; 0x578 <xvfprintf+0x178>
 576:	00 c1       	rjmp	.+512    	; 0x778 <xvfprintf+0x378>
 578:	0c f0       	brlt	.+2      	; 0x57c <xvfprintf+0x17c>
 57a:	a4 c0       	rjmp	.+328    	; 0x6c4 <xvfprintf+0x2c4>
 57c:	28 35       	cpi	r18, 0x58	; 88
 57e:	09 f4       	brne	.+2      	; 0x582 <xvfprintf+0x182>
 580:	9b c0       	rjmp	.+310    	; 0x6b8 <xvfprintf+0x2b8>
 582:	62 2f       	mov	r22, r18
 584:	22 0f       	add	r18, r18
 586:	77 0b       	sbc	r23, r23
 588:	6a cf       	rjmp	.-300    	; 0x45e <xvfprintf+0x5e>
 58a:	23 37       	cpi	r18, 0x73	; 115
 58c:	09 f4       	brne	.+2      	; 0x590 <xvfprintf+0x190>
 58e:	a9 c0       	rjmp	.+338    	; 0x6e2 <xvfprintf+0x2e2>
 590:	0c f0       	brlt	.+2      	; 0x594 <xvfprintf+0x194>
 592:	8d c0       	rjmp	.+282    	; 0x6ae <xvfprintf+0x2ae>
		case 'b':					/* Unsigned binary */
			r = 2; break;
		case 'o':					/* Unsigned octal */
			r = 8; break;
 594:	e8 e0       	ldi	r30, 0x08	; 8
 596:	f0 e0       	ldi	r31, 0x00	; 0
				f |= 8; c = *fmt++;
			}
#endif
		}
		if (!c) break;				/* End of format? */
		switch (c) {				/* Type is... */
 598:	2f 36       	cpi	r18, 0x6F	; 111
 59a:	99 f7       	brne	.-26     	; 0x582 <xvfprintf+0x182>
				v = (c == 'd') ? (long long)va_arg(arp, int) : (long long)va_arg(arp, unsigned int);
			}
		}
#else
		if (f & 4) {	/* long argument? */
			v = (long)va_arg(arp, long);
 59c:	c7 01       	movw	r24, r14
			} else {		/* int/short/char argument */
				v = (c == 'd') ? (long long)va_arg(arp, int) : (long long)va_arg(arp, unsigned int);
			}
		}
#else
		if (f & 4) {	/* long argument? */
 59e:	a2 fe       	sbrs	r10, 2
 5a0:	ee c0       	rjmp	.+476    	; 0x77e <xvfprintf+0x37e>
			v = (long)va_arg(arp, long);
 5a2:	04 96       	adiw	r24, 0x04	; 4
 5a4:	9c a3       	std	Y+36, r25	; 0x24
 5a6:	8b a3       	std	Y+35, r24	; 0x23
 5a8:	d7 01       	movw	r26, r14
 5aa:	4d 91       	ld	r20, X+
 5ac:	5d 91       	ld	r21, X+
 5ae:	6d 91       	ld	r22, X+
 5b0:	7c 91       	ld	r23, X
		} else {		/* int/short/char argument */
			v = (c == 'd') ? (long)va_arg(arp, int) : (long)va_arg(arp, unsigned int);
		}
#endif
		if (c == 'd' && v < 0) {	/* Negative value? */
 5b2:	24 36       	cpi	r18, 0x64	; 100
 5b4:	59 f4       	brne	.+22     	; 0x5cc <xvfprintf+0x1cc>
 5b6:	77 ff       	sbrs	r23, 7
 5b8:	09 c0       	rjmp	.+18     	; 0x5cc <xvfprintf+0x1cc>
			v = 0 - v; f |= 1;
 5ba:	70 95       	com	r23
 5bc:	60 95       	com	r22
 5be:	50 95       	com	r21
 5c0:	41 95       	neg	r20
 5c2:	5f 4f       	sbci	r21, 0xFF	; 255
 5c4:	6f 4f       	sbci	r22, 0xFF	; 255
 5c6:	7f 4f       	sbci	r23, 0xFF	; 255
 5c8:	68 94       	set
 5ca:	a0 f8       	bld	r10, 0
		}
		i = 0; uv = v;
 5cc:	b4 2f       	mov	r27, r20
 5ce:	a5 2f       	mov	r26, r21
 5d0:	cb 01       	movw	r24, r22
 5d2:	28 37       	cpi	r18, 0x78	; 120
 5d4:	09 f0       	breq	.+2      	; 0x5d8 <xvfprintf+0x1d8>
 5d6:	e3 c0       	rjmp	.+454    	; 0x79e <xvfprintf+0x39e>
 5d8:	27 e2       	ldi	r18, 0x27	; 39
 5da:	28 a7       	std	Y+40, r18	; 0x28
 5dc:	9e 01       	movw	r18, r28
 5de:	2f 5f       	subi	r18, 0xFF	; 255
 5e0:	3f 4f       	sbci	r19, 0xFF	; 255
 5e2:	3f a3       	std	Y+39, r19	; 0x27
 5e4:	2e a3       	std	Y+38, r18	; 0x26
 5e6:	91 2c       	mov	r9, r1
 5e8:	81 2c       	mov	r8, r1
		do {	/* Make an integer number string */
			d = (char)(uv % r); uv /= r;
 5ea:	6f 01       	movw	r12, r30
 5ec:	f1 2c       	mov	r15, r1
 5ee:	e1 2c       	mov	r14, r1
 5f0:	6b 2f       	mov	r22, r27
 5f2:	7a 2f       	mov	r23, r26
 5f4:	a7 01       	movw	r20, r14
 5f6:	96 01       	movw	r18, r12
 5f8:	0e 94 50 05 	call	0xaa0	; 0xaa0 <__udivmodsi4>
 5fc:	76 2f       	mov	r23, r22
 5fe:	b2 2f       	mov	r27, r18
 600:	a3 2f       	mov	r26, r19
 602:	ca 01       	movw	r24, r20
			if (d > 9) d += (c == 'x') ? 0x27 : 0x07;
 604:	6a 30       	cpi	r22, 0x0A	; 10
 606:	14 f0       	brlt	.+4      	; 0x60c <xvfprintf+0x20c>
 608:	78 a5       	ldd	r23, Y+40	; 0x28
 60a:	76 0f       	add	r23, r22
			str[i++] = d + '0';
 60c:	84 01       	movw	r16, r8
 60e:	0f 5f       	subi	r16, 0xFF	; 255
 610:	1f 4f       	sbci	r17, 0xFF	; 255
 612:	60 e3       	ldi	r22, 0x30	; 48
 614:	67 0f       	add	r22, r23
 616:	ee a1       	ldd	r30, Y+38	; 0x26
 618:	ff a1       	ldd	r31, Y+39	; 0x27
 61a:	61 93       	st	Z+, r22
 61c:	ff a3       	std	Y+39, r31	; 0x27
 61e:	ee a3       	std	Y+38, r30	; 0x26
		} while (uv != 0 && i < sizeof str);
 620:	23 2b       	or	r18, r19
 622:	24 2b       	or	r18, r20
 624:	25 2b       	or	r18, r21
 626:	39 f0       	breq	.+14     	; 0x636 <xvfprintf+0x236>
 628:	00 32       	cpi	r16, 0x20	; 32
 62a:	11 05       	cpc	r17, r1
 62c:	09 f0       	breq	.+2      	; 0x630 <xvfprintf+0x230>
 62e:	ba c0       	rjmp	.+372    	; 0x7a4 <xvfprintf+0x3a4>
 630:	8f e1       	ldi	r24, 0x1F	; 31
 632:	88 2e       	mov	r8, r24
 634:	91 2c       	mov	r9, r1
		if (f & 1) str[i++] = '-';					/* Sign */
 636:	a0 fe       	sbrs	r10, 0
 638:	0b c0       	rjmp	.+22     	; 0x650 <xvfprintf+0x250>
 63a:	e1 e0       	ldi	r30, 0x01	; 1
 63c:	f0 e0       	ldi	r31, 0x00	; 0
 63e:	ec 0f       	add	r30, r28
 640:	fd 1f       	adc	r31, r29
 642:	e0 0f       	add	r30, r16
 644:	f1 1f       	adc	r31, r17
 646:	2d e2       	ldi	r18, 0x2D	; 45
 648:	20 83       	st	Z, r18
 64a:	84 01       	movw	r16, r8
 64c:	0e 5f       	subi	r16, 0xFE	; 254
 64e:	1f 4f       	sbci	r17, 0xFF	; 255
		for (j = i; !(f & 2) && j < w; j++) xfputc(func, pad);	/* Left pads */
 650:	78 01       	movw	r14, r16
 652:	32 e0       	ldi	r19, 0x02	; 2
 654:	a3 22       	and	r10, r19
 656:	bb 24       	eor	r11, r11
 658:	8d a1       	ldd	r24, Y+37	; 0x25
 65a:	88 2e       	mov	r8, r24
 65c:	88 0f       	add	r24, r24
 65e:	99 08       	sbc	r9, r9
 660:	a1 14       	cp	r10, r1
 662:	b1 04       	cpc	r11, r1
 664:	21 f4       	brne	.+8      	; 0x66e <xvfprintf+0x26e>
 666:	e2 14       	cp	r14, r2
 668:	f3 04       	cpc	r15, r3
 66a:	08 f4       	brcc	.+2      	; 0x66e <xvfprintf+0x26e>
 66c:	9d c0       	rjmp	.+314    	; 0x7a8 <xvfprintf+0x3a8>
 66e:	a1 e0       	ldi	r26, 0x01	; 1
 670:	b0 e0       	ldi	r27, 0x00	; 0
 672:	ac 0f       	add	r26, r28
 674:	bd 1f       	adc	r27, r29
 676:	0a 0f       	add	r16, r26
 678:	1b 1f       	adc	r17, r27
		do xfputc(func, str[--i]); while (i != 0);	/* Value */
 67a:	f8 01       	movw	r30, r16
 67c:	62 91       	ld	r22, -Z
 67e:	8f 01       	movw	r16, r30
 680:	06 2e       	mov	r0, r22
 682:	00 0c       	add	r0, r0
 684:	77 0b       	sbc	r23, r23
 686:	c2 01       	movw	r24, r4
 688:	0e 94 e5 01 	call	0x3ca	; 0x3ca <xfputc>
 68c:	29 a1       	ldd	r18, Y+33	; 0x21
 68e:	3a a1       	ldd	r19, Y+34	; 0x22
 690:	20 17       	cp	r18, r16
 692:	31 07       	cpc	r19, r17
 694:	91 f7       	brne	.-28     	; 0x67a <xvfprintf+0x27a>
		while (j++ < w) xfputc(func, ' ');			/* Right pads */
 696:	e2 14       	cp	r14, r2
 698:	f3 04       	cpc	r15, r3
 69a:	00 f5       	brcc	.+64     	; 0x6dc <xvfprintf+0x2dc>
 69c:	60 e2       	ldi	r22, 0x20	; 32
 69e:	70 e0       	ldi	r23, 0x00	; 0
 6a0:	c2 01       	movw	r24, r4
 6a2:	0e 94 e5 01 	call	0x3ca	; 0x3ca <xfputc>
 6a6:	3f ef       	ldi	r19, 0xFF	; 255
 6a8:	e3 1a       	sub	r14, r19
 6aa:	f3 0a       	sbc	r15, r19
 6ac:	f4 cf       	rjmp	.-24     	; 0x696 <xvfprintf+0x296>
				f |= 8; c = *fmt++;
			}
#endif
		}
		if (!c) break;				/* End of format? */
		switch (c) {				/* Type is... */
 6ae:	25 37       	cpi	r18, 0x75	; 117
 6b0:	31 f0       	breq	.+12     	; 0x6be <xvfprintf+0x2be>
 6b2:	28 37       	cpi	r18, 0x78	; 120
 6b4:	09 f0       	breq	.+2      	; 0x6b8 <xvfprintf+0x2b8>
 6b6:	65 cf       	rjmp	.-310    	; 0x582 <xvfprintf+0x182>
		case 'd':					/* Signed decimal */
		case 'u':					/* Unsigned decimal */
			r = 10; break;
		case 'x':					/* Hexdecimal (lower case) */
		case 'X':					/* Hexdecimal (upper case) */
			r = 16; break;
 6b8:	e0 e1       	ldi	r30, 0x10	; 16
 6ba:	f0 e0       	ldi	r31, 0x00	; 0
 6bc:	6f cf       	rjmp	.-290    	; 0x59c <xvfprintf+0x19c>
			r = 2; break;
		case 'o':					/* Unsigned octal */
			r = 8; break;
		case 'd':					/* Signed decimal */
		case 'u':					/* Unsigned decimal */
			r = 10; break;
 6be:	ea e0       	ldi	r30, 0x0A	; 10
 6c0:	f0 e0       	ldi	r31, 0x00	; 0
 6c2:	6c cf       	rjmp	.-296    	; 0x59c <xvfprintf+0x19c>
		case 'x':					/* Hexdecimal (lower case) */
		case 'X':					/* Hexdecimal (upper case) */
			r = 16; break;
		case 'c':					/* A character */
			xfputc(func, (char)va_arg(arp, int)); continue;
 6c4:	d7 01       	movw	r26, r14
 6c6:	12 96       	adiw	r26, 0x02	; 2
 6c8:	bc a3       	std	Y+36, r27	; 0x24
 6ca:	ab a3       	std	Y+35, r26	; 0x23
 6cc:	f7 01       	movw	r30, r14
 6ce:	60 81       	ld	r22, Z
 6d0:	06 2e       	mov	r0, r22
 6d2:	00 0c       	add	r0, r0
 6d4:	77 0b       	sbc	r23, r23
 6d6:	c2 01       	movw	r24, r4
 6d8:	0e 94 e5 01 	call	0x3ca	; 0x3ca <xfputc>
			while (*p) xfputc(func, *p++);		/* Value */
			while (j++ < w) xfputc(func, ' ');	/* Right pads */
			continue;
#endif
		default:					/* Unknown type (passthrough) */
			xfputc(func, c); continue;
 6dc:	eb a0       	ldd	r14, Y+35	; 0x23
 6de:	fc a0       	ldd	r15, Y+36	; 0x24
 6e0:	b1 ce       	rjmp	.-670    	; 0x444 <xvfprintf+0x44>
		case 'X':					/* Hexdecimal (upper case) */
			r = 16; break;
		case 'c':					/* A character */
			xfputc(func, (char)va_arg(arp, int)); continue;
		case 's':					/* String */
			p = va_arg(arp, char*);		/* Get a pointer argument */
 6e2:	97 01       	movw	r18, r14
 6e4:	2e 5f       	subi	r18, 0xFE	; 254
 6e6:	3f 4f       	sbci	r19, 0xFF	; 255
 6e8:	3c a3       	std	Y+36, r19	; 0x24
 6ea:	2b a3       	std	Y+35, r18	; 0x23
 6ec:	d7 01       	movw	r26, r14
 6ee:	cd 90       	ld	r12, X+
 6f0:	dc 90       	ld	r13, X
			if (!p) p = "";				/* Null ptr generates a null string */
 6f2:	c1 14       	cp	r12, r1
 6f4:	d1 04       	cpc	r13, r1
 6f6:	21 f4       	brne	.+8      	; 0x700 <xvfprintf+0x300>
 6f8:	96 e3       	ldi	r25, 0x36	; 54
 6fa:	c9 2e       	mov	r12, r25
 6fc:	91 e0       	ldi	r25, 0x01	; 1
 6fe:	d9 2e       	mov	r13, r25
			j = strlen(p);
 700:	c6 01       	movw	r24, r12
 702:	0e 94 e9 06 	call	0xdd2	; 0xdd2 <strlen>
 706:	7c 01       	movw	r14, r24
			if (prec >= 0 && j > (unsigned int)prec) j = prec;	/* Limited length of string body */
 708:	17 fd       	sbrc	r17, 7
 70a:	04 c0       	rjmp	.+8      	; 0x714 <xvfprintf+0x314>
 70c:	08 17       	cp	r16, r24
 70e:	19 07       	cpc	r17, r25
 710:	08 f4       	brcc	.+2      	; 0x714 <xvfprintf+0x314>
 712:	78 01       	movw	r14, r16
			for ( ; !(f & 2) && j < w; j++) xfputc(func, pad);	/* Left pads */
 714:	e2 e0       	ldi	r30, 0x02	; 2
 716:	ae 22       	and	r10, r30
 718:	bb 24       	eor	r11, r11
 71a:	fd a1       	ldd	r31, Y+37	; 0x25
 71c:	8f 2e       	mov	r8, r31
 71e:	ff 0f       	add	r31, r31
 720:	99 08       	sbc	r9, r9
 722:	07 c0       	rjmp	.+14     	; 0x732 <xvfprintf+0x332>
 724:	b4 01       	movw	r22, r8
 726:	c2 01       	movw	r24, r4
 728:	0e 94 e5 01 	call	0x3ca	; 0x3ca <xfputc>
 72c:	bf ef       	ldi	r27, 0xFF	; 255
 72e:	eb 1a       	sub	r14, r27
 730:	fb 0a       	sbc	r15, r27
 732:	a1 14       	cp	r10, r1
 734:	b1 04       	cpc	r11, r1
 736:	19 f4       	brne	.+6      	; 0x73e <xvfprintf+0x33e>
 738:	e2 14       	cp	r14, r2
 73a:	f3 04       	cpc	r15, r3
 73c:	98 f3       	brcs	.-26     	; 0x724 <xvfprintf+0x324>
			while (*p && prec--) xfputc(func, *p++);/* String body */
 73e:	d6 01       	movw	r26, r12
 740:	6d 91       	ld	r22, X+
 742:	6d 01       	movw	r12, r26
 744:	66 23       	and	r22, r22
 746:	19 f0       	breq	.+6      	; 0x74e <xvfprintf+0x34e>
 748:	01 15       	cp	r16, r1
 74a:	11 05       	cpc	r17, r1
 74c:	61 f4       	brne	.+24     	; 0x766 <xvfprintf+0x366>
			while (j++ < w) xfputc(func, ' ');		/* Right pads */
 74e:	e2 14       	cp	r14, r2
 750:	f3 04       	cpc	r15, r3
 752:	20 f6       	brcc	.-120    	; 0x6dc <xvfprintf+0x2dc>
 754:	60 e2       	ldi	r22, 0x20	; 32
 756:	70 e0       	ldi	r23, 0x00	; 0
 758:	c2 01       	movw	r24, r4
 75a:	0e 94 e5 01 	call	0x3ca	; 0x3ca <xfputc>
 75e:	bf ef       	ldi	r27, 0xFF	; 255
 760:	eb 1a       	sub	r14, r27
 762:	fb 0a       	sbc	r15, r27
 764:	f4 cf       	rjmp	.-24     	; 0x74e <xvfprintf+0x34e>
			p = va_arg(arp, char*);		/* Get a pointer argument */
			if (!p) p = "";				/* Null ptr generates a null string */
			j = strlen(p);
			if (prec >= 0 && j > (unsigned int)prec) j = prec;	/* Limited length of string body */
			for ( ; !(f & 2) && j < w; j++) xfputc(func, pad);	/* Left pads */
			while (*p && prec--) xfputc(func, *p++);/* String body */
 766:	06 2e       	mov	r0, r22
 768:	00 0c       	add	r0, r0
 76a:	77 0b       	sbc	r23, r23
 76c:	c2 01       	movw	r24, r4
 76e:	0e 94 e5 01 	call	0x3ca	; 0x3ca <xfputc>
 772:	01 50       	subi	r16, 0x01	; 1
 774:	11 09       	sbc	r17, r1
 776:	e3 cf       	rjmp	.-58     	; 0x73e <xvfprintf+0x33e>
#endif
		}
		if (!c) break;				/* End of format? */
		switch (c) {				/* Type is... */
		case 'b':					/* Unsigned binary */
			r = 2; break;
 778:	e2 e0       	ldi	r30, 0x02	; 2
 77a:	f0 e0       	ldi	r31, 0x00	; 0
 77c:	0f cf       	rjmp	.-482    	; 0x59c <xvfprintf+0x19c>
 77e:	02 96       	adiw	r24, 0x02	; 2
 780:	9c a3       	std	Y+36, r25	; 0x24
 782:	8b a3       	std	Y+35, r24	; 0x23
		}
#else
		if (f & 4) {	/* long argument? */
			v = (long)va_arg(arp, long);
		} else {		/* int/short/char argument */
			v = (c == 'd') ? (long)va_arg(arp, int) : (long)va_arg(arp, unsigned int);
 784:	d7 01       	movw	r26, r14
 786:	4d 91       	ld	r20, X+
 788:	5c 91       	ld	r21, X
 78a:	70 e0       	ldi	r23, 0x00	; 0
 78c:	60 e0       	ldi	r22, 0x00	; 0
 78e:	24 36       	cpi	r18, 0x64	; 100
 790:	09 f0       	breq	.+2      	; 0x794 <xvfprintf+0x394>
 792:	1c cf       	rjmp	.-456    	; 0x5cc <xvfprintf+0x1cc>
 794:	05 2e       	mov	r0, r21
 796:	00 0c       	add	r0, r0
 798:	66 0b       	sbc	r22, r22
 79a:	77 0b       	sbc	r23, r23
 79c:	0c cf       	rjmp	.-488    	; 0x5b6 <xvfprintf+0x1b6>
 79e:	37 e0       	ldi	r19, 0x07	; 7
 7a0:	38 a7       	std	Y+40, r19	; 0x28
 7a2:	1c cf       	rjmp	.-456    	; 0x5dc <xvfprintf+0x1dc>
 7a4:	48 01       	movw	r8, r16
 7a6:	24 cf       	rjmp	.-440    	; 0x5f0 <xvfprintf+0x1f0>
			d = (char)(uv % r); uv /= r;
			if (d > 9) d += (c == 'x') ? 0x27 : 0x07;
			str[i++] = d + '0';
		} while (uv != 0 && i < sizeof str);
		if (f & 1) str[i++] = '-';					/* Sign */
		for (j = i; !(f & 2) && j < w; j++) xfputc(func, pad);	/* Left pads */
 7a8:	b4 01       	movw	r22, r8
 7aa:	c2 01       	movw	r24, r4
 7ac:	0e 94 e5 01 	call	0x3ca	; 0x3ca <xfputc>
 7b0:	9f ef       	ldi	r25, 0xFF	; 255
 7b2:	e9 1a       	sub	r14, r25
 7b4:	f9 0a       	sbc	r15, r25
 7b6:	54 cf       	rjmp	.-344    	; 0x660 <xvfprintf+0x260>
		do xfputc(func, str[--i]); while (i != 0);	/* Value */
		while (j++ < w) xfputc(func, ' ');			/* Right pads */
	}
}
 7b8:	a8 96       	adiw	r28, 0x28	; 40
 7ba:	0f b6       	in	r0, 0x3f	; 63
 7bc:	f8 94       	cli
 7be:	de bf       	out	0x3e, r29	; 62
 7c0:	0f be       	out	0x3f, r0	; 63
 7c2:	cd bf       	out	0x3d, r28	; 61
 7c4:	df 91       	pop	r29
 7c6:	cf 91       	pop	r28
 7c8:	1f 91       	pop	r17
 7ca:	0f 91       	pop	r16
 7cc:	ff 90       	pop	r15
 7ce:	ef 90       	pop	r14
 7d0:	df 90       	pop	r13
 7d2:	cf 90       	pop	r12
 7d4:	bf 90       	pop	r11
 7d6:	af 90       	pop	r10
 7d8:	9f 90       	pop	r9
 7da:	8f 90       	pop	r8
 7dc:	7f 90       	pop	r7
 7de:	6f 90       	pop	r6
 7e0:	5f 90       	pop	r5
 7e2:	4f 90       	pop	r4
 7e4:	3f 90       	pop	r3
 7e6:	2f 90       	pop	r2
 7e8:	08 95       	ret

000007ea <xfputs>:

void xfputs (			/* Put a string to the specified device */
	void(*func)(int),	/* Pointer to the output function */
	const char*	str		/* Pointer to the string */
)
{
 7ea:	0f 93       	push	r16
 7ec:	1f 93       	push	r17
 7ee:	cf 93       	push	r28
 7f0:	df 93       	push	r29
 7f2:	8c 01       	movw	r16, r24
 7f4:	eb 01       	movw	r28, r22
	while (*str) {			/* Put the string */
 7f6:	69 91       	ld	r22, Y+
 7f8:	61 11       	cpse	r22, r1
 7fa:	05 c0       	rjmp	.+10     	; 0x806 <__DATA_REGION_LENGTH__+0x6>
		xfputc(func, *str++);
	}
}
 7fc:	df 91       	pop	r29
 7fe:	cf 91       	pop	r28
 800:	1f 91       	pop	r17
 802:	0f 91       	pop	r16
 804:	08 95       	ret
	void(*func)(int),	/* Pointer to the output function */
	const char*	str		/* Pointer to the string */
)
{
	while (*str) {			/* Put the string */
		xfputc(func, *str++);
 806:	06 2e       	mov	r0, r22
 808:	00 0c       	add	r0, r0
 80a:	77 0b       	sbc	r23, r23
 80c:	c8 01       	movw	r24, r16
 80e:	0e 94 e5 01 	call	0x3ca	; 0x3ca <xfputc>
 812:	f1 cf       	rjmp	.-30     	; 0x7f6 <xfputs+0xc>

00000814 <xputs>:

void xputs (			/* Put a string to the default device */
	const char* str		/* Pointer to the string */
)
{
	xfputs(xfunc_output, str);
 814:	bc 01       	movw	r22, r24
 816:	80 91 4a 01 	lds	r24, 0x014A	; 0x80014a <xfunc_output>
 81a:	90 91 4b 01 	lds	r25, 0x014B	; 0x80014b <xfunc_output+0x1>
 81e:	0c 94 f5 03 	jmp	0x7ea	; 0x7ea <xfputs>

00000822 <xprintf>:

void xprintf (			/* Put a formatted string to the default device */
	const char*	fmt,	/* Pointer to the format string */
	...					/* Optional arguments */
)
{
 822:	cf 93       	push	r28
 824:	df 93       	push	r29
 826:	cd b7       	in	r28, 0x3d	; 61
 828:	de b7       	in	r29, 0x3e	; 62
 82a:	ae 01       	movw	r20, r28
 82c:	4b 5f       	subi	r20, 0xFB	; 251
 82e:	5f 4f       	sbci	r21, 0xFF	; 255
 830:	fa 01       	movw	r30, r20
 832:	61 91       	ld	r22, Z+
 834:	71 91       	ld	r23, Z+
 836:	af 01       	movw	r20, r30
	va_list arp;


	va_start(arp, fmt);
	xvfprintf(xfunc_output, fmt, arp);
 838:	80 91 4a 01 	lds	r24, 0x014A	; 0x80014a <xfunc_output>
 83c:	90 91 4b 01 	lds	r25, 0x014B	; 0x80014b <xfunc_output+0x1>
 840:	0e 94 00 02 	call	0x400	; 0x400 <xvfprintf>
	va_end(arp);
}
 844:	df 91       	pop	r29
 846:	cf 91       	pop	r28
 848:	08 95       	ret

0000084a <xfprintf>:
void xfprintf (			/* Put a formatted string to the specified device */
	void(*func)(int),	/* Pointer to the output function */
	const char*	fmt,	/* Pointer to the format string */
	...					/* Optional arguments */
)
{
 84a:	cf 93       	push	r28
 84c:	df 93       	push	r29
 84e:	cd b7       	in	r28, 0x3d	; 61
 850:	de b7       	in	r29, 0x3e	; 62
	va_list arp;


	va_start(arp, fmt);
	xvfprintf(func, fmt, arp);
 852:	ae 01       	movw	r20, r28
 854:	47 5f       	subi	r20, 0xF7	; 247
 856:	5f 4f       	sbci	r21, 0xFF	; 255
 858:	6f 81       	ldd	r22, Y+7	; 0x07
 85a:	78 85       	ldd	r23, Y+8	; 0x08
 85c:	8d 81       	ldd	r24, Y+5	; 0x05
 85e:	9e 81       	ldd	r25, Y+6	; 0x06
 860:	0e 94 00 02 	call	0x400	; 0x400 <xvfprintf>
	va_end(arp);
}
 864:	df 91       	pop	r29
 866:	cf 91       	pop	r28
 868:	08 95       	ret

0000086a <xsprintf>:
void xsprintf (			/* Put a formatted string to the memory */
	char* buff,			/* Pointer to the output buffer */
	const char*	fmt,	/* Pointer to the format string */
	...					/* Optional arguments */
)
{
 86a:	cf 93       	push	r28
 86c:	df 93       	push	r29
 86e:	cd b7       	in	r28, 0x3d	; 61
 870:	de b7       	in	r29, 0x3e	; 62
	va_list arp;


	strptr = buff;		/* Enable destination for memory */
 872:	8d 81       	ldd	r24, Y+5	; 0x05
 874:	9e 81       	ldd	r25, Y+6	; 0x06
 876:	90 93 45 01 	sts	0x0145, r25	; 0x800145 <__data_end+0x1>
 87a:	80 93 44 01 	sts	0x0144, r24	; 0x800144 <__data_end>
	va_start(arp, fmt);
	xvfprintf(0, fmt, arp);
 87e:	ae 01       	movw	r20, r28
 880:	47 5f       	subi	r20, 0xF7	; 247
 882:	5f 4f       	sbci	r21, 0xFF	; 255
 884:	6f 81       	ldd	r22, Y+7	; 0x07
 886:	78 85       	ldd	r23, Y+8	; 0x08
 888:	90 e0       	ldi	r25, 0x00	; 0
 88a:	80 e0       	ldi	r24, 0x00	; 0
 88c:	0e 94 00 02 	call	0x400	; 0x400 <xvfprintf>
	va_end(arp);
	*strptr = 0;		/* Terminate output string */
 890:	e0 91 44 01 	lds	r30, 0x0144	; 0x800144 <__data_end>
 894:	f0 91 45 01 	lds	r31, 0x0145	; 0x800145 <__data_end+0x1>
 898:	10 82       	st	Z, r1
	strptr = 0;			/* Disable destination for memory */
 89a:	10 92 45 01 	sts	0x0145, r1	; 0x800145 <__data_end+0x1>
 89e:	10 92 44 01 	sts	0x0144, r1	; 0x800144 <__data_end>
}
 8a2:	df 91       	pop	r29
 8a4:	cf 91       	pop	r28
 8a6:	08 95       	ret

000008a8 <delayMs>:
uint8_t timer1Counter = 0;

void delayMs(uint16_t t)
{
    uint16_t i;
    for(i=0;i<t;i++)
 8a8:	30 e0       	ldi	r19, 0x00	; 0
 8aa:	20 e0       	ldi	r18, 0x00	; 0
 8ac:	48 ee       	ldi	r20, 0xE8	; 232
 8ae:	53 e0       	ldi	r21, 0x03	; 3
 8b0:	28 17       	cp	r18, r24
 8b2:	39 07       	cpc	r19, r25
 8b4:	09 f4       	brne	.+2      	; 0x8b8 <delayMs+0x10>
        _delay_loop_2(250*4);
}
 8b6:	08 95       	ret
 8b8:	fa 01       	movw	r30, r20
 8ba:	31 97       	sbiw	r30, 0x01	; 1
 8bc:	f1 f7       	brne	.-4      	; 0x8ba <delayMs+0x12>
uint8_t timer1Counter = 0;

void delayMs(uint16_t t)
{
    uint16_t i;
    for(i=0;i<t;i++)
 8be:	2f 5f       	subi	r18, 0xFF	; 255
 8c0:	3f 4f       	sbci	r19, 0xFF	; 255
 8c2:	f6 cf       	rjmp	.-20     	; 0x8b0 <delayMs+0x8>

000008c4 <__vector_13>:
        _delay_loop_2(250*4);
}

ISR(TIMER1_OVF_vect)
{
 8c4:	1f 92       	push	r1
 8c6:	0f 92       	push	r0
 8c8:	0f b6       	in	r0, 0x3f	; 63
 8ca:	0f 92       	push	r0
 8cc:	11 24       	eor	r1, r1
 8ce:	8f 93       	push	r24
    if(timer1Flag)
 8d0:	80 91 48 01 	lds	r24, 0x0148	; 0x800148 <timer1Flag>
 8d4:	88 23       	and	r24, r24
 8d6:	29 f0       	breq	.+10     	; 0x8e2 <__vector_13+0x1e>
        timer1Counter++;
 8d8:	80 91 46 01 	lds	r24, 0x0146	; 0x800146 <timer1Counter>
 8dc:	8f 5f       	subi	r24, 0xFF	; 255
 8de:	80 93 46 01 	sts	0x0146, r24	; 0x800146 <timer1Counter>
}
 8e2:	8f 91       	pop	r24
 8e4:	0f 90       	pop	r0
 8e6:	0f be       	out	0x3f, r0	; 63
 8e8:	0f 90       	pop	r0
 8ea:	1f 90       	pop	r1
 8ec:	18 95       	reti

000008ee <__vector_10>:

ISR(TIMER1_CAPT_vect)
{
 8ee:	1f 92       	push	r1
 8f0:	0f 92       	push	r0
 8f2:	0f b6       	in	r0, 0x3f	; 63
 8f4:	0f 92       	push	r0
 8f6:	11 24       	eor	r1, r1
 8f8:	8f 93       	push	r24
 8fa:	9f 93       	push	r25
    static uint8_t cnt = 0;
    if(cnt == 0)
 8fc:	80 91 49 01 	lds	r24, 0x0149	; 0x800149 <cnt.1550>
 900:	81 11       	cpse	r24, r1
 902:	14 c0       	rjmp	.+40     	; 0x92c <__stack+0x2d>
    {
        timer1Value[0] = ICR1;
 904:	80 91 86 00 	lds	r24, 0x0086	; 0x800086 <__TEXT_REGION_LENGTH__+0x7f8086>
 908:	90 91 87 00 	lds	r25, 0x0087	; 0x800087 <__TEXT_REGION_LENGTH__+0x7f8087>
 90c:	90 93 4d 01 	sts	0x014D, r25	; 0x80014d <timer1Value+0x1>
 910:	80 93 4c 01 	sts	0x014C, r24	; 0x80014c <timer1Value>
        cnt++;
 914:	81 e0       	ldi	r24, 0x01	; 1
 916:	80 93 49 01 	sts	0x0149, r24	; 0x800149 <cnt.1550>
        timer1Flag = 1;
 91a:	80 93 48 01 	sts	0x0148, r24	; 0x800148 <timer1Flag>
        cnt = 0;
        timer1Value[1] = ICR1;
        TIMSK1 &= ~_BV(ICIE1);
        timer1CaptureFlag = 1;
    }
}
 91e:	9f 91       	pop	r25
 920:	8f 91       	pop	r24
 922:	0f 90       	pop	r0
 924:	0f be       	out	0x3f, r0	; 63
 926:	0f 90       	pop	r0
 928:	1f 90       	pop	r1
 92a:	18 95       	reti
        cnt++;
        timer1Flag = 1;
    }
    else 
    {
        cnt = 0;
 92c:	10 92 49 01 	sts	0x0149, r1	; 0x800149 <cnt.1550>
        timer1Value[1] = ICR1;
 930:	80 91 86 00 	lds	r24, 0x0086	; 0x800086 <__TEXT_REGION_LENGTH__+0x7f8086>
 934:	90 91 87 00 	lds	r25, 0x0087	; 0x800087 <__TEXT_REGION_LENGTH__+0x7f8087>
 938:	90 93 4f 01 	sts	0x014F, r25	; 0x80014f <timer1Value+0x3>
 93c:	80 93 4e 01 	sts	0x014E, r24	; 0x80014e <timer1Value+0x2>
        TIMSK1 &= ~_BV(ICIE1);
 940:	80 91 6f 00 	lds	r24, 0x006F	; 0x80006f <__TEXT_REGION_LENGTH__+0x7f806f>
 944:	8f 7d       	andi	r24, 0xDF	; 223
 946:	80 93 6f 00 	sts	0x006F, r24	; 0x80006f <__TEXT_REGION_LENGTH__+0x7f806f>
        timer1CaptureFlag = 1;
 94a:	81 e0       	ldi	r24, 0x01	; 1
 94c:	80 93 47 01 	sts	0x0147, r24	; 0x800147 <timer1CaptureFlag>
    }
}
 950:	e6 cf       	rjmp	.-52     	; 0x91e <__stack+0x1f>

00000952 <IOInit>:

void IOInit(void)
{
    DDRB |= _BV(PB3);
 952:	23 9a       	sbi	0x04, 3	; 4
    PORTB |= _BV(PB3);
 954:	2b 9a       	sbi	0x05, 3	; 5
    DDRB &= ~_BV(PB0);
 956:	20 98       	cbi	0x04, 0	; 4
    PORTB |= _BV(PB0);
 958:	28 9a       	sbi	0x05, 0	; 5
    TCCR1B |= _BV(CS10);
 95a:	e1 e8       	ldi	r30, 0x81	; 129
 95c:	f0 e0       	ldi	r31, 0x00	; 0
 95e:	80 81       	ld	r24, Z
 960:	81 60       	ori	r24, 0x01	; 1
 962:	80 83       	st	Z, r24
    TCCR1B &= ~_BV(ICES1);
 964:	80 81       	ld	r24, Z
 966:	8f 7b       	andi	r24, 0xBF	; 191
 968:	80 83       	st	Z, r24
    TIMSK1 |= _BV(TOIE1);
 96a:	ef e6       	ldi	r30, 0x6F	; 111
 96c:	f0 e0       	ldi	r31, 0x00	; 0
 96e:	80 81       	ld	r24, Z
 970:	81 60       	ori	r24, 0x01	; 1
 972:	80 83       	st	Z, r24
    TCCR2B |= _BV(CS22);
 974:	e1 eb       	ldi	r30, 0xB1	; 177
 976:	f0 e0       	ldi	r31, 0x00	; 0
 978:	80 81       	ld	r24, Z
 97a:	84 60       	ori	r24, 0x04	; 4
 97c:	80 83       	st	Z, r24
    TCCR2A |= _BV(WGM21);
 97e:	e0 eb       	ldi	r30, 0xB0	; 176
 980:	f0 e0       	ldi	r31, 0x00	; 0
 982:	80 81       	ld	r24, Z
 984:	82 60       	ori	r24, 0x02	; 2
 986:	80 83       	st	Z, r24
    TCCR2A |= _BV(COM2A0);
 988:	80 81       	ld	r24, Z
 98a:	80 64       	ori	r24, 0x40	; 64
 98c:	80 83       	st	Z, r24
}
 98e:	08 95       	ret

00000990 <main>:

int main(void) 
{
    avr_uart_init();
 990:	0e 94 b8 01 	call	0x370	; 0x370 <avr_uart_init>
    uint8_t i = 0;
    long t1;
    cli();
 994:	f8 94       	cli
    IOInit();
 996:	0e 94 a9 04 	call	0x952	; 0x952 <IOInit>
    sei();
 99a:	78 94       	sei
    while(1)
    {
        for(i=0;i<250;i+=5)
        {
            OCR2A = i;
            t1 = 8000000/(2*64*(1+i));
 99c:	81 2c       	mov	r8, r1
 99e:	92 e1       	ldi	r25, 0x12	; 18
 9a0:	99 2e       	mov	r9, r25
 9a2:	9a e7       	ldi	r25, 0x7A	; 122
 9a4:	a9 2e       	mov	r10, r25
 9a6:	b1 2c       	mov	r11, r1
            xprintf("T/C2: %u hz\t",t1);
 9a8:	2a e2       	ldi	r18, 0x2A	; 42
 9aa:	62 2e       	mov	r6, r18
 9ac:	21 e0       	ldi	r18, 0x01	; 1
 9ae:	72 2e       	mov	r7, r18
                t1 = 0xffff*(timer1Counter - 1);
                t1 += (0xffff - timer1Value[0]);
                t1 += timer1Value[1];
            }
            t1 = 8000000/t1;
            xprintf("ICP1: %u hz\n",t1);
 9b0:	07 e3       	ldi	r16, 0x37	; 55
 9b2:	11 e0       	ldi	r17, 0x01	; 1
    TCCR2A |= _BV(WGM21);
    TCCR2A |= _BV(COM2A0);
}

int main(void) 
{
 9b4:	80 e8       	ldi	r24, 0x80	; 128
 9b6:	c8 2e       	mov	r12, r24
 9b8:	d1 2c       	mov	r13, r1
 9ba:	e1 2c       	mov	r14, r1
 9bc:	f1 2c       	mov	r15, r1
    cli();
    IOInit();
    sei();
    while(1)
    {
        for(i=0;i<250;i+=5)
 9be:	c0 e0       	ldi	r28, 0x00	; 0
        {
            OCR2A = i;
 9c0:	c0 93 b3 00 	sts	0x00B3, r28	; 0x8000b3 <__TEXT_REGION_LENGTH__+0x7f80b3>
            t1 = 8000000/(2*64*(1+i));
 9c4:	c5 01       	movw	r24, r10
 9c6:	b4 01       	movw	r22, r8
 9c8:	a7 01       	movw	r20, r14
 9ca:	96 01       	movw	r18, r12
 9cc:	0e 94 72 05 	call	0xae4	; 0xae4 <__divmodsi4>
            xprintf("T/C2: %u hz\t",t1);
 9d0:	5f 93       	push	r21
 9d2:	4f 93       	push	r20
 9d4:	3f 93       	push	r19
 9d6:	2f 93       	push	r18
 9d8:	7f 92       	push	r7
 9da:	6f 92       	push	r6
 9dc:	0e 94 11 04 	call	0x822	; 0x822 <xprintf>
            timer1Counter = 0;
 9e0:	10 92 46 01 	sts	0x0146, r1	; 0x800146 <timer1Counter>
            timer1Flag = 0;
 9e4:	10 92 48 01 	sts	0x0148, r1	; 0x800148 <timer1Flag>
            TIMSK1 |= _BV(ICIE1);
 9e8:	80 91 6f 00 	lds	r24, 0x006F	; 0x80006f <__TEXT_REGION_LENGTH__+0x7f806f>
 9ec:	80 62       	ori	r24, 0x20	; 32
 9ee:	80 93 6f 00 	sts	0x006F, r24	; 0x80006f <__TEXT_REGION_LENGTH__+0x7f806f>
            while(timer1CaptureFlag == 0)
 9f2:	0f 90       	pop	r0
 9f4:	0f 90       	pop	r0
 9f6:	0f 90       	pop	r0
 9f8:	0f 90       	pop	r0
 9fa:	0f 90       	pop	r0
 9fc:	0f 90       	pop	r0
 9fe:	80 91 47 01 	lds	r24, 0x0147	; 0x800147 <timer1CaptureFlag>
 a02:	88 23       	and	r24, r24
 a04:	a1 f1       	breq	.+104    	; 0xa6e <main+0xde>
                delayMs(1);
            timer1CaptureFlag = 0;
 a06:	10 92 47 01 	sts	0x0147, r1	; 0x800147 <timer1CaptureFlag>
            if(timer1Counter == 0)
 a0a:	40 91 46 01 	lds	r20, 0x0146	; 0x800146 <timer1Counter>
 a0e:	80 91 4c 01 	lds	r24, 0x014C	; 0x80014c <timer1Value>
 a12:	90 91 4d 01 	lds	r25, 0x014D	; 0x80014d <timer1Value+0x1>
 a16:	60 91 4e 01 	lds	r22, 0x014E	; 0x80014e <timer1Value+0x2>
 a1a:	70 91 4f 01 	lds	r23, 0x014F	; 0x80014f <timer1Value+0x3>
 a1e:	41 11       	cpse	r20, r1
 a20:	2b c0       	rjmp	.+86     	; 0xa78 <main+0xe8>
            {
                t1 = timer1Value[1] - timer1Value[0];
 a22:	68 1b       	sub	r22, r24
 a24:	79 0b       	sbc	r23, r25
 a26:	9b 01       	movw	r18, r22
 a28:	50 e0       	ldi	r21, 0x00	; 0
 a2a:	40 e0       	ldi	r20, 0x00	; 0
            {
                t1 = 0xffff*(timer1Counter - 1);
                t1 += (0xffff - timer1Value[0]);
                t1 += timer1Value[1];
            }
            t1 = 8000000/t1;
 a2c:	c5 01       	movw	r24, r10
 a2e:	b4 01       	movw	r22, r8
 a30:	0e 94 72 05 	call	0xae4	; 0xae4 <__divmodsi4>
            xprintf("ICP1: %u hz\n",t1);
 a34:	5f 93       	push	r21
 a36:	4f 93       	push	r20
 a38:	3f 93       	push	r19
 a3a:	2f 93       	push	r18
 a3c:	1f 93       	push	r17
 a3e:	0f 93       	push	r16
 a40:	0e 94 11 04 	call	0x822	; 0x822 <xprintf>
            delayMs(3000);
 a44:	88 eb       	ldi	r24, 0xB8	; 184
 a46:	9b e0       	ldi	r25, 0x0B	; 11
 a48:	0e 94 54 04 	call	0x8a8	; 0x8a8 <delayMs>
    cli();
    IOInit();
    sei();
    while(1)
    {
        for(i=0;i<250;i+=5)
 a4c:	cb 5f       	subi	r28, 0xFB	; 251
 a4e:	80 e8       	ldi	r24, 0x80	; 128
 a50:	c8 0e       	add	r12, r24
 a52:	82 e0       	ldi	r24, 0x02	; 2
 a54:	d8 1e       	adc	r13, r24
 a56:	e1 1c       	adc	r14, r1
 a58:	f1 1c       	adc	r15, r1
 a5a:	0f 90       	pop	r0
 a5c:	0f 90       	pop	r0
 a5e:	0f 90       	pop	r0
 a60:	0f 90       	pop	r0
 a62:	0f 90       	pop	r0
 a64:	0f 90       	pop	r0
 a66:	ca 3f       	cpi	r28, 0xFA	; 250
 a68:	09 f0       	breq	.+2      	; 0xa6c <main+0xdc>
 a6a:	aa cf       	rjmp	.-172    	; 0x9c0 <main+0x30>
 a6c:	a3 cf       	rjmp	.-186    	; 0x9b4 <main+0x24>
            xprintf("T/C2: %u hz\t",t1);
            timer1Counter = 0;
            timer1Flag = 0;
            TIMSK1 |= _BV(ICIE1);
            while(timer1CaptureFlag == 0)
                delayMs(1);
 a6e:	81 e0       	ldi	r24, 0x01	; 1
 a70:	90 e0       	ldi	r25, 0x00	; 0
 a72:	0e 94 54 04 	call	0x8a8	; 0x8a8 <delayMs>
 a76:	c3 cf       	rjmp	.-122    	; 0x9fe <main+0x6e>
            {
                t1 = timer1Value[1] - timer1Value[0];
            }
            else
            {
                t1 = 0xffff*(timer1Counter - 1);
 a78:	41 50       	subi	r20, 0x01	; 1
 a7a:	55 0b       	sbc	r21, r21
 a7c:	51 95       	neg	r21
 a7e:	41 95       	neg	r20
 a80:	51 09       	sbc	r21, r1
                t1 += (0xffff - timer1Value[0]);
 a82:	80 95       	com	r24
 a84:	90 95       	com	r25
 a86:	b0 e0       	ldi	r27, 0x00	; 0
 a88:	a0 e0       	ldi	r26, 0x00	; 0
 a8a:	84 0f       	add	r24, r20
 a8c:	95 1f       	adc	r25, r21
 a8e:	a1 1d       	adc	r26, r1
 a90:	b1 1d       	adc	r27, r1
                t1 += timer1Value[1];
 a92:	9c 01       	movw	r18, r24
 a94:	ad 01       	movw	r20, r26
 a96:	26 0f       	add	r18, r22
 a98:	37 1f       	adc	r19, r23
 a9a:	41 1d       	adc	r20, r1
 a9c:	51 1d       	adc	r21, r1
 a9e:	c6 cf       	rjmp	.-116    	; 0xa2c <main+0x9c>

00000aa0 <__udivmodsi4>:
 aa0:	a1 e2       	ldi	r26, 0x21	; 33
 aa2:	1a 2e       	mov	r1, r26
 aa4:	aa 1b       	sub	r26, r26
 aa6:	bb 1b       	sub	r27, r27
 aa8:	fd 01       	movw	r30, r26
 aaa:	0d c0       	rjmp	.+26     	; 0xac6 <__udivmodsi4_ep>

00000aac <__udivmodsi4_loop>:
 aac:	aa 1f       	adc	r26, r26
 aae:	bb 1f       	adc	r27, r27
 ab0:	ee 1f       	adc	r30, r30
 ab2:	ff 1f       	adc	r31, r31
 ab4:	a2 17       	cp	r26, r18
 ab6:	b3 07       	cpc	r27, r19
 ab8:	e4 07       	cpc	r30, r20
 aba:	f5 07       	cpc	r31, r21
 abc:	20 f0       	brcs	.+8      	; 0xac6 <__udivmodsi4_ep>
 abe:	a2 1b       	sub	r26, r18
 ac0:	b3 0b       	sbc	r27, r19
 ac2:	e4 0b       	sbc	r30, r20
 ac4:	f5 0b       	sbc	r31, r21

00000ac6 <__udivmodsi4_ep>:
 ac6:	66 1f       	adc	r22, r22
 ac8:	77 1f       	adc	r23, r23
 aca:	88 1f       	adc	r24, r24
 acc:	99 1f       	adc	r25, r25
 ace:	1a 94       	dec	r1
 ad0:	69 f7       	brne	.-38     	; 0xaac <__udivmodsi4_loop>
 ad2:	60 95       	com	r22
 ad4:	70 95       	com	r23
 ad6:	80 95       	com	r24
 ad8:	90 95       	com	r25
 ada:	9b 01       	movw	r18, r22
 adc:	ac 01       	movw	r20, r24
 ade:	bd 01       	movw	r22, r26
 ae0:	cf 01       	movw	r24, r30
 ae2:	08 95       	ret

00000ae4 <__divmodsi4>:
 ae4:	05 2e       	mov	r0, r21
 ae6:	97 fb       	bst	r25, 7
 ae8:	1e f4       	brtc	.+6      	; 0xaf0 <__divmodsi4+0xc>
 aea:	00 94       	com	r0
 aec:	0e 94 89 05 	call	0xb12	; 0xb12 <__negsi2>
 af0:	57 fd       	sbrc	r21, 7
 af2:	07 d0       	rcall	.+14     	; 0xb02 <__divmodsi4_neg2>
 af4:	0e 94 50 05 	call	0xaa0	; 0xaa0 <__udivmodsi4>
 af8:	07 fc       	sbrc	r0, 7
 afa:	03 d0       	rcall	.+6      	; 0xb02 <__divmodsi4_neg2>
 afc:	4e f4       	brtc	.+18     	; 0xb10 <__divmodsi4_exit>
 afe:	0c 94 89 05 	jmp	0xb12	; 0xb12 <__negsi2>

00000b02 <__divmodsi4_neg2>:
 b02:	50 95       	com	r21
 b04:	40 95       	com	r20
 b06:	30 95       	com	r19
 b08:	21 95       	neg	r18
 b0a:	3f 4f       	sbci	r19, 0xFF	; 255
 b0c:	4f 4f       	sbci	r20, 0xFF	; 255
 b0e:	5f 4f       	sbci	r21, 0xFF	; 255

00000b10 <__divmodsi4_exit>:
 b10:	08 95       	ret

00000b12 <__negsi2>:
 b12:	90 95       	com	r25
 b14:	80 95       	com	r24
 b16:	70 95       	com	r23
 b18:	61 95       	neg	r22
 b1a:	7f 4f       	sbci	r23, 0xFF	; 255
 b1c:	8f 4f       	sbci	r24, 0xFF	; 255
 b1e:	9f 4f       	sbci	r25, 0xFF	; 255
 b20:	08 95       	ret

00000b22 <__cmpsf2>:
 b22:	0e 94 02 06 	call	0xc04	; 0xc04 <__fp_cmp>
 b26:	08 f4       	brcc	.+2      	; 0xb2a <__cmpsf2+0x8>
 b28:	81 e0       	ldi	r24, 0x01	; 1
 b2a:	08 95       	ret

00000b2c <__fixunssfsi>:
 b2c:	0e 94 2e 06 	call	0xc5c	; 0xc5c <__fp_splitA>
 b30:	88 f0       	brcs	.+34     	; 0xb54 <__fixunssfsi+0x28>
 b32:	9f 57       	subi	r25, 0x7F	; 127
 b34:	98 f0       	brcs	.+38     	; 0xb5c <__fixunssfsi+0x30>
 b36:	b9 2f       	mov	r27, r25
 b38:	99 27       	eor	r25, r25
 b3a:	b7 51       	subi	r27, 0x17	; 23
 b3c:	b0 f0       	brcs	.+44     	; 0xb6a <__fixunssfsi+0x3e>
 b3e:	e1 f0       	breq	.+56     	; 0xb78 <__fixunssfsi+0x4c>
 b40:	66 0f       	add	r22, r22
 b42:	77 1f       	adc	r23, r23
 b44:	88 1f       	adc	r24, r24
 b46:	99 1f       	adc	r25, r25
 b48:	1a f0       	brmi	.+6      	; 0xb50 <__fixunssfsi+0x24>
 b4a:	ba 95       	dec	r27
 b4c:	c9 f7       	brne	.-14     	; 0xb40 <__fixunssfsi+0x14>
 b4e:	14 c0       	rjmp	.+40     	; 0xb78 <__fixunssfsi+0x4c>
 b50:	b1 30       	cpi	r27, 0x01	; 1
 b52:	91 f0       	breq	.+36     	; 0xb78 <__fixunssfsi+0x4c>
 b54:	0e 94 48 06 	call	0xc90	; 0xc90 <__fp_zero>
 b58:	b1 e0       	ldi	r27, 0x01	; 1
 b5a:	08 95       	ret
 b5c:	0c 94 48 06 	jmp	0xc90	; 0xc90 <__fp_zero>
 b60:	67 2f       	mov	r22, r23
 b62:	78 2f       	mov	r23, r24
 b64:	88 27       	eor	r24, r24
 b66:	b8 5f       	subi	r27, 0xF8	; 248
 b68:	39 f0       	breq	.+14     	; 0xb78 <__fixunssfsi+0x4c>
 b6a:	b9 3f       	cpi	r27, 0xF9	; 249
 b6c:	cc f3       	brlt	.-14     	; 0xb60 <__fixunssfsi+0x34>
 b6e:	86 95       	lsr	r24
 b70:	77 95       	ror	r23
 b72:	67 95       	ror	r22
 b74:	b3 95       	inc	r27
 b76:	d9 f7       	brne	.-10     	; 0xb6e <__fixunssfsi+0x42>
 b78:	3e f4       	brtc	.+14     	; 0xb88 <__fixunssfsi+0x5c>
 b7a:	90 95       	com	r25
 b7c:	80 95       	com	r24
 b7e:	70 95       	com	r23
 b80:	61 95       	neg	r22
 b82:	7f 4f       	sbci	r23, 0xFF	; 255
 b84:	8f 4f       	sbci	r24, 0xFF	; 255
 b86:	9f 4f       	sbci	r25, 0xFF	; 255
 b88:	08 95       	ret

00000b8a <__floatunsisf>:
 b8a:	e8 94       	clt
 b8c:	09 c0       	rjmp	.+18     	; 0xba0 <__floatsisf+0x12>

00000b8e <__floatsisf>:
 b8e:	97 fb       	bst	r25, 7
 b90:	3e f4       	brtc	.+14     	; 0xba0 <__floatsisf+0x12>
 b92:	90 95       	com	r25
 b94:	80 95       	com	r24
 b96:	70 95       	com	r23
 b98:	61 95       	neg	r22
 b9a:	7f 4f       	sbci	r23, 0xFF	; 255
 b9c:	8f 4f       	sbci	r24, 0xFF	; 255
 b9e:	9f 4f       	sbci	r25, 0xFF	; 255
 ba0:	99 23       	and	r25, r25
 ba2:	a9 f0       	breq	.+42     	; 0xbce <__floatsisf+0x40>
 ba4:	f9 2f       	mov	r31, r25
 ba6:	96 e9       	ldi	r25, 0x96	; 150
 ba8:	bb 27       	eor	r27, r27
 baa:	93 95       	inc	r25
 bac:	f6 95       	lsr	r31
 bae:	87 95       	ror	r24
 bb0:	77 95       	ror	r23
 bb2:	67 95       	ror	r22
 bb4:	b7 95       	ror	r27
 bb6:	f1 11       	cpse	r31, r1
 bb8:	f8 cf       	rjmp	.-16     	; 0xbaa <__floatsisf+0x1c>
 bba:	fa f4       	brpl	.+62     	; 0xbfa <__floatsisf+0x6c>
 bbc:	bb 0f       	add	r27, r27
 bbe:	11 f4       	brne	.+4      	; 0xbc4 <__floatsisf+0x36>
 bc0:	60 ff       	sbrs	r22, 0
 bc2:	1b c0       	rjmp	.+54     	; 0xbfa <__floatsisf+0x6c>
 bc4:	6f 5f       	subi	r22, 0xFF	; 255
 bc6:	7f 4f       	sbci	r23, 0xFF	; 255
 bc8:	8f 4f       	sbci	r24, 0xFF	; 255
 bca:	9f 4f       	sbci	r25, 0xFF	; 255
 bcc:	16 c0       	rjmp	.+44     	; 0xbfa <__floatsisf+0x6c>
 bce:	88 23       	and	r24, r24
 bd0:	11 f0       	breq	.+4      	; 0xbd6 <__floatsisf+0x48>
 bd2:	96 e9       	ldi	r25, 0x96	; 150
 bd4:	11 c0       	rjmp	.+34     	; 0xbf8 <__floatsisf+0x6a>
 bd6:	77 23       	and	r23, r23
 bd8:	21 f0       	breq	.+8      	; 0xbe2 <__floatsisf+0x54>
 bda:	9e e8       	ldi	r25, 0x8E	; 142
 bdc:	87 2f       	mov	r24, r23
 bde:	76 2f       	mov	r23, r22
 be0:	05 c0       	rjmp	.+10     	; 0xbec <__floatsisf+0x5e>
 be2:	66 23       	and	r22, r22
 be4:	71 f0       	breq	.+28     	; 0xc02 <__floatsisf+0x74>
 be6:	96 e8       	ldi	r25, 0x86	; 134
 be8:	86 2f       	mov	r24, r22
 bea:	70 e0       	ldi	r23, 0x00	; 0
 bec:	60 e0       	ldi	r22, 0x00	; 0
 bee:	2a f0       	brmi	.+10     	; 0xbfa <__floatsisf+0x6c>
 bf0:	9a 95       	dec	r25
 bf2:	66 0f       	add	r22, r22
 bf4:	77 1f       	adc	r23, r23
 bf6:	88 1f       	adc	r24, r24
 bf8:	da f7       	brpl	.-10     	; 0xbf0 <__floatsisf+0x62>
 bfa:	88 0f       	add	r24, r24
 bfc:	96 95       	lsr	r25
 bfe:	87 95       	ror	r24
 c00:	97 f9       	bld	r25, 7
 c02:	08 95       	ret

00000c04 <__fp_cmp>:
 c04:	99 0f       	add	r25, r25
 c06:	00 08       	sbc	r0, r0
 c08:	55 0f       	add	r21, r21
 c0a:	aa 0b       	sbc	r26, r26
 c0c:	e0 e8       	ldi	r30, 0x80	; 128
 c0e:	fe ef       	ldi	r31, 0xFE	; 254
 c10:	16 16       	cp	r1, r22
 c12:	17 06       	cpc	r1, r23
 c14:	e8 07       	cpc	r30, r24
 c16:	f9 07       	cpc	r31, r25
 c18:	c0 f0       	brcs	.+48     	; 0xc4a <__fp_cmp+0x46>
 c1a:	12 16       	cp	r1, r18
 c1c:	13 06       	cpc	r1, r19
 c1e:	e4 07       	cpc	r30, r20
 c20:	f5 07       	cpc	r31, r21
 c22:	98 f0       	brcs	.+38     	; 0xc4a <__fp_cmp+0x46>
 c24:	62 1b       	sub	r22, r18
 c26:	73 0b       	sbc	r23, r19
 c28:	84 0b       	sbc	r24, r20
 c2a:	95 0b       	sbc	r25, r21
 c2c:	39 f4       	brne	.+14     	; 0xc3c <__fp_cmp+0x38>
 c2e:	0a 26       	eor	r0, r26
 c30:	61 f0       	breq	.+24     	; 0xc4a <__fp_cmp+0x46>
 c32:	23 2b       	or	r18, r19
 c34:	24 2b       	or	r18, r20
 c36:	25 2b       	or	r18, r21
 c38:	21 f4       	brne	.+8      	; 0xc42 <__fp_cmp+0x3e>
 c3a:	08 95       	ret
 c3c:	0a 26       	eor	r0, r26
 c3e:	09 f4       	brne	.+2      	; 0xc42 <__fp_cmp+0x3e>
 c40:	a1 40       	sbci	r26, 0x01	; 1
 c42:	a6 95       	lsr	r26
 c44:	8f ef       	ldi	r24, 0xFF	; 255
 c46:	81 1d       	adc	r24, r1
 c48:	81 1d       	adc	r24, r1
 c4a:	08 95       	ret

00000c4c <__fp_split3>:
 c4c:	57 fd       	sbrc	r21, 7
 c4e:	90 58       	subi	r25, 0x80	; 128
 c50:	44 0f       	add	r20, r20
 c52:	55 1f       	adc	r21, r21
 c54:	59 f0       	breq	.+22     	; 0xc6c <__fp_splitA+0x10>
 c56:	5f 3f       	cpi	r21, 0xFF	; 255
 c58:	71 f0       	breq	.+28     	; 0xc76 <__fp_splitA+0x1a>
 c5a:	47 95       	ror	r20

00000c5c <__fp_splitA>:
 c5c:	88 0f       	add	r24, r24
 c5e:	97 fb       	bst	r25, 7
 c60:	99 1f       	adc	r25, r25
 c62:	61 f0       	breq	.+24     	; 0xc7c <__fp_splitA+0x20>
 c64:	9f 3f       	cpi	r25, 0xFF	; 255
 c66:	79 f0       	breq	.+30     	; 0xc86 <__fp_splitA+0x2a>
 c68:	87 95       	ror	r24
 c6a:	08 95       	ret
 c6c:	12 16       	cp	r1, r18
 c6e:	13 06       	cpc	r1, r19
 c70:	14 06       	cpc	r1, r20
 c72:	55 1f       	adc	r21, r21
 c74:	f2 cf       	rjmp	.-28     	; 0xc5a <__fp_split3+0xe>
 c76:	46 95       	lsr	r20
 c78:	f1 df       	rcall	.-30     	; 0xc5c <__fp_splitA>
 c7a:	08 c0       	rjmp	.+16     	; 0xc8c <__fp_splitA+0x30>
 c7c:	16 16       	cp	r1, r22
 c7e:	17 06       	cpc	r1, r23
 c80:	18 06       	cpc	r1, r24
 c82:	99 1f       	adc	r25, r25
 c84:	f1 cf       	rjmp	.-30     	; 0xc68 <__fp_splitA+0xc>
 c86:	86 95       	lsr	r24
 c88:	71 05       	cpc	r23, r1
 c8a:	61 05       	cpc	r22, r1
 c8c:	08 94       	sec
 c8e:	08 95       	ret

00000c90 <__fp_zero>:
 c90:	e8 94       	clt

00000c92 <__fp_szero>:
 c92:	bb 27       	eor	r27, r27
 c94:	66 27       	eor	r22, r22
 c96:	77 27       	eor	r23, r23
 c98:	cb 01       	movw	r24, r22
 c9a:	97 f9       	bld	r25, 7
 c9c:	08 95       	ret

00000c9e <__gesf2>:
 c9e:	0e 94 02 06 	call	0xc04	; 0xc04 <__fp_cmp>
 ca2:	08 f4       	brcc	.+2      	; 0xca6 <__gesf2+0x8>
 ca4:	8f ef       	ldi	r24, 0xFF	; 255
 ca6:	08 95       	ret

00000ca8 <__mulsf3>:
 ca8:	0e 94 67 06 	call	0xcce	; 0xcce <__mulsf3x>
 cac:	0c 94 d8 06 	jmp	0xdb0	; 0xdb0 <__fp_round>
 cb0:	0e 94 ca 06 	call	0xd94	; 0xd94 <__fp_pscA>
 cb4:	38 f0       	brcs	.+14     	; 0xcc4 <__mulsf3+0x1c>
 cb6:	0e 94 d1 06 	call	0xda2	; 0xda2 <__fp_pscB>
 cba:	20 f0       	brcs	.+8      	; 0xcc4 <__mulsf3+0x1c>
 cbc:	95 23       	and	r25, r21
 cbe:	11 f0       	breq	.+4      	; 0xcc4 <__mulsf3+0x1c>
 cc0:	0c 94 c1 06 	jmp	0xd82	; 0xd82 <__fp_inf>
 cc4:	0c 94 c7 06 	jmp	0xd8e	; 0xd8e <__fp_nan>
 cc8:	11 24       	eor	r1, r1
 cca:	0c 94 49 06 	jmp	0xc92	; 0xc92 <__fp_szero>

00000cce <__mulsf3x>:
 cce:	0e 94 26 06 	call	0xc4c	; 0xc4c <__fp_split3>
 cd2:	70 f3       	brcs	.-36     	; 0xcb0 <__mulsf3+0x8>

00000cd4 <__mulsf3_pse>:
 cd4:	95 9f       	mul	r25, r21
 cd6:	c1 f3       	breq	.-16     	; 0xcc8 <__mulsf3+0x20>
 cd8:	95 0f       	add	r25, r21
 cda:	50 e0       	ldi	r21, 0x00	; 0
 cdc:	55 1f       	adc	r21, r21
 cde:	62 9f       	mul	r22, r18
 ce0:	f0 01       	movw	r30, r0
 ce2:	72 9f       	mul	r23, r18
 ce4:	bb 27       	eor	r27, r27
 ce6:	f0 0d       	add	r31, r0
 ce8:	b1 1d       	adc	r27, r1
 cea:	63 9f       	mul	r22, r19
 cec:	aa 27       	eor	r26, r26
 cee:	f0 0d       	add	r31, r0
 cf0:	b1 1d       	adc	r27, r1
 cf2:	aa 1f       	adc	r26, r26
 cf4:	64 9f       	mul	r22, r20
 cf6:	66 27       	eor	r22, r22
 cf8:	b0 0d       	add	r27, r0
 cfa:	a1 1d       	adc	r26, r1
 cfc:	66 1f       	adc	r22, r22
 cfe:	82 9f       	mul	r24, r18
 d00:	22 27       	eor	r18, r18
 d02:	b0 0d       	add	r27, r0
 d04:	a1 1d       	adc	r26, r1
 d06:	62 1f       	adc	r22, r18
 d08:	73 9f       	mul	r23, r19
 d0a:	b0 0d       	add	r27, r0
 d0c:	a1 1d       	adc	r26, r1
 d0e:	62 1f       	adc	r22, r18
 d10:	83 9f       	mul	r24, r19
 d12:	a0 0d       	add	r26, r0
 d14:	61 1d       	adc	r22, r1
 d16:	22 1f       	adc	r18, r18
 d18:	74 9f       	mul	r23, r20
 d1a:	33 27       	eor	r19, r19
 d1c:	a0 0d       	add	r26, r0
 d1e:	61 1d       	adc	r22, r1
 d20:	23 1f       	adc	r18, r19
 d22:	84 9f       	mul	r24, r20
 d24:	60 0d       	add	r22, r0
 d26:	21 1d       	adc	r18, r1
 d28:	82 2f       	mov	r24, r18
 d2a:	76 2f       	mov	r23, r22
 d2c:	6a 2f       	mov	r22, r26
 d2e:	11 24       	eor	r1, r1
 d30:	9f 57       	subi	r25, 0x7F	; 127
 d32:	50 40       	sbci	r21, 0x00	; 0
 d34:	9a f0       	brmi	.+38     	; 0xd5c <__mulsf3_pse+0x88>
 d36:	f1 f0       	breq	.+60     	; 0xd74 <__mulsf3_pse+0xa0>
 d38:	88 23       	and	r24, r24
 d3a:	4a f0       	brmi	.+18     	; 0xd4e <__mulsf3_pse+0x7a>
 d3c:	ee 0f       	add	r30, r30
 d3e:	ff 1f       	adc	r31, r31
 d40:	bb 1f       	adc	r27, r27
 d42:	66 1f       	adc	r22, r22
 d44:	77 1f       	adc	r23, r23
 d46:	88 1f       	adc	r24, r24
 d48:	91 50       	subi	r25, 0x01	; 1
 d4a:	50 40       	sbci	r21, 0x00	; 0
 d4c:	a9 f7       	brne	.-22     	; 0xd38 <__mulsf3_pse+0x64>
 d4e:	9e 3f       	cpi	r25, 0xFE	; 254
 d50:	51 05       	cpc	r21, r1
 d52:	80 f0       	brcs	.+32     	; 0xd74 <__mulsf3_pse+0xa0>
 d54:	0c 94 c1 06 	jmp	0xd82	; 0xd82 <__fp_inf>
 d58:	0c 94 49 06 	jmp	0xc92	; 0xc92 <__fp_szero>
 d5c:	5f 3f       	cpi	r21, 0xFF	; 255
 d5e:	e4 f3       	brlt	.-8      	; 0xd58 <__mulsf3_pse+0x84>
 d60:	98 3e       	cpi	r25, 0xE8	; 232
 d62:	d4 f3       	brlt	.-12     	; 0xd58 <__mulsf3_pse+0x84>
 d64:	86 95       	lsr	r24
 d66:	77 95       	ror	r23
 d68:	67 95       	ror	r22
 d6a:	b7 95       	ror	r27
 d6c:	f7 95       	ror	r31
 d6e:	e7 95       	ror	r30
 d70:	9f 5f       	subi	r25, 0xFF	; 255
 d72:	c1 f7       	brne	.-16     	; 0xd64 <__mulsf3_pse+0x90>
 d74:	fe 2b       	or	r31, r30
 d76:	88 0f       	add	r24, r24
 d78:	91 1d       	adc	r25, r1
 d7a:	96 95       	lsr	r25
 d7c:	87 95       	ror	r24
 d7e:	97 f9       	bld	r25, 7
 d80:	08 95       	ret

00000d82 <__fp_inf>:
 d82:	97 f9       	bld	r25, 7
 d84:	9f 67       	ori	r25, 0x7F	; 127
 d86:	80 e8       	ldi	r24, 0x80	; 128
 d88:	70 e0       	ldi	r23, 0x00	; 0
 d8a:	60 e0       	ldi	r22, 0x00	; 0
 d8c:	08 95       	ret

00000d8e <__fp_nan>:
 d8e:	9f ef       	ldi	r25, 0xFF	; 255
 d90:	80 ec       	ldi	r24, 0xC0	; 192
 d92:	08 95       	ret

00000d94 <__fp_pscA>:
 d94:	00 24       	eor	r0, r0
 d96:	0a 94       	dec	r0
 d98:	16 16       	cp	r1, r22
 d9a:	17 06       	cpc	r1, r23
 d9c:	18 06       	cpc	r1, r24
 d9e:	09 06       	cpc	r0, r25
 da0:	08 95       	ret

00000da2 <__fp_pscB>:
 da2:	00 24       	eor	r0, r0
 da4:	0a 94       	dec	r0
 da6:	12 16       	cp	r1, r18
 da8:	13 06       	cpc	r1, r19
 daa:	14 06       	cpc	r1, r20
 dac:	05 06       	cpc	r0, r21
 dae:	08 95       	ret

00000db0 <__fp_round>:
 db0:	09 2e       	mov	r0, r25
 db2:	03 94       	inc	r0
 db4:	00 0c       	add	r0, r0
 db6:	11 f4       	brne	.+4      	; 0xdbc <__fp_round+0xc>
 db8:	88 23       	and	r24, r24
 dba:	52 f0       	brmi	.+20     	; 0xdd0 <__fp_round+0x20>
 dbc:	bb 0f       	add	r27, r27
 dbe:	40 f4       	brcc	.+16     	; 0xdd0 <__fp_round+0x20>
 dc0:	bf 2b       	or	r27, r31
 dc2:	11 f4       	brne	.+4      	; 0xdc8 <__fp_round+0x18>
 dc4:	60 ff       	sbrs	r22, 0
 dc6:	04 c0       	rjmp	.+8      	; 0xdd0 <__fp_round+0x20>
 dc8:	6f 5f       	subi	r22, 0xFF	; 255
 dca:	7f 4f       	sbci	r23, 0xFF	; 255
 dcc:	8f 4f       	sbci	r24, 0xFF	; 255
 dce:	9f 4f       	sbci	r25, 0xFF	; 255
 dd0:	08 95       	ret

00000dd2 <strlen>:
 dd2:	fc 01       	movw	r30, r24
 dd4:	01 90       	ld	r0, Z+
 dd6:	00 20       	and	r0, r0
 dd8:	e9 f7       	brne	.-6      	; 0xdd4 <strlen+0x2>
 dda:	80 95       	com	r24
 ddc:	90 95       	com	r25
 dde:	8e 0f       	add	r24, r30
 de0:	9f 1f       	adc	r25, r31
 de2:	08 95       	ret

00000de4 <_exit>:
 de4:	f8 94       	cli

00000de6 <__stop_program>:
 de6:	ff cf       	rjmp	.-2      	; 0xde6 <__stop_program>
